{"/home/nineleaps/medicine_adherence_frnt/assests/Medstick_1.png": {"path":"/home/nineleaps/medicine_adherence_frnt/assests/Medstick_1.png","statementMap":{"0":{"start":{"line":1,"column":0},"end":{"line":4,"column":6}}},"fnMap":{},"branchMap":{},"s":{"0":2},"f":{},"b":{},"inputSourceMap":null,"_coverageSchema":"1a1c01bbd47fc00a2c39e90264f33305004495a9","hash":"a8e2d757b6eef166ff3041d9943d5354720faa42"}
,"/home/nineleaps/medicine_adherence_frnt/src/logger.tsx": {"path":"/home/nineleaps/medicine_adherence_frnt/src/logger.tsx","statementMap":{"0":{"start":{"line":2,"column":12},"end":{"line":2,"column":33}},"1":{"start":{"line":4,"column":2},"end":{"line":4,"column":17}},"2":{"start":{"line":7,"column":2},"end":{"line":7,"column":18}},"3":{"start":{"line":10,"column":2},"end":{"line":10,"column":18}},"4":{"start":{"line":13,"column":2},"end":{"line":13,"column":17}},"5":{"start":{"line":15,"column":15},"end":{"line":20,"column":1}}},"fnMap":{"0":{"name":"loggerInfo","decl":{"start":{"line":3,"column":9},"end":{"line":3,"column":19}},"loc":{"start":{"line":3,"column":26},"end":{"line":5,"column":1}},"line":3},"1":{"name":"loggerDebug","decl":{"start":{"line":6,"column":9},"end":{"line":6,"column":20}},"loc":{"start":{"line":6,"column":27},"end":{"line":8,"column":1}},"line":6},"2":{"name":"loggerError","decl":{"start":{"line":9,"column":9},"end":{"line":9,"column":20}},"loc":{"start":{"line":9,"column":27},"end":{"line":11,"column":1}},"line":9},"3":{"name":"loggerWarn","decl":{"start":{"line":12,"column":9},"end":{"line":12,"column":19}},"loc":{"start":{"line":12,"column":26},"end":{"line":14,"column":1}},"line":12}},"branchMap":{},"s":{"0":1,"1":1,"2":0,"3":1,"4":0,"5":1},"f":{"0":1,"1":0,"2":1,"3":0},"b":{},"_coverageSchema":"1a1c01bbd47fc00a2c39e90264f33305004495a9","hash":"171d526a1e0271b0e79e7ed1d6a5da29dade91aa"}
,"/home/nineleaps/medicine_adherence_frnt/src/components/organisms/medicineTime.tsx": {"path":"/home/nineleaps/medicine_adherence_frnt/src/components/organisms/medicineTime.tsx","statementMap":{"0":{"start":{"line":6,"column":19},"end":{"line":38,"column":1}},"1":{"start":{"line":7,"column":30},"end":{"line":7,"column":35}},"2":{"start":{"line":8,"column":26},"end":{"line":8,"column":41}},"3":{"start":{"line":9,"column":31},"end":{"line":9,"column":46}},"4":{"start":{"line":11,"column":2},"end":{"line":37,"column":4}},"5":{"start":{"line":25,"column":12},"end":{"line":25,"column":27}},"6":{"start":{"line":26,"column":12},"end":{"line":26,"column":32}},"7":{"start":{"line":27,"column":12},"end":{"line":27,"column":30}}},"fnMap":{"0":{"name":"(anonymous_0)","decl":{"start":{"line":6,"column":19},"end":{"line":6,"column":20}},"loc":{"start":{"line":6,"column":35},"end":{"line":38,"column":1}},"line":6},"1":{"name":"(anonymous_1)","decl":{"start":{"line":24,"column":19},"end":{"line":24,"column":20}},"loc":{"start":{"line":24,"column":25},"end":{"line":28,"column":11}},"line":24}},"branchMap":{"0":{"loc":{"start":{"line":12,"column":4},"end":{"line":36,"column":5}},"type":"binary-expr","locations":[{"start":{"line":12,"column":4},"end":{"line":12,"column":21}},{"start":{"line":13,"column":6},"end":{"line":35,"column":13}}],"line":12},"1":{"loc":{"start":{"line":30,"column":9},"end":{"line":34,"column":9}},"type":"cond-expr","locations":[{"start":{"line":31,"column":10},"end":{"line":31,"column":51}},{"start":{"line":33,"column":10},"end":{"line":33,"column":55}}],"line":30}},"s":{"0":1,"1":0,"2":0,"3":0,"4":0,"5":0,"6":0,"7":0},"f":{"0":0,"1":0},"b":{"0":[0,0],"1":[0,0]},"_coverageSchema":"1a1c01bbd47fc00a2c39e90264f33305004495a9","hash":"16c36ffab87173f3b242b713247c6020add48e93"}
,"/home/nineleaps/medicine_adherence_frnt/src/constants/apiurl.ts": {"path":"/home/nineleaps/medicine_adherence_frnt/src/constants/apiurl.ts","statementMap":{"0":{"start":{"line":3,"column":24},"end":{"line":7,"column":1}}},"fnMap":{},"branchMap":{},"s":{"0":1},"f":{},"b":{},"_coverageSchema":"1a1c01bbd47fc00a2c39e90264f33305004495a9","hash":"3baed70f1cbe301047e4feaace43b40750b6d5c2"}
,"/home/nineleaps/medicine_adherence_frnt/src/redux/actions/acceptRequestActions.tsx": {"path":"/home/nineleaps/medicine_adherence_frnt/src/redux/actions/acceptRequestActions.tsx","statementMap":{"0":{"start":{"line":25,"column":2},"end":{"line":28,"column":4}},"1":{"start":{"line":31,"column":2},"end":{"line":31,"column":46}},"2":{"start":{"line":32,"column":2},"end":{"line":35,"column":4}},"3":{"start":{"line":38,"column":2},"end":{"line":38,"column":30}},"4":{"start":{"line":39,"column":2},"end":{"line":42,"column":4}},"5":{"start":{"line":44,"column":36},"end":{"line":48,"column":1}}},"fnMap":{"0":{"name":"fetchAcceptRequest","decl":{"start":{"line":24,"column":16},"end":{"line":24,"column":34}},"loc":{"start":{"line":24,"column":49},"end":{"line":29,"column":1}},"line":24},"1":{"name":"fetchAcceptRequestSuccess","decl":{"start":{"line":30,"column":16},"end":{"line":30,"column":41}},"loc":{"start":{"line":30,"column":48},"end":{"line":36,"column":1}},"line":30},"2":{"name":"fetchAcceptRequestError","decl":{"start":{"line":37,"column":16},"end":{"line":37,"column":39}},"loc":{"start":{"line":37,"column":47},"end":{"line":43,"column":1}},"line":37}},"branchMap":{},"s":{"0":1,"1":1,"2":1,"3":1,"4":1,"5":1},"f":{"0":1,"1":1,"2":1},"b":{},"_coverageSchema":"1a1c01bbd47fc00a2c39e90264f33305004495a9","hash":"7fa2b4556c998ddb385390f75cc0ec4fcf2f9960"}
,"/home/nineleaps/medicine_adherence_frnt/src/redux/actions/allTypes.tsx": {"path":"/home/nineleaps/medicine_adherence_frnt/src/redux/actions/allTypes.tsx","statementMap":{"0":{"start":{"line":1,"column":14},"end":{"line":77,"column":1}}},"fnMap":{},"branchMap":{},"s":{"0":33},"f":{},"b":{},"_coverageSchema":"1a1c01bbd47fc00a2c39e90264f33305004495a9","hash":"6c87d959492c8656bcdd92eb475f3a802bb271fc"}
,"/home/nineleaps/medicine_adherence_frnt/src/redux/actions/caretakerActions.tsx": {"path":"/home/nineleaps/medicine_adherence_frnt/src/redux/actions/caretakerActions.tsx","statementMap":{"0":{"start":{"line":4,"column":22},"end":{"line":18,"column":1}},"1":{"start":{"line":19,"column":12},"end":{"line":19,"column":46}},"2":{"start":{"line":22,"column":2},"end":{"line":25,"column":4}},"3":{"start":{"line":28,"column":2},"end":{"line":28,"column":27}},"4":{"start":{"line":29,"column":2},"end":{"line":32,"column":4}},"5":{"start":{"line":35,"column":2},"end":{"line":35,"column":25}},"6":{"start":{"line":36,"column":2},"end":{"line":39,"column":4}},"7":{"start":{"line":41,"column":32},"end":{"line":45,"column":1}}},"fnMap":{"0":{"name":"fetchCaretakers","decl":{"start":{"line":21,"column":16},"end":{"line":21,"column":31}},"loc":{"start":{"line":21,"column":49},"end":{"line":26,"column":1}},"line":21},"1":{"name":"fetchCaretakerssuccess","decl":{"start":{"line":27,"column":16},"end":{"line":27,"column":38}},"loc":{"start":{"line":27,"column":45},"end":{"line":33,"column":1}},"line":27},"2":{"name":"fetchCaretakerserror","decl":{"start":{"line":34,"column":16},"end":{"line":34,"column":36}},"loc":{"start":{"line":34,"column":44},"end":{"line":40,"column":1}},"line":34}},"branchMap":{},"s":{"0":1,"1":1,"2":1,"3":1,"4":1,"5":1,"6":1,"7":1},"f":{"0":1,"1":1,"2":1},"b":{},"_coverageSchema":"1a1c01bbd47fc00a2c39e90264f33305004495a9","hash":"216f5a4b2c4e23975220c56079061d5f72ab1629"}
,"/home/nineleaps/medicine_adherence_frnt/src/redux/actions/deletePatientRequestActions.tsx": {"path":"/home/nineleaps/medicine_adherence_frnt/src/redux/actions/deletePatientRequestActions.tsx","statementMap":{"0":{"start":{"line":4,"column":4},"end":{"line":7,"column":6}},"1":{"start":{"line":10,"column":4},"end":{"line":10,"column":33}},"2":{"start":{"line":11,"column":4},"end":{"line":14,"column":2}},"3":{"start":{"line":17,"column":4},"end":{"line":17,"column":29}},"4":{"start":{"line":18,"column":4},"end":{"line":21,"column":5}},"5":{"start":{"line":23,"column":36},"end":{"line":27,"column":3}}},"fnMap":{"0":{"name":"deletePatientRequest","decl":{"start":{"line":3,"column":16},"end":{"line":3,"column":36}},"loc":{"start":{"line":3,"column":54},"end":{"line":8,"column":1}},"line":3},"1":{"name":"deletePatientRequestSuccess","decl":{"start":{"line":9,"column":16},"end":{"line":9,"column":43}},"loc":{"start":{"line":9,"column":50},"end":{"line":15,"column":1}},"line":9},"2":{"name":"deletePatientRequestFailure","decl":{"start":{"line":16,"column":16},"end":{"line":16,"column":43}},"loc":{"start":{"line":16,"column":51},"end":{"line":22,"column":1}},"line":16}},"branchMap":{},"s":{"0":1,"1":1,"2":1,"3":1,"4":1,"5":1},"f":{"0":1,"1":1,"2":1},"b":{},"_coverageSchema":"1a1c01bbd47fc00a2c39e90264f33305004495a9","hash":"e65458ed03af8b6cd1314eabd2cba8c4c944a8a5"}
,"/home/nineleaps/medicine_adherence_frnt/src/redux/actions/getImagesActions.tsx": {"path":"/home/nineleaps/medicine_adherence_frnt/src/redux/actions/getImagesActions.tsx","statementMap":{"0":{"start":{"line":4,"column":2},"end":{"line":7,"column":4}},"1":{"start":{"line":11,"column":2},"end":{"line":14,"column":4}},"2":{"start":{"line":17,"column":2},"end":{"line":20,"column":4}},"3":{"start":{"line":22,"column":32},"end":{"line":26,"column":1}}},"fnMap":{"0":{"name":"getImageRequest","decl":{"start":{"line":3,"column":16},"end":{"line":3,"column":31}},"loc":{"start":{"line":3,"column":47},"end":{"line":8,"column":1}},"line":3},"1":{"name":"getImageSuccess","decl":{"start":{"line":10,"column":16},"end":{"line":10,"column":31}},"loc":{"start":{"line":10,"column":38},"end":{"line":15,"column":1}},"line":10},"2":{"name":"getImageFailure","decl":{"start":{"line":16,"column":16},"end":{"line":16,"column":31}},"loc":{"start":{"line":16,"column":38},"end":{"line":21,"column":1}},"line":16}},"branchMap":{},"s":{"0":1,"1":1,"2":1,"3":1},"f":{"0":1,"1":1,"2":1},"b":{},"_coverageSchema":"1a1c01bbd47fc00a2c39e90264f33305004495a9","hash":"b0eafeb845fb8f5ad1ddf32f5e8eebbc990f93fb"}
,"/home/nineleaps/medicine_adherence_frnt/src/redux/actions/getMedicineHistoryActions.tsx": {"path":"/home/nineleaps/medicine_adherence_frnt/src/redux/actions/getMedicineHistoryActions.tsx","statementMap":{"0":{"start":{"line":4,"column":22},"end":{"line":18,"column":1}},"1":{"start":{"line":19,"column":12},"end":{"line":19,"column":46}},"2":{"start":{"line":22,"column":4},"end":{"line":25,"column":6}},"3":{"start":{"line":28,"column":4},"end":{"line":28,"column":30}},"4":{"start":{"line":29,"column":4},"end":{"line":32,"column":2}},"5":{"start":{"line":35,"column":4},"end":{"line":35,"column":27}},"6":{"start":{"line":36,"column":4},"end":{"line":39,"column":5}},"7":{"start":{"line":41,"column":41},"end":{"line":45,"column":3}}},"fnMap":{"0":{"name":"getMedicineHistoryRequest","decl":{"start":{"line":21,"column":16},"end":{"line":21,"column":41}},"loc":{"start":{"line":21,"column":58},"end":{"line":26,"column":1}},"line":21},"1":{"name":"getMedicineHistoryRequestSuccess","decl":{"start":{"line":27,"column":16},"end":{"line":27,"column":48}},"loc":{"start":{"line":27,"column":55},"end":{"line":33,"column":1}},"line":27},"2":{"name":"getMedicineHistoryRequestFailure","decl":{"start":{"line":34,"column":16},"end":{"line":34,"column":48}},"loc":{"start":{"line":34,"column":56},"end":{"line":40,"column":1}},"line":34}},"branchMap":{},"s":{"0":1,"1":1,"2":1,"3":1,"4":1,"5":1,"6":1,"7":1},"f":{"0":1,"1":1,"2":1},"b":{},"_coverageSchema":"1a1c01bbd47fc00a2c39e90264f33305004495a9","hash":"1755348b82e4fca792029fef5735706a7273c4bc"}
,"/home/nineleaps/medicine_adherence_frnt/src/redux/actions/getPatientRequestActions.tsx": {"path":"/home/nineleaps/medicine_adherence_frnt/src/redux/actions/getPatientRequestActions.tsx","statementMap":{"0":{"start":{"line":4,"column":4},"end":{"line":7,"column":6}},"1":{"start":{"line":10,"column":4},"end":{"line":10,"column":33}},"2":{"start":{"line":11,"column":4},"end":{"line":14,"column":2}},"3":{"start":{"line":17,"column":4},"end":{"line":17,"column":29}},"4":{"start":{"line":18,"column":4},"end":{"line":21,"column":5}},"5":{"start":{"line":23,"column":40},"end":{"line":27,"column":3}}},"fnMap":{"0":{"name":"getPatientRequest","decl":{"start":{"line":3,"column":16},"end":{"line":3,"column":33}},"loc":{"start":{"line":3,"column":51},"end":{"line":8,"column":1}},"line":3},"1":{"name":"getPatientRequestSuccess","decl":{"start":{"line":9,"column":16},"end":{"line":9,"column":40}},"loc":{"start":{"line":9,"column":47},"end":{"line":15,"column":1}},"line":9},"2":{"name":"getPatientRequestFailure","decl":{"start":{"line":16,"column":16},"end":{"line":16,"column":40}},"loc":{"start":{"line":16,"column":48},"end":{"line":22,"column":1}},"line":16}},"branchMap":{},"s":{"0":1,"1":1,"2":1,"3":1,"4":1,"5":1},"f":{"0":1,"1":1,"2":1},"b":{},"_coverageSchema":"1a1c01bbd47fc00a2c39e90264f33305004495a9","hash":"77dd026c37cbf22450aca35c4c516b08a94f0e0b"}
,"/home/nineleaps/medicine_adherence_frnt/src/redux/actions/getPdfActions.tsx": {"path":"/home/nineleaps/medicine_adherence_frnt/src/redux/actions/getPdfActions.tsx","statementMap":{"0":{"start":{"line":4,"column":2},"end":{"line":7,"column":4}},"1":{"start":{"line":11,"column":2},"end":{"line":14,"column":4}},"2":{"start":{"line":17,"column":2},"end":{"line":20,"column":4}},"3":{"start":{"line":22,"column":29},"end":{"line":26,"column":1}}},"fnMap":{"0":{"name":"getPdfRequest","decl":{"start":{"line":3,"column":16},"end":{"line":3,"column":29}},"loc":{"start":{"line":3,"column":45},"end":{"line":8,"column":1}},"line":3},"1":{"name":"getPdfSuccess","decl":{"start":{"line":10,"column":16},"end":{"line":10,"column":29}},"loc":{"start":{"line":10,"column":36},"end":{"line":15,"column":1}},"line":10},"2":{"name":"getPdfFailure","decl":{"start":{"line":16,"column":16},"end":{"line":16,"column":29}},"loc":{"start":{"line":16,"column":37},"end":{"line":21,"column":1}},"line":16}},"branchMap":{},"s":{"0":1,"1":1,"2":1,"3":1},"f":{"0":1,"1":1,"2":1},"b":{},"_coverageSchema":"1a1c01bbd47fc00a2c39e90264f33305004495a9","hash":"4bf1e9b6aaf6f88f71269e75c64f3ba15d0b5136"}
,"/home/nineleaps/medicine_adherence_frnt/src/redux/actions/getUserbyIdActions.tsx": {"path":"/home/nineleaps/medicine_adherence_frnt/src/redux/actions/getUserbyIdActions.tsx","statementMap":{"0":{"start":{"line":4,"column":2},"end":{"line":7,"column":4}},"1":{"start":{"line":11,"column":2},"end":{"line":14,"column":4}},"2":{"start":{"line":17,"column":2},"end":{"line":20,"column":4}},"3":{"start":{"line":22,"column":34},"end":{"line":26,"column":1}}},"fnMap":{"0":{"name":"getUserbyIdRequest","decl":{"start":{"line":3,"column":16},"end":{"line":3,"column":34}},"loc":{"start":{"line":3,"column":50},"end":{"line":8,"column":1}},"line":3},"1":{"name":"getUserbyidSuccess","decl":{"start":{"line":10,"column":16},"end":{"line":10,"column":34}},"loc":{"start":{"line":10,"column":41},"end":{"line":15,"column":1}},"line":10},"2":{"name":"getUserbyudFailure","decl":{"start":{"line":16,"column":16},"end":{"line":16,"column":34}},"loc":{"start":{"line":16,"column":42},"end":{"line":21,"column":1}},"line":16}},"branchMap":{},"s":{"0":1,"1":1,"2":1,"3":1},"f":{"0":1,"1":1,"2":1},"b":{},"_coverageSchema":"1a1c01bbd47fc00a2c39e90264f33305004495a9","hash":"93ce79f2969d7aed1e21edf38df21c4c5f2ebe8b"}
,"/home/nineleaps/medicine_adherence_frnt/src/redux/actions/loginActions.tsx": {"path":"/home/nineleaps/medicine_adherence_frnt/src/redux/actions/loginActions.tsx","statementMap":{"0":{"start":{"line":7,"column":2},"end":{"line":10,"column":4}},"1":{"start":{"line":13,"column":2},"end":{"line":16,"column":4}},"2":{"start":{"line":19,"column":2},"end":{"line":19,"column":37}},"3":{"start":{"line":20,"column":2},"end":{"line":23,"column":4}},"4":{"start":{"line":25,"column":28},"end":{"line":29,"column":1}}},"fnMap":{"0":{"name":"sendLoginRequest","decl":{"start":{"line":6,"column":9},"end":{"line":6,"column":25}},"loc":{"start":{"line":6,"column":34},"end":{"line":11,"column":1}},"line":6},"1":{"name":"LoginSuccess","decl":{"start":{"line":12,"column":9},"end":{"line":12,"column":21}},"loc":{"start":{"line":12,"column":28},"end":{"line":17,"column":1}},"line":12},"2":{"name":"LoginFailure","decl":{"start":{"line":18,"column":9},"end":{"line":18,"column":21}},"loc":{"start":{"line":18,"column":29},"end":{"line":24,"column":1}},"line":18}},"branchMap":{},"s":{"0":1,"1":3,"2":3,"3":3,"4":2},"f":{"0":1,"1":3,"2":3},"b":{},"_coverageSchema":"1a1c01bbd47fc00a2c39e90264f33305004495a9","hash":"9a616558f0e38c2d777765c45319a64dd2a268ca"}
,"/home/nineleaps/medicine_adherence_frnt/src/redux/actions/myPatientsActions.tsx": {"path":"/home/nineleaps/medicine_adherence_frnt/src/redux/actions/myPatientsActions.tsx","statementMap":{"0":{"start":{"line":4,"column":2},"end":{"line":7,"column":4}},"1":{"start":{"line":10,"column":2},"end":{"line":10,"column":31}},"2":{"start":{"line":11,"column":2},"end":{"line":14,"column":4}},"3":{"start":{"line":17,"column":2},"end":{"line":17,"column":27}},"4":{"start":{"line":18,"column":2},"end":{"line":21,"column":4}},"5":{"start":{"line":23,"column":33},"end":{"line":27,"column":1}}},"fnMap":{"0":{"name":"fetchPatients","decl":{"start":{"line":3,"column":16},"end":{"line":3,"column":29}},"loc":{"start":{"line":3,"column":47},"end":{"line":8,"column":1}},"line":3},"1":{"name":"fetchPatientsuccess","decl":{"start":{"line":9,"column":16},"end":{"line":9,"column":35}},"loc":{"start":{"line":9,"column":42},"end":{"line":15,"column":1}},"line":9},"2":{"name":"fetchPatienterror","decl":{"start":{"line":16,"column":16},"end":{"line":16,"column":33}},"loc":{"start":{"line":16,"column":41},"end":{"line":22,"column":1}},"line":16}},"branchMap":{},"s":{"0":1,"1":1,"2":1,"3":1,"4":1,"5":1},"f":{"0":1,"1":1,"2":1},"b":{},"_coverageSchema":"1a1c01bbd47fc00a2c39e90264f33305004495a9","hash":"5ae819d8793546109fb641386a4e803a1254a63a"}
,"/home/nineleaps/medicine_adherence_frnt/src/redux/actions/patientProfileActions.tsx": {"path":"/home/nineleaps/medicine_adherence_frnt/src/redux/actions/patientProfileActions.tsx","statementMap":{"0":{"start":{"line":4,"column":4},"end":{"line":7,"column":6}},"1":{"start":{"line":10,"column":4},"end":{"line":10,"column":33}},"2":{"start":{"line":11,"column":4},"end":{"line":14,"column":6}},"3":{"start":{"line":17,"column":4},"end":{"line":17,"column":29}},"4":{"start":{"line":18,"column":4},"end":{"line":21,"column":6}},"5":{"start":{"line":23,"column":39},"end":{"line":27,"column":3}}},"fnMap":{"0":{"name":"fetchpatientProfile","decl":{"start":{"line":3,"column":16},"end":{"line":3,"column":35}},"loc":{"start":{"line":3,"column":53},"end":{"line":8,"column":3}},"line":3},"1":{"name":"fetchpatientProfilesuccess","decl":{"start":{"line":9,"column":18},"end":{"line":9,"column":44}},"loc":{"start":{"line":9,"column":51},"end":{"line":15,"column":3}},"line":9},"2":{"name":"fetchpatientProfilerror","decl":{"start":{"line":16,"column":18},"end":{"line":16,"column":41}},"loc":{"start":{"line":16,"column":49},"end":{"line":22,"column":3}},"line":16}},"branchMap":{},"s":{"0":1,"1":1,"2":1,"3":1,"4":1,"5":1},"f":{"0":1,"1":1,"2":1},"b":{},"_coverageSchema":"1a1c01bbd47fc00a2c39e90264f33305004495a9","hash":"1fc361ee5607faf76b4697a7f3924cb75129891f"}
,"/home/nineleaps/medicine_adherence_frnt/src/redux/actions/patientRequestActions.tsx": {"path":"/home/nineleaps/medicine_adherence_frnt/src/redux/actions/patientRequestActions.tsx","statementMap":{"0":{"start":{"line":4,"column":4},"end":{"line":7,"column":6}},"1":{"start":{"line":10,"column":4},"end":{"line":10,"column":33}},"2":{"start":{"line":11,"column":4},"end":{"line":14,"column":6}},"3":{"start":{"line":17,"column":4},"end":{"line":17,"column":28}},"4":{"start":{"line":18,"column":4},"end":{"line":21,"column":6}},"5":{"start":{"line":23,"column":37},"end":{"line":28,"column":1}}},"fnMap":{"0":{"name":"fetchpatientrequests","decl":{"start":{"line":3,"column":16},"end":{"line":3,"column":36}},"loc":{"start":{"line":3,"column":52},"end":{"line":8,"column":1}},"line":3},"1":{"name":"fetchpatientsuccess","decl":{"start":{"line":9,"column":16},"end":{"line":9,"column":35}},"loc":{"start":{"line":9,"column":42},"end":{"line":15,"column":1}},"line":9},"2":{"name":"fetchpatienterror","decl":{"start":{"line":16,"column":16},"end":{"line":16,"column":33}},"loc":{"start":{"line":16,"column":40},"end":{"line":22,"column":1}},"line":16}},"branchMap":{},"s":{"0":1,"1":1,"2":1,"3":1,"4":1,"5":1},"f":{"0":1,"1":1,"2":1},"b":{},"_coverageSchema":"1a1c01bbd47fc00a2c39e90264f33305004495a9","hash":"7bf2dba52260d6d9de52d3c7664df11890e7bcea"}
,"/home/nineleaps/medicine_adherence_frnt/src/redux/actions/postSaveUserActions.tsx": {"path":"/home/nineleaps/medicine_adherence_frnt/src/redux/actions/postSaveUserActions.tsx","statementMap":{"0":{"start":{"line":4,"column":22},"end":{"line":18,"column":1}},"1":{"start":{"line":19,"column":12},"end":{"line":19,"column":46}},"2":{"start":{"line":22,"column":2},"end":{"line":25,"column":4}},"3":{"start":{"line":28,"column":2},"end":{"line":28,"column":28}},"4":{"start":{"line":29,"column":2},"end":{"line":32,"column":4}},"5":{"start":{"line":35,"column":2},"end":{"line":35,"column":25}},"6":{"start":{"line":36,"column":2},"end":{"line":39,"column":4}},"7":{"start":{"line":41,"column":35},"end":{"line":46,"column":1}}},"fnMap":{"0":{"name":"postSaveUserDetails","decl":{"start":{"line":21,"column":16},"end":{"line":21,"column":35}},"loc":{"start":{"line":21,"column":71},"end":{"line":26,"column":1}},"line":21},"1":{"name":"postSaveUserDetailssuccess","decl":{"start":{"line":27,"column":16},"end":{"line":27,"column":42}},"loc":{"start":{"line":27,"column":53},"end":{"line":33,"column":1}},"line":27},"2":{"name":"postSaveUserDetailserror","decl":{"start":{"line":34,"column":16},"end":{"line":34,"column":40}},"loc":{"start":{"line":34,"column":52},"end":{"line":40,"column":1}},"line":34}},"branchMap":{},"s":{"0":1,"1":1,"2":1,"3":1,"4":1,"5":1,"6":1,"7":1},"f":{"0":1,"1":1,"2":1},"b":{},"_coverageSchema":"1a1c01bbd47fc00a2c39e90264f33305004495a9","hash":"f704aaf8147524814598edb4cbd304864f5186bc"}
,"/home/nineleaps/medicine_adherence_frnt/src/redux/actions/sendImagesAction.tsx": {"path":"/home/nineleaps/medicine_adherence_frnt/src/redux/actions/sendImagesAction.tsx","statementMap":{"0":{"start":{"line":3,"column":2},"end":{"line":6,"column":4}},"1":{"start":{"line":11,"column":4},"end":{"line":14,"column":6}},"2":{"start":{"line":17,"column":4},"end":{"line":17,"column":29}},"3":{"start":{"line":18,"column":4},"end":{"line":21,"column":6}},"4":{"start":{"line":23,"column":32},"end":{"line":28,"column":1}}},"fnMap":{"0":{"name":"sendImageRequest","decl":{"start":{"line":2,"column":16},"end":{"line":2,"column":32}},"loc":{"start":{"line":2,"column":48},"end":{"line":7,"column":1}},"line":2},"1":{"name":"sendImageSuccess","decl":{"start":{"line":9,"column":16},"end":{"line":9,"column":32}},"loc":{"start":{"line":9,"column":41},"end":{"line":15,"column":1}},"line":9},"2":{"name":"sendImageFailure","decl":{"start":{"line":16,"column":16},"end":{"line":16,"column":32}},"loc":{"start":{"line":16,"column":40},"end":{"line":22,"column":1}},"line":16}},"branchMap":{},"s":{"0":1,"1":1,"2":1,"3":1,"4":1},"f":{"0":1,"1":1,"2":1},"b":{},"_coverageSchema":"1a1c01bbd47fc00a2c39e90264f33305004495a9","hash":"d8bb049923752caefad3a89beb535e1295d6641a"}
,"/home/nineleaps/medicine_adherence_frnt/src/redux/actions/signupActions.tsx": {"path":"/home/nineleaps/medicine_adherence_frnt/src/redux/actions/signupActions.tsx","statementMap":{"0":{"start":{"line":7,"column":22},"end":{"line":21,"column":1}},"1":{"start":{"line":22,"column":10},"end":{"line":22,"column":44}},"2":{"start":{"line":25,"column":2},"end":{"line":28,"column":4}},"3":{"start":{"line":31,"column":2},"end":{"line":31,"column":28}},"4":{"start":{"line":32,"column":2},"end":{"line":35,"column":4}},"5":{"start":{"line":38,"column":2},"end":{"line":38,"column":35}},"6":{"start":{"line":39,"column":2},"end":{"line":42,"column":4}},"7":{"start":{"line":45,"column":29},"end":{"line":49,"column":1}}},"fnMap":{"0":{"name":"sendSignupRequest","decl":{"start":{"line":24,"column":9},"end":{"line":24,"column":26}},"loc":{"start":{"line":24,"column":44},"end":{"line":29,"column":1}},"line":24},"1":{"name":"SignupSuccess","decl":{"start":{"line":30,"column":9},"end":{"line":30,"column":22}},"loc":{"start":{"line":30,"column":29},"end":{"line":36,"column":1}},"line":30},"2":{"name":"SignupFailure","decl":{"start":{"line":37,"column":9},"end":{"line":37,"column":22}},"loc":{"start":{"line":37,"column":30},"end":{"line":43,"column":1}},"line":37}},"branchMap":{},"s":{"0":1,"1":1,"2":1,"3":1,"4":1,"5":1,"6":1,"7":1},"f":{"0":1,"1":1,"2":1},"b":{},"_coverageSchema":"1a1c01bbd47fc00a2c39e90264f33305004495a9","hash":"cb3168ce0c4d51efab8ce28a4a43e602533ca87d"}
,"/home/nineleaps/medicine_adherence_frnt/src/redux/actions/syncDataActions.tsx": {"path":"/home/nineleaps/medicine_adherence_frnt/src/redux/actions/syncDataActions.tsx","statementMap":{"0":{"start":{"line":4,"column":22},"end":{"line":18,"column":1}},"1":{"start":{"line":19,"column":12},"end":{"line":19,"column":46}},"2":{"start":{"line":22,"column":2},"end":{"line":25,"column":4}},"3":{"start":{"line":28,"column":2},"end":{"line":28,"column":28}},"4":{"start":{"line":29,"column":2},"end":{"line":32,"column":4}},"5":{"start":{"line":35,"column":2},"end":{"line":35,"column":25}},"6":{"start":{"line":36,"column":2},"end":{"line":39,"column":4}},"7":{"start":{"line":41,"column":31},"end":{"line":45,"column":1}}},"fnMap":{"0":{"name":"postSyncData","decl":{"start":{"line":21,"column":16},"end":{"line":21,"column":28}},"loc":{"start":{"line":21,"column":46},"end":{"line":26,"column":1}},"line":21},"1":{"name":"postSyncDatasuccess","decl":{"start":{"line":27,"column":16},"end":{"line":27,"column":35}},"loc":{"start":{"line":27,"column":42},"end":{"line":33,"column":1}},"line":27},"2":{"name":"postSyncDataerror","decl":{"start":{"line":34,"column":16},"end":{"line":34,"column":33}},"loc":{"start":{"line":34,"column":41},"end":{"line":40,"column":1}},"line":34}},"branchMap":{},"s":{"0":1,"1":1,"2":1,"3":1,"4":1,"5":1,"6":1,"7":1},"f":{"0":1,"1":1,"2":1},"b":{},"_coverageSchema":"1a1c01bbd47fc00a2c39e90264f33305004495a9","hash":"79981a16c221dce036f8d134036343191b7b508f"}
,"/home/nineleaps/medicine_adherence_frnt/src/redux/actions/syncHistoryActions.tsx": {"path":"/home/nineleaps/medicine_adherence_frnt/src/redux/actions/syncHistoryActions.tsx","statementMap":{"0":{"start":{"line":4,"column":22},"end":{"line":18,"column":1}},"1":{"start":{"line":19,"column":12},"end":{"line":19,"column":46}},"2":{"start":{"line":21,"column":2},"end":{"line":24,"column":4}},"3":{"start":{"line":27,"column":2},"end":{"line":27,"column":28}},"4":{"start":{"line":28,"column":2},"end":{"line":31,"column":4}},"5":{"start":{"line":34,"column":2},"end":{"line":34,"column":25}},"6":{"start":{"line":35,"column":2},"end":{"line":38,"column":4}},"7":{"start":{"line":40,"column":34},"end":{"line":44,"column":1}}},"fnMap":{"0":{"name":"putSyncHistory","decl":{"start":{"line":20,"column":16},"end":{"line":20,"column":30}},"loc":{"start":{"line":20,"column":47},"end":{"line":25,"column":1}},"line":20},"1":{"name":"putSyncHistorysuccess","decl":{"start":{"line":26,"column":16},"end":{"line":26,"column":37}},"loc":{"start":{"line":26,"column":44},"end":{"line":32,"column":1}},"line":26},"2":{"name":"putSyncHistoryerror","decl":{"start":{"line":33,"column":16},"end":{"line":33,"column":35}},"loc":{"start":{"line":33,"column":43},"end":{"line":39,"column":1}},"line":33}},"branchMap":{},"s":{"0":1,"1":1,"2":1,"3":1,"4":1,"5":1,"6":1,"7":1},"f":{"0":1,"1":1,"2":1},"b":{},"_coverageSchema":"1a1c01bbd47fc00a2c39e90264f33305004495a9","hash":"b466b221cbbd51c3eb8a35bbd674f28807104599"}
,"/home/nineleaps/medicine_adherence_frnt/src/redux/reducers/acceptRequestReducer.tsx": {"path":"/home/nineleaps/medicine_adherence_frnt/src/redux/reducers/acceptRequestReducer.tsx","statementMap":{"0":{"start":{"line":3,"column":21},"end":{"line":7,"column":1}},"1":{"start":{"line":8,"column":29},"end":{"line":19,"column":1}},"2":{"start":{"line":9,"column":2},"end":{"line":18,"column":3}},"3":{"start":{"line":11,"column":6},"end":{"line":11,"column":39}},"4":{"start":{"line":13,"column":6},"end":{"line":13,"column":62}},"5":{"start":{"line":15,"column":6},"end":{"line":15,"column":61}},"6":{"start":{"line":17,"column":6},"end":{"line":17,"column":26}}},"fnMap":{"0":{"name":"(anonymous_0)","decl":{"start":{"line":8,"column":29},"end":{"line":8,"column":30}},"loc":{"start":{"line":8,"column":63},"end":{"line":19,"column":1}},"line":8}},"branchMap":{"0":{"loc":{"start":{"line":8,"column":30},"end":{"line":8,"column":50}},"type":"default-arg","locations":[{"start":{"line":8,"column":38},"end":{"line":8,"column":50}}],"line":8},"1":{"loc":{"start":{"line":9,"column":2},"end":{"line":18,"column":3}},"type":"switch","locations":[{"start":{"line":10,"column":4},"end":{"line":11,"column":39}},{"start":{"line":12,"column":4},"end":{"line":13,"column":62}},{"start":{"line":14,"column":4},"end":{"line":15,"column":61}},{"start":{"line":16,"column":4},"end":{"line":17,"column":26}}],"line":9}},"s":{"0":1,"1":1,"2":4,"3":1,"4":1,"5":1,"6":1},"f":{"0":4},"b":{"0":[1],"1":[1,1,1,1]},"_coverageSchema":"1a1c01bbd47fc00a2c39e90264f33305004495a9","hash":"7519eb269f81d1492b96b11331372654503e4618"}
,"/home/nineleaps/medicine_adherence_frnt/src/redux/reducers/careTakerReducer.tsx": {"path":"/home/nineleaps/medicine_adherence_frnt/src/redux/reducers/careTakerReducer.tsx","statementMap":{"0":{"start":{"line":3,"column":21},"end":{"line":7,"column":1}},"1":{"start":{"line":8,"column":25},"end":{"line":19,"column":1}},"2":{"start":{"line":9,"column":2},"end":{"line":18,"column":3}},"3":{"start":{"line":11,"column":6},"end":{"line":11,"column":39}},"4":{"start":{"line":13,"column":6},"end":{"line":13,"column":62}},"5":{"start":{"line":15,"column":6},"end":{"line":15,"column":61}},"6":{"start":{"line":17,"column":6},"end":{"line":17,"column":26}}},"fnMap":{"0":{"name":"(anonymous_0)","decl":{"start":{"line":8,"column":25},"end":{"line":8,"column":26}},"loc":{"start":{"line":8,"column":59},"end":{"line":19,"column":1}},"line":8}},"branchMap":{"0":{"loc":{"start":{"line":8,"column":26},"end":{"line":8,"column":46}},"type":"default-arg","locations":[{"start":{"line":8,"column":34},"end":{"line":8,"column":46}}],"line":8},"1":{"loc":{"start":{"line":9,"column":2},"end":{"line":18,"column":3}},"type":"switch","locations":[{"start":{"line":10,"column":4},"end":{"line":11,"column":39}},{"start":{"line":12,"column":4},"end":{"line":13,"column":62}},{"start":{"line":14,"column":4},"end":{"line":15,"column":61}},{"start":{"line":16,"column":4},"end":{"line":17,"column":26}}],"line":9}},"s":{"0":1,"1":1,"2":4,"3":1,"4":1,"5":1,"6":1},"f":{"0":4},"b":{"0":[1],"1":[1,1,1,1]},"_coverageSchema":"1a1c01bbd47fc00a2c39e90264f33305004495a9","hash":"7cbcbc3aec0e7a6d833b6d863409312c39d4f473"}
,"/home/nineleaps/medicine_adherence_frnt/src/redux/reducers/deleteRequestReducer.tsx": {"path":"/home/nineleaps/medicine_adherence_frnt/src/redux/reducers/deleteRequestReducer.tsx","statementMap":{"0":{"start":{"line":3,"column":21},"end":{"line":7,"column":1}},"1":{"start":{"line":8,"column":29},"end":{"line":19,"column":1}},"2":{"start":{"line":9,"column":2},"end":{"line":18,"column":3}},"3":{"start":{"line":11,"column":6},"end":{"line":11,"column":39}},"4":{"start":{"line":13,"column":6},"end":{"line":13,"column":62}},"5":{"start":{"line":15,"column":6},"end":{"line":15,"column":61}},"6":{"start":{"line":17,"column":6},"end":{"line":17,"column":26}}},"fnMap":{"0":{"name":"(anonymous_0)","decl":{"start":{"line":8,"column":29},"end":{"line":8,"column":30}},"loc":{"start":{"line":8,"column":63},"end":{"line":19,"column":1}},"line":8}},"branchMap":{"0":{"loc":{"start":{"line":8,"column":30},"end":{"line":8,"column":50}},"type":"default-arg","locations":[{"start":{"line":8,"column":38},"end":{"line":8,"column":50}}],"line":8},"1":{"loc":{"start":{"line":9,"column":2},"end":{"line":18,"column":3}},"type":"switch","locations":[{"start":{"line":10,"column":4},"end":{"line":11,"column":39}},{"start":{"line":12,"column":4},"end":{"line":13,"column":62}},{"start":{"line":14,"column":4},"end":{"line":15,"column":61}},{"start":{"line":16,"column":4},"end":{"line":17,"column":26}}],"line":9}},"s":{"0":1,"1":1,"2":4,"3":1,"4":1,"5":1,"6":1},"f":{"0":4},"b":{"0":[1],"1":[1,1,1,1]},"_coverageSchema":"1a1c01bbd47fc00a2c39e90264f33305004495a9","hash":"2229d39d698f8f2a94024c2a71288107e59f7102"}
,"/home/nineleaps/medicine_adherence_frnt/src/redux/reducers/getImagesReducer.tsx": {"path":"/home/nineleaps/medicine_adherence_frnt/src/redux/reducers/getImagesReducer.tsx","statementMap":{"0":{"start":{"line":3,"column":21},"end":{"line":7,"column":1}},"1":{"start":{"line":8,"column":25},"end":{"line":19,"column":1}},"2":{"start":{"line":9,"column":2},"end":{"line":18,"column":3}},"3":{"start":{"line":11,"column":6},"end":{"line":11,"column":39}},"4":{"start":{"line":13,"column":6},"end":{"line":13,"column":62}},"5":{"start":{"line":15,"column":6},"end":{"line":15,"column":61}},"6":{"start":{"line":17,"column":6},"end":{"line":17,"column":26}}},"fnMap":{"0":{"name":"(anonymous_0)","decl":{"start":{"line":8,"column":25},"end":{"line":8,"column":26}},"loc":{"start":{"line":8,"column":59},"end":{"line":19,"column":1}},"line":8}},"branchMap":{"0":{"loc":{"start":{"line":8,"column":26},"end":{"line":8,"column":46}},"type":"default-arg","locations":[{"start":{"line":8,"column":34},"end":{"line":8,"column":46}}],"line":8},"1":{"loc":{"start":{"line":9,"column":2},"end":{"line":18,"column":3}},"type":"switch","locations":[{"start":{"line":10,"column":4},"end":{"line":11,"column":39}},{"start":{"line":12,"column":4},"end":{"line":13,"column":62}},{"start":{"line":14,"column":4},"end":{"line":15,"column":61}},{"start":{"line":16,"column":4},"end":{"line":17,"column":26}}],"line":9}},"s":{"0":1,"1":1,"2":4,"3":1,"4":1,"5":1,"6":1},"f":{"0":4},"b":{"0":[1],"1":[1,1,1,1]},"_coverageSchema":"1a1c01bbd47fc00a2c39e90264f33305004495a9","hash":"59961e55389c6bf444fb5f4a9642e37d835b0730"}
,"/home/nineleaps/medicine_adherence_frnt/src/redux/reducers/getMediceneHistoryReducer.tsx": {"path":"/home/nineleaps/medicine_adherence_frnt/src/redux/reducers/getMediceneHistoryReducer.tsx","statementMap":{"0":{"start":{"line":3,"column":21},"end":{"line":7,"column":1}},"1":{"start":{"line":8,"column":34},"end":{"line":19,"column":1}},"2":{"start":{"line":9,"column":2},"end":{"line":18,"column":3}},"3":{"start":{"line":11,"column":6},"end":{"line":11,"column":39}},"4":{"start":{"line":13,"column":6},"end":{"line":13,"column":62}},"5":{"start":{"line":15,"column":6},"end":{"line":15,"column":61}},"6":{"start":{"line":17,"column":6},"end":{"line":17,"column":26}}},"fnMap":{"0":{"name":"(anonymous_0)","decl":{"start":{"line":8,"column":34},"end":{"line":8,"column":35}},"loc":{"start":{"line":8,"column":68},"end":{"line":19,"column":1}},"line":8}},"branchMap":{"0":{"loc":{"start":{"line":8,"column":35},"end":{"line":8,"column":55}},"type":"default-arg","locations":[{"start":{"line":8,"column":43},"end":{"line":8,"column":55}}],"line":8},"1":{"loc":{"start":{"line":9,"column":2},"end":{"line":18,"column":3}},"type":"switch","locations":[{"start":{"line":10,"column":4},"end":{"line":11,"column":39}},{"start":{"line":12,"column":4},"end":{"line":13,"column":62}},{"start":{"line":14,"column":4},"end":{"line":15,"column":61}},{"start":{"line":16,"column":4},"end":{"line":17,"column":26}}],"line":9}},"s":{"0":1,"1":1,"2":4,"3":1,"4":1,"5":1,"6":1},"f":{"0":4},"b":{"0":[1],"1":[1,1,1,1]},"_coverageSchema":"1a1c01bbd47fc00a2c39e90264f33305004495a9","hash":"c0640cbacf63ff94f23ebd99db0f1ae6ddaeb763"}
,"/home/nineleaps/medicine_adherence_frnt/src/redux/reducers/getPdfReducer.tsx": {"path":"/home/nineleaps/medicine_adherence_frnt/src/redux/reducers/getPdfReducer.tsx","statementMap":{"0":{"start":{"line":3,"column":21},"end":{"line":7,"column":1}},"1":{"start":{"line":8,"column":22},"end":{"line":19,"column":1}},"2":{"start":{"line":9,"column":2},"end":{"line":18,"column":3}},"3":{"start":{"line":11,"column":6},"end":{"line":11,"column":54}},"4":{"start":{"line":13,"column":6},"end":{"line":13,"column":62}},"5":{"start":{"line":15,"column":6},"end":{"line":15,"column":61}},"6":{"start":{"line":17,"column":6},"end":{"line":17,"column":26}}},"fnMap":{"0":{"name":"(anonymous_0)","decl":{"start":{"line":8,"column":22},"end":{"line":8,"column":23}},"loc":{"start":{"line":8,"column":60},"end":{"line":19,"column":1}},"line":8}},"branchMap":{"0":{"loc":{"start":{"line":8,"column":23},"end":{"line":8,"column":43}},"type":"default-arg","locations":[{"start":{"line":8,"column":31},"end":{"line":8,"column":43}}],"line":8},"1":{"loc":{"start":{"line":9,"column":2},"end":{"line":18,"column":3}},"type":"switch","locations":[{"start":{"line":10,"column":4},"end":{"line":11,"column":54}},{"start":{"line":12,"column":4},"end":{"line":13,"column":62}},{"start":{"line":14,"column":4},"end":{"line":15,"column":61}},{"start":{"line":16,"column":4},"end":{"line":17,"column":26}}],"line":9}},"s":{"0":1,"1":1,"2":4,"3":1,"4":1,"5":1,"6":1},"f":{"0":4},"b":{"0":[1],"1":[1,1,1,1]},"_coverageSchema":"1a1c01bbd47fc00a2c39e90264f33305004495a9","hash":"a2a4e935ff3b1ca1bce0e8092564335888e7cb50"}
,"/home/nineleaps/medicine_adherence_frnt/src/redux/reducers/loginReducer.tsx": {"path":"/home/nineleaps/medicine_adherence_frnt/src/redux/reducers/loginReducer.tsx","statementMap":{"0":{"start":{"line":3,"column":21},"end":{"line":7,"column":1}},"1":{"start":{"line":8,"column":21},"end":{"line":19,"column":1}},"2":{"start":{"line":9,"column":2},"end":{"line":18,"column":3}},"3":{"start":{"line":11,"column":6},"end":{"line":11,"column":39}},"4":{"start":{"line":13,"column":6},"end":{"line":13,"column":62}},"5":{"start":{"line":15,"column":6},"end":{"line":15,"column":61}},"6":{"start":{"line":17,"column":6},"end":{"line":17,"column":26}}},"fnMap":{"0":{"name":"(anonymous_0)","decl":{"start":{"line":8,"column":21},"end":{"line":8,"column":22}},"loc":{"start":{"line":8,"column":55},"end":{"line":19,"column":1}},"line":8}},"branchMap":{"0":{"loc":{"start":{"line":8,"column":22},"end":{"line":8,"column":42}},"type":"default-arg","locations":[{"start":{"line":8,"column":30},"end":{"line":8,"column":42}}],"line":8},"1":{"loc":{"start":{"line":9,"column":2},"end":{"line":18,"column":3}},"type":"switch","locations":[{"start":{"line":10,"column":4},"end":{"line":11,"column":39}},{"start":{"line":12,"column":4},"end":{"line":13,"column":62}},{"start":{"line":14,"column":4},"end":{"line":15,"column":61}},{"start":{"line":16,"column":4},"end":{"line":17,"column":26}}],"line":9}},"s":{"0":1,"1":1,"2":4,"3":1,"4":1,"5":1,"6":1},"f":{"0":4},"b":{"0":[1],"1":[1,1,1,1]},"_coverageSchema":"1a1c01bbd47fc00a2c39e90264f33305004495a9","hash":"9f4c3f1213f98eb816fda3e2bd6c4fbdfa914763"}
,"/home/nineleaps/medicine_adherence_frnt/src/redux/reducers/myPatientsReducer.tsx": {"path":"/home/nineleaps/medicine_adherence_frnt/src/redux/reducers/myPatientsReducer.tsx","statementMap":{"0":{"start":{"line":3,"column":21},"end":{"line":7,"column":1}},"1":{"start":{"line":8,"column":26},"end":{"line":19,"column":1}},"2":{"start":{"line":9,"column":2},"end":{"line":18,"column":3}},"3":{"start":{"line":11,"column":6},"end":{"line":11,"column":54}},"4":{"start":{"line":13,"column":6},"end":{"line":13,"column":62}},"5":{"start":{"line":15,"column":6},"end":{"line":15,"column":61}},"6":{"start":{"line":17,"column":6},"end":{"line":17,"column":26}}},"fnMap":{"0":{"name":"(anonymous_0)","decl":{"start":{"line":8,"column":26},"end":{"line":8,"column":27}},"loc":{"start":{"line":8,"column":60},"end":{"line":19,"column":1}},"line":8}},"branchMap":{"0":{"loc":{"start":{"line":8,"column":27},"end":{"line":8,"column":47}},"type":"default-arg","locations":[{"start":{"line":8,"column":35},"end":{"line":8,"column":47}}],"line":8},"1":{"loc":{"start":{"line":9,"column":2},"end":{"line":18,"column":3}},"type":"switch","locations":[{"start":{"line":10,"column":4},"end":{"line":11,"column":54}},{"start":{"line":12,"column":4},"end":{"line":13,"column":62}},{"start":{"line":14,"column":4},"end":{"line":15,"column":61}},{"start":{"line":16,"column":4},"end":{"line":17,"column":26}}],"line":9}},"s":{"0":1,"1":1,"2":4,"3":2,"4":0,"5":1,"6":1},"f":{"0":4},"b":{"0":[1],"1":[2,0,1,1]},"_coverageSchema":"1a1c01bbd47fc00a2c39e90264f33305004495a9","hash":"6d8c63c2820d1324b4280d2d0cc62e6ec04807e7"}
,"/home/nineleaps/medicine_adherence_frnt/src/redux/reducers/patientProfileReducer.tsx": {"path":"/home/nineleaps/medicine_adherence_frnt/src/redux/reducers/patientProfileReducer.tsx","statementMap":{"0":{"start":{"line":3,"column":17},"end":{"line":7,"column":1}},"1":{"start":{"line":9,"column":30},"end":{"line":20,"column":1}},"2":{"start":{"line":10,"column":2},"end":{"line":19,"column":3}},"3":{"start":{"line":12,"column":6},"end":{"line":12,"column":39}},"4":{"start":{"line":14,"column":6},"end":{"line":14,"column":62}},"5":{"start":{"line":16,"column":6},"end":{"line":16,"column":61}},"6":{"start":{"line":18,"column":6},"end":{"line":18,"column":26}}},"fnMap":{"0":{"name":"(anonymous_0)","decl":{"start":{"line":9,"column":30},"end":{"line":9,"column":31}},"loc":{"start":{"line":9,"column":68},"end":{"line":20,"column":1}},"line":9}},"branchMap":{"0":{"loc":{"start":{"line":9,"column":31},"end":{"line":9,"column":51}},"type":"default-arg","locations":[{"start":{"line":9,"column":39},"end":{"line":9,"column":51}}],"line":9},"1":{"loc":{"start":{"line":10,"column":2},"end":{"line":19,"column":3}},"type":"switch","locations":[{"start":{"line":11,"column":4},"end":{"line":12,"column":39}},{"start":{"line":13,"column":4},"end":{"line":14,"column":62}},{"start":{"line":15,"column":4},"end":{"line":16,"column":61}},{"start":{"line":17,"column":4},"end":{"line":18,"column":26}}],"line":10}},"s":{"0":1,"1":1,"2":4,"3":3,"4":0,"5":0,"6":1},"f":{"0":4},"b":{"0":[1],"1":[3,0,0,1]},"_coverageSchema":"1a1c01bbd47fc00a2c39e90264f33305004495a9","hash":"49be78995eec4feebb3cba17a9a09f9ec7735ea8"}
,"/home/nineleaps/medicine_adherence_frnt/src/redux/reducers/patientRequestReducer.tsx": {"path":"/home/nineleaps/medicine_adherence_frnt/src/redux/reducers/patientRequestReducer.tsx","statementMap":{"0":{"start":{"line":3,"column":17},"end":{"line":7,"column":1}},"1":{"start":{"line":9,"column":30},"end":{"line":20,"column":1}},"2":{"start":{"line":10,"column":2},"end":{"line":19,"column":3}},"3":{"start":{"line":12,"column":6},"end":{"line":12,"column":39}},"4":{"start":{"line":14,"column":6},"end":{"line":14,"column":62}},"5":{"start":{"line":16,"column":6},"end":{"line":16,"column":62}},"6":{"start":{"line":18,"column":6},"end":{"line":18,"column":26}}},"fnMap":{"0":{"name":"(anonymous_0)","decl":{"start":{"line":9,"column":30},"end":{"line":9,"column":31}},"loc":{"start":{"line":9,"column":82},"end":{"line":20,"column":1}},"line":9}},"branchMap":{"0":{"loc":{"start":{"line":9,"column":31},"end":{"line":9,"column":51}},"type":"default-arg","locations":[{"start":{"line":9,"column":39},"end":{"line":9,"column":51}}],"line":9},"1":{"loc":{"start":{"line":9,"column":53},"end":{"line":9,"column":77}},"type":"default-arg","locations":[{"start":{"line":9,"column":60},"end":{"line":9,"column":77}}],"line":9},"2":{"loc":{"start":{"line":10,"column":2},"end":{"line":19,"column":3}},"type":"switch","locations":[{"start":{"line":11,"column":4},"end":{"line":12,"column":39}},{"start":{"line":13,"column":4},"end":{"line":14,"column":62}},{"start":{"line":15,"column":4},"end":{"line":16,"column":62}},{"start":{"line":17,"column":4},"end":{"line":18,"column":26}}],"line":10}},"s":{"0":1,"1":1,"2":3,"3":0,"4":0,"5":0,"6":3},"f":{"0":3},"b":{"0":[3],"1":[0],"2":[0,0,0,3]},"_coverageSchema":"1a1c01bbd47fc00a2c39e90264f33305004495a9","hash":"d4f8fd47e277fd4da679ceddd9fb0e338644a111"}
,"/home/nineleaps/medicine_adherence_frnt/src/redux/reducers/saveUserReducer.tsx": {"path":"/home/nineleaps/medicine_adherence_frnt/src/redux/reducers/saveUserReducer.tsx","statementMap":{"0":{"start":{"line":3,"column":17},"end":{"line":7,"column":1}},"1":{"start":{"line":9,"column":24},"end":{"line":20,"column":1}},"2":{"start":{"line":10,"column":0},"end":{"line":19,"column":1}},"3":{"start":{"line":12,"column":4},"end":{"line":12,"column":37}},"4":{"start":{"line":14,"column":4},"end":{"line":14,"column":60}},"5":{"start":{"line":16,"column":4},"end":{"line":16,"column":59}},"6":{"start":{"line":18,"column":4},"end":{"line":18,"column":24}}},"fnMap":{"0":{"name":"(anonymous_0)","decl":{"start":{"line":9,"column":24},"end":{"line":9,"column":25}},"loc":{"start":{"line":9,"column":58},"end":{"line":20,"column":1}},"line":9}},"branchMap":{"0":{"loc":{"start":{"line":9,"column":25},"end":{"line":9,"column":45}},"type":"default-arg","locations":[{"start":{"line":9,"column":33},"end":{"line":9,"column":45}}],"line":9},"1":{"loc":{"start":{"line":10,"column":0},"end":{"line":19,"column":1}},"type":"switch","locations":[{"start":{"line":11,"column":2},"end":{"line":12,"column":37}},{"start":{"line":13,"column":2},"end":{"line":14,"column":60}},{"start":{"line":15,"column":2},"end":{"line":16,"column":59}},{"start":{"line":17,"column":2},"end":{"line":18,"column":24}}],"line":10}},"s":{"0":1,"1":1,"2":3,"3":0,"4":0,"5":0,"6":3},"f":{"0":3},"b":{"0":[3],"1":[0,0,0,3]},"_coverageSchema":"1a1c01bbd47fc00a2c39e90264f33305004495a9","hash":"54e4d8f9e67bfd2da3260333144f603327f88980"}
,"/home/nineleaps/medicine_adherence_frnt/src/redux/reducers/sendImageReducer.tsx": {"path":"/home/nineleaps/medicine_adherence_frnt/src/redux/reducers/sendImageReducer.tsx","statementMap":{"0":{"start":{"line":3,"column":17},"end":{"line":7,"column":1}},"1":{"start":{"line":9,"column":25},"end":{"line":20,"column":1}},"2":{"start":{"line":10,"column":0},"end":{"line":19,"column":1}},"3":{"start":{"line":12,"column":4},"end":{"line":12,"column":37}},"4":{"start":{"line":14,"column":4},"end":{"line":14,"column":60}},"5":{"start":{"line":16,"column":4},"end":{"line":16,"column":59}},"6":{"start":{"line":18,"column":4},"end":{"line":18,"column":24}}},"fnMap":{"0":{"name":"(anonymous_0)","decl":{"start":{"line":9,"column":25},"end":{"line":9,"column":26}},"loc":{"start":{"line":9,"column":59},"end":{"line":20,"column":1}},"line":9}},"branchMap":{"0":{"loc":{"start":{"line":9,"column":26},"end":{"line":9,"column":46}},"type":"default-arg","locations":[{"start":{"line":9,"column":34},"end":{"line":9,"column":46}}],"line":9},"1":{"loc":{"start":{"line":10,"column":0},"end":{"line":19,"column":1}},"type":"switch","locations":[{"start":{"line":11,"column":2},"end":{"line":12,"column":37}},{"start":{"line":13,"column":2},"end":{"line":14,"column":60}},{"start":{"line":15,"column":2},"end":{"line":16,"column":59}},{"start":{"line":17,"column":2},"end":{"line":18,"column":24}}],"line":10}},"s":{"0":1,"1":1,"2":3,"3":0,"4":0,"5":0,"6":3},"f":{"0":3},"b":{"0":[3],"1":[0,0,0,3]},"_coverageSchema":"1a1c01bbd47fc00a2c39e90264f33305004495a9","hash":"d2da113b7bc2eefedf5dcbc6ce2d6864e0a83168"}
,"/home/nineleaps/medicine_adherence_frnt/src/redux/reducers/singupReducer.tsx": {"path":"/home/nineleaps/medicine_adherence_frnt/src/redux/reducers/singupReducer.tsx","statementMap":{"0":{"start":{"line":2,"column":21},"end":{"line":6,"column":1}},"1":{"start":{"line":7,"column":22},"end":{"line":18,"column":1}},"2":{"start":{"line":8,"column":2},"end":{"line":17,"column":3}},"3":{"start":{"line":10,"column":6},"end":{"line":10,"column":54}},"4":{"start":{"line":12,"column":6},"end":{"line":12,"column":62}},"5":{"start":{"line":14,"column":6},"end":{"line":14,"column":61}},"6":{"start":{"line":16,"column":6},"end":{"line":16,"column":26}}},"fnMap":{"0":{"name":"(anonymous_0)","decl":{"start":{"line":7,"column":22},"end":{"line":7,"column":23}},"loc":{"start":{"line":7,"column":56},"end":{"line":18,"column":1}},"line":7}},"branchMap":{"0":{"loc":{"start":{"line":7,"column":23},"end":{"line":7,"column":43}},"type":"default-arg","locations":[{"start":{"line":7,"column":31},"end":{"line":7,"column":43}}],"line":7},"1":{"loc":{"start":{"line":8,"column":2},"end":{"line":17,"column":3}},"type":"switch","locations":[{"start":{"line":9,"column":4},"end":{"line":10,"column":54}},{"start":{"line":11,"column":4},"end":{"line":12,"column":62}},{"start":{"line":13,"column":4},"end":{"line":14,"column":61}},{"start":{"line":15,"column":4},"end":{"line":16,"column":26}}],"line":8}},"s":{"0":1,"1":1,"2":4,"3":1,"4":1,"5":1,"6":1},"f":{"0":4},"b":{"0":[1],"1":[1,1,1,1]},"_coverageSchema":"1a1c01bbd47fc00a2c39e90264f33305004495a9","hash":"4eca912b6f48e5266a2653baf518479c201d64ac"}
,"/home/nineleaps/medicine_adherence_frnt/src/redux/reducers/syncDataReducer.tsx": {"path":"/home/nineleaps/medicine_adherence_frnt/src/redux/reducers/syncDataReducer.tsx","statementMap":{"0":{"start":{"line":3,"column":21},"end":{"line":7,"column":1}},"1":{"start":{"line":8,"column":24},"end":{"line":19,"column":1}},"2":{"start":{"line":9,"column":2},"end":{"line":18,"column":3}},"3":{"start":{"line":11,"column":6},"end":{"line":11,"column":54}},"4":{"start":{"line":13,"column":6},"end":{"line":13,"column":62}},"5":{"start":{"line":15,"column":6},"end":{"line":15,"column":61}},"6":{"start":{"line":17,"column":6},"end":{"line":17,"column":26}}},"fnMap":{"0":{"name":"(anonymous_0)","decl":{"start":{"line":8,"column":24},"end":{"line":8,"column":25}},"loc":{"start":{"line":8,"column":58},"end":{"line":19,"column":1}},"line":8}},"branchMap":{"0":{"loc":{"start":{"line":8,"column":25},"end":{"line":8,"column":45}},"type":"default-arg","locations":[{"start":{"line":8,"column":33},"end":{"line":8,"column":45}}],"line":8},"1":{"loc":{"start":{"line":9,"column":2},"end":{"line":18,"column":3}},"type":"switch","locations":[{"start":{"line":10,"column":4},"end":{"line":11,"column":54}},{"start":{"line":12,"column":4},"end":{"line":13,"column":62}},{"start":{"line":14,"column":4},"end":{"line":15,"column":61}},{"start":{"line":16,"column":4},"end":{"line":17,"column":26}}],"line":9}},"s":{"0":1,"1":1,"2":4,"3":1,"4":1,"5":1,"6":1},"f":{"0":4},"b":{"0":[1],"1":[1,1,1,1]},"_coverageSchema":"1a1c01bbd47fc00a2c39e90264f33305004495a9","hash":"ee4968ab92c89db7dd4b40b2d3ca28f8d3b11d47"}
,"/home/nineleaps/medicine_adherence_frnt/src/redux/reducers/syncHistoryReducer.tsx": {"path":"/home/nineleaps/medicine_adherence_frnt/src/redux/reducers/syncHistoryReducer.tsx","statementMap":{"0":{"start":{"line":3,"column":17},"end":{"line":7,"column":1}},"1":{"start":{"line":9,"column":27},"end":{"line":20,"column":1}},"2":{"start":{"line":10,"column":0},"end":{"line":19,"column":1}},"3":{"start":{"line":12,"column":4},"end":{"line":12,"column":52}},"4":{"start":{"line":14,"column":4},"end":{"line":14,"column":60}},"5":{"start":{"line":16,"column":4},"end":{"line":16,"column":59}},"6":{"start":{"line":18,"column":4},"end":{"line":18,"column":24}}},"fnMap":{"0":{"name":"(anonymous_0)","decl":{"start":{"line":9,"column":27},"end":{"line":9,"column":28}},"loc":{"start":{"line":9,"column":61},"end":{"line":20,"column":1}},"line":9}},"branchMap":{"0":{"loc":{"start":{"line":9,"column":28},"end":{"line":9,"column":48}},"type":"default-arg","locations":[{"start":{"line":9,"column":36},"end":{"line":9,"column":48}}],"line":9},"1":{"loc":{"start":{"line":10,"column":0},"end":{"line":19,"column":1}},"type":"switch","locations":[{"start":{"line":11,"column":2},"end":{"line":12,"column":52}},{"start":{"line":13,"column":2},"end":{"line":14,"column":60}},{"start":{"line":15,"column":2},"end":{"line":16,"column":59}},{"start":{"line":17,"column":2},"end":{"line":18,"column":24}}],"line":10}},"s":{"0":1,"1":1,"2":4,"3":1,"4":1,"5":1,"6":1},"f":{"0":4},"b":{"0":[1],"1":[1,1,1,1]},"_coverageSchema":"1a1c01bbd47fc00a2c39e90264f33305004495a9","hash":"68f53ed9ebc052551b5c84c2bfa7487396001d50"}
,"/home/nineleaps/medicine_adherence_frnt/src/redux/sagas/loginSaga.tsx": {"path":"/home/nineleaps/medicine_adherence_frnt/src/redux/sagas/loginSaga.tsx","statementMap":{"0":{"start":{"line":51,"column":20},"end":{"line":51,"column":25}},"1":{"start":{"line":52,"column":2},"end":{"line":57,"column":3}},"2":{"start":{"line":53,"column":21},"end":{"line":53,"column":62}},"3":{"start":{"line":54,"column":4},"end":{"line":54,"column":57}},"4":{"start":{"line":56,"column":4},"end":{"line":56,"column":46}},"5":{"start":{"line":60,"column":2},"end":{"line":60,"column":61}}},"fnMap":{"0":{"name":"loginSaga","decl":{"start":{"line":50,"column":17},"end":{"line":50,"column":26}},"loc":{"start":{"line":50,"column":34},"end":{"line":58,"column":1}},"line":50},"1":{"name":"loginWatcherSaga","decl":{"start":{"line":59,"column":17},"end":{"line":59,"column":33}},"loc":{"start":{"line":59,"column":36},"end":{"line":61,"column":1}},"line":59}},"branchMap":{},"s":{"0":2,"1":2,"2":2,"3":1,"4":1,"5":1},"f":{"0":2,"1":1},"b":{},"_coverageSchema":"1a1c01bbd47fc00a2c39e90264f33305004495a9","hash":"c4a8e96cffe2bc116c2afe73a0c9289c5a7fc0dd"}
,"/home/nineleaps/medicine_adherence_frnt/src/repositories/var.tsx": {"path":"/home/nineleaps/medicine_adherence_frnt/src/repositories/var.tsx","statementMap":{"0":{"start":{"line":1,"column":21},"end":{"line":1,"column":58}}},"fnMap":{},"branchMap":{},"s":{"0":1},"f":{},"b":{},"_coverageSchema":"1a1c01bbd47fc00a2c39e90264f33305004495a9","hash":"b067d7657d2dbeb30655aad0fae30da8ad4c5e60"}
,"/home/nineleaps/medicine_adherence_frnt/src/repositories/signup/signUp.ts": {"path":"/home/nineleaps/medicine_adherence_frnt/src/repositories/signup/signUp.ts","statementMap":{"0":{"start":{"line":6,"column":26},"end":{"line":40,"column":1}},"1":{"start":{"line":8,"column":30},"end":{"line":8,"column":36}},"2":{"start":{"line":9,"column":19},"end":{"line":9,"column":43}},"3":{"start":{"line":10,"column":4},"end":{"line":10,"column":47}},"4":{"start":{"line":11,"column":4},"end":{"line":11,"column":60}},"5":{"start":{"line":13,"column":21},"end":{"line":22,"column":6}},"6":{"start":{"line":23,"column":4},"end":{"line":23,"column":20}},"7":{"start":{"line":26,"column":30},"end":{"line":26,"column":36}},"8":{"start":{"line":27,"column":19},"end":{"line":27,"column":42}},"9":{"start":{"line":28,"column":21},"end":{"line":37,"column":6}},"10":{"start":{"line":38,"column":4},"end":{"line":38,"column":20}}},"fnMap":{"0":{"name":"(anonymous_0)","decl":{"start":{"line":7,"column":10},"end":{"line":7,"column":11}},"loc":{"start":{"line":7,"column":37},"end":{"line":24,"column":3}},"line":7},"1":{"name":"(anonymous_1)","decl":{"start":{"line":25,"column":13},"end":{"line":25,"column":14}},"loc":{"start":{"line":25,"column":40},"end":{"line":39,"column":3}},"line":25}},"branchMap":{},"s":{"0":1,"1":0,"2":0,"3":0,"4":0,"5":0,"6":0,"7":0,"8":0,"9":0,"10":0},"f":{"0":0,"1":0},"b":{},"_coverageSchema":"1a1c01bbd47fc00a2c39e90264f33305004495a9","hash":"54097e39a84f071262e42e723214db72c54bc71a"}
,"/home/nineleaps/medicine_adherence_frnt/src/screens/OnboardingScreen.tsx": {"path":"/home/nineleaps/medicine_adherence_frnt/src/screens/OnboardingScreen.tsx","statementMap":{"0":{"start":{"line":7,"column":25},"end":{"line":20,"column":1}},"1":{"start":{"line":8,"column":2},"end":{"line":10,"column":10}},"2":{"start":{"line":9,"column":4},"end":{"line":9,"column":34}},"3":{"start":{"line":11,"column":2},"end":{"line":19,"column":4}}},"fnMap":{"0":{"name":"(anonymous_0)","decl":{"start":{"line":7,"column":25},"end":{"line":7,"column":26}},"loc":{"start":{"line":7,"column":43},"end":{"line":20,"column":1}},"line":7},"1":{"name":"(anonymous_1)","decl":{"start":{"line":8,"column":13},"end":{"line":8,"column":14}},"loc":{"start":{"line":8,"column":19},"end":{"line":10,"column":3}},"line":8}},"branchMap":{},"s":{"0":1,"1":1,"2":0,"3":1},"f":{"0":1,"1":0},"b":{},"_coverageSchema":"1a1c01bbd47fc00a2c39e90264f33305004495a9","hash":"5625612dc75dc2983c24cfb9fc0de1afb11bce54"}
,"/home/nineleaps/medicine_adherence_frnt/src/screens/aboutApp.tsx": {"path":"/home/nineleaps/medicine_adherence_frnt/src/screens/aboutApp.tsx","statementMap":{"0":{"start":{"line":5,"column":14},"end":{"line":23,"column":1}},"1":{"start":{"line":6,"column":2},"end":{"line":22,"column":4}}},"fnMap":{"0":{"name":"(anonymous_0)","decl":{"start":{"line":5,"column":14},"end":{"line":5,"column":15}},"loc":{"start":{"line":5,"column":20},"end":{"line":23,"column":1}},"line":5}},"branchMap":{},"s":{"0":1,"1":2},"f":{"0":2},"b":{},"_coverageSchema":"1a1c01bbd47fc00a2c39e90264f33305004495a9","hash":"05a476b70c9f12810e50707d02d8383f38f5efef"}
,"/home/nineleaps/medicine_adherence_frnt/src/screens/settings.tsx": {"path":"/home/nineleaps/medicine_adherence_frnt/src/screens/settings.tsx","statementMap":{"0":{"start":{"line":11,"column":34},"end":{"line":55,"column":1}},"1":{"start":{"line":12,"column":2},"end":{"line":54,"column":4}},"2":{"start":{"line":23,"column":25},"end":{"line":23,"column":47}},"3":{"start":{"line":34,"column":25},"end":{"line":34,"column":53}},"4":{"start":{"line":41,"column":12},"end":{"line":49,"column":30}},"5":{"start":{"line":42,"column":14},"end":{"line":48,"column":17}}},"fnMap":{"0":{"name":"(anonymous_0)","decl":{"start":{"line":11,"column":34},"end":{"line":11,"column":35}},"loc":{"start":{"line":11,"column":59},"end":{"line":55,"column":1}},"line":11},"1":{"name":"(anonymous_1)","decl":{"start":{"line":23,"column":19},"end":{"line":23,"column":20}},"loc":{"start":{"line":23,"column":25},"end":{"line":23,"column":47}},"line":23},"2":{"name":"(anonymous_2)","decl":{"start":{"line":34,"column":19},"end":{"line":34,"column":20}},"loc":{"start":{"line":34,"column":25},"end":{"line":34,"column":53}},"line":34},"3":{"name":"(anonymous_3)","decl":{"start":{"line":40,"column":19},"end":{"line":40,"column":20}},"loc":{"start":{"line":40,"column":31},"end":{"line":50,"column":11}},"line":40}},"branchMap":{},"s":{"0":1,"1":1,"2":0,"3":0,"4":0,"5":0},"f":{"0":1,"1":0,"2":0,"3":0},"b":{},"_coverageSchema":"1a1c01bbd47fc00a2c39e90264f33305004495a9","hash":"12281356b94bcc8baf6c9c1060515414b64a3d74"}
,"/home/nineleaps/medicine_adherence_frnt/src/screens/adherence/adherenceStyles/todayPerformanceStyles.tsx": {"path":"/home/nineleaps/medicine_adherence_frnt/src/screens/adherence/adherenceStyles/todayPerformanceStyles.tsx","statementMap":{"0":{"start":{"line":3,"column":14},"end":{"line":21,"column":2}}},"fnMap":{},"branchMap":{},"s":{"0":1},"f":{},"b":{},"_coverageSchema":"1a1c01bbd47fc00a2c39e90264f33305004495a9","hash":"795a1fabfb95b2489f62404a40a4f1a079ac5059"}
,"/home/nineleaps/medicine_adherence_frnt/src/screens/adherence/components/todayPerformance.tsx": {"path":"/home/nineleaps/medicine_adherence_frnt/src/screens/adherence/components/todayPerformance.tsx","statementMap":{"0":{"start":{"line":4,"column":12},"end":{"line":4,"column":62}},"1":{"start":{"line":9,"column":9},"end":{"line":9,"column":10}},"2":{"start":{"line":11,"column":25},"end":{"line":152,"column":1}},"3":{"start":{"line":12,"column":13},"end":{"line":15,"column":4}},"4":{"start":{"line":17,"column":20},"end":{"line":17,"column":32}},"5":{"start":{"line":18,"column":29},"end":{"line":18,"column":41}},"6":{"start":{"line":20,"column":22},"end":{"line":59,"column":3}},"7":{"start":{"line":21,"column":18},"end":{"line":21,"column":39}},"8":{"start":{"line":23,"column":4},"end":{"line":25,"column":5}},"9":{"start":{"line":24,"column":6},"end":{"line":24,"column":31}},"10":{"start":{"line":26,"column":21},"end":{"line":26,"column":23}},"11":{"start":{"line":27,"column":14},"end":{"line":27,"column":28}},"12":{"start":{"line":28,"column":4},"end":{"line":34,"column":5}},"13":{"start":{"line":28,"column":17},"end":{"line":28,"column":18}},"14":{"start":{"line":29,"column":6},"end":{"line":33,"column":7}},"15":{"start":{"line":30,"column":8},"end":{"line":30,"column":33}},"16":{"start":{"line":32,"column":8},"end":{"line":32,"column":39}},"17":{"start":{"line":35,"column":20},"end":{"line":35,"column":30}},"18":{"start":{"line":37,"column":6},"end":{"line":41,"column":29}},"19":{"start":{"line":42,"column":4},"end":{"line":42,"column":12}},"20":{"start":{"line":43,"column":4},"end":{"line":58,"column":7}},"21":{"start":{"line":44,"column":6},"end":{"line":47,"column":8}},"22":{"start":{"line":49,"column":6},"end":{"line":52,"column":8}},"23":{"start":{"line":53,"column":6},"end":{"line":57,"column":9}},"24":{"start":{"line":61,"column":2},"end":{"line":125,"column":9}},"25":{"start":{"line":62,"column":4},"end":{"line":124,"column":7}},"26":{"start":{"line":63,"column":6},"end":{"line":66,"column":8}},"27":{"start":{"line":67,"column":6},"end":{"line":123,"column":8}},"28":{"start":{"line":71,"column":10},"end":{"line":71,"column":46}},"29":{"start":{"line":72,"column":20},"end":{"line":72,"column":52}},"30":{"start":{"line":73,"column":20},"end":{"line":73,"column":32}},"31":{"start":{"line":74,"column":22},"end":{"line":74,"column":57}},"32":{"start":{"line":75,"column":26},"end":{"line":75,"column":36}},"33":{"start":{"line":77,"column":12},"end":{"line":81,"column":35}},"34":{"start":{"line":82,"column":10},"end":{"line":121,"column":11}},"35":{"start":{"line":83,"column":12},"end":{"line":86,"column":14}},"36":{"start":{"line":87,"column":12},"end":{"line":118,"column":14}},"37":{"start":{"line":91,"column":16},"end":{"line":116,"column":17}},"38":{"start":{"line":92,"column":30},"end":{"line":92,"column":77}},"39":{"start":{"line":94,"column":18},"end":{"line":97,"column":20}},"40":{"start":{"line":99,"column":18},"end":{"line":99,"column":60}},"41":{"start":{"line":101,"column":18},"end":{"line":107,"column":20}},"42":{"start":{"line":105,"column":22},"end":{"line":105,"column":69}},"43":{"start":{"line":109,"column":18},"end":{"line":115,"column":20}},"44":{"start":{"line":113,"column":22},"end":{"line":113,"column":69}},"45":{"start":{"line":120,"column":12},"end":{"line":120,"column":26}},"46":{"start":{"line":127,"column":2},"end":{"line":151,"column":4}},"47":{"start":{"line":145,"column":14},"end":{"line":145,"column":67}}},"fnMap":{"0":{"name":"(anonymous_0)","decl":{"start":{"line":11,"column":25},"end":{"line":11,"column":26}},"loc":{"start":{"line":11,"column":38},"end":{"line":152,"column":1}},"line":11},"1":{"name":"(anonymous_1)","decl":{"start":{"line":20,"column":22},"end":{"line":20,"column":23}},"loc":{"start":{"line":20,"column":43},"end":{"line":59,"column":3}},"line":20},"2":{"name":"(anonymous_2)","decl":{"start":{"line":43,"column":25},"end":{"line":43,"column":26}},"loc":{"start":{"line":43,"column":47},"end":{"line":58,"column":5}},"line":43},"3":{"name":"(anonymous_3)","decl":{"start":{"line":61,"column":18},"end":{"line":61,"column":19}},"loc":{"start":{"line":61,"column":24},"end":{"line":125,"column":3}},"line":61},"4":{"name":"(anonymous_4)","decl":{"start":{"line":62,"column":19},"end":{"line":62,"column":20}},"loc":{"start":{"line":62,"column":40},"end":{"line":124,"column":5}},"line":62},"5":{"name":"(anonymous_5)","decl":{"start":{"line":70,"column":8},"end":{"line":70,"column":9}},"loc":{"start":{"line":70,"column":28},"end":{"line":122,"column":9}},"line":70},"6":{"name":"(anonymous_6)","decl":{"start":{"line":90,"column":14},"end":{"line":90,"column":15}},"loc":{"start":{"line":90,"column":30},"end":{"line":117,"column":15}},"line":90},"7":{"name":"(anonymous_7)","decl":{"start":{"line":104,"column":20},"end":{"line":104,"column":21}},"loc":{"start":{"line":104,"column":37},"end":{"line":106,"column":21}},"line":104},"8":{"name":"(anonymous_8)","decl":{"start":{"line":112,"column":20},"end":{"line":112,"column":21}},"loc":{"start":{"line":112,"column":37},"end":{"line":114,"column":21}},"line":112},"9":{"name":"(anonymous_9)","decl":{"start":{"line":144,"column":24},"end":{"line":144,"column":25}},"loc":{"start":{"line":144,"column":36},"end":{"line":146,"column":13}},"line":144}},"branchMap":{"0":{"loc":{"start":{"line":23,"column":4},"end":{"line":25,"column":5}},"type":"if","locations":[{"start":{"line":23,"column":4},"end":{"line":25,"column":5}},{"start":{},"end":{}}],"line":23},"1":{"loc":{"start":{"line":29,"column":6},"end":{"line":33,"column":7}},"type":"if","locations":[{"start":{"line":29,"column":6},"end":{"line":33,"column":7}},{"start":{"line":31,"column":13},"end":{"line":33,"column":7}}],"line":29},"2":{"loc":{"start":{"line":82,"column":10},"end":{"line":121,"column":11}},"type":"if","locations":[{"start":{"line":82,"column":10},"end":{"line":121,"column":11}},{"start":{"line":119,"column":17},"end":{"line":121,"column":11}}],"line":82},"3":{"loc":{"start":{"line":82,"column":14},"end":{"line":82,"column":70}},"type":"binary-expr","locations":[{"start":{"line":82,"column":14},"end":{"line":82,"column":48}},{"start":{"line":82,"column":52},"end":{"line":82,"column":70}}],"line":82},"4":{"loc":{"start":{"line":91,"column":16},"end":{"line":116,"column":17}},"type":"if","locations":[{"start":{"line":91,"column":16},"end":{"line":116,"column":17}},{"start":{"line":108,"column":23},"end":{"line":116,"column":17}}],"line":91},"5":{"loc":{"start":{"line":133,"column":7},"end":{"line":149,"column":7}},"type":"cond-expr","locations":[{"start":{"line":134,"column":8},"end":{"line":139,"column":15}},{"start":{"line":141,"column":8},"end":{"line":148,"column":15}}],"line":133},"6":{"loc":{"start":{"line":133,"column":7},"end":{"line":133,"column":54}},"type":"binary-expr","locations":[{"start":{"line":133,"column":7},"end":{"line":133,"column":27}},{"start":{"line":133,"column":31},"end":{"line":133,"column":54}}],"line":133}},"s":{"0":1,"1":1,"2":1,"3":0,"4":0,"5":0,"6":0,"7":0,"8":0,"9":0,"10":0,"11":0,"12":0,"13":0,"14":0,"15":0,"16":0,"17":0,"18":0,"19":0,"20":0,"21":0,"22":0,"23":0,"24":0,"25":0,"26":0,"27":0,"28":0,"29":0,"30":0,"31":0,"32":0,"33":0,"34":0,"35":0,"36":0,"37":0,"38":0,"39":0,"40":0,"41":0,"42":0,"43":0,"44":0,"45":0,"46":0,"47":0},"f":{"0":0,"1":0,"2":0,"3":0,"4":0,"5":0,"6":0,"7":0,"8":0,"9":0},"b":{"0":[0,0],"1":[0,0],"2":[0,0],"3":[0,0],"4":[0,0],"5":[0,0],"6":[0,0]},"_coverageSchema":"1a1c01bbd47fc00a2c39e90264f33305004495a9","hash":"c713b67339a4e4d30d7b497e2745ce2a28208f23"}
,"/home/nineleaps/medicine_adherence_frnt/src/screens/screenStyles/aboutAppStyles.tsx": {"path":"/home/nineleaps/medicine_adherence_frnt/src/screens/screenStyles/aboutAppStyles.tsx","statementMap":{"0":{"start":{"line":4,"column":17},"end":{"line":4,"column":41}},"1":{"start":{"line":5,"column":16},"end":{"line":5,"column":40}},"2":{"start":{"line":6,"column":20},"end":{"line":6,"column":33}},"3":{"start":{"line":7,"column":19},"end":{"line":7,"column":28}},"4":{"start":{"line":10,"column":15},"end":{"line":32,"column":4}}},"fnMap":{},"branchMap":{},"s":{"0":1,"1":1,"2":1,"3":1,"4":1},"f":{},"b":{},"_coverageSchema":"1a1c01bbd47fc00a2c39e90264f33305004495a9","hash":"0bc401929a4e82d4e78201a4c19358976fad2040"}
,"/home/nineleaps/medicine_adherence_frnt/src/screens/screenStyles/onBoardingStyes.tsx": {"path":"/home/nineleaps/medicine_adherence_frnt/src/screens/screenStyles/onBoardingStyes.tsx","statementMap":{"0":{"start":{"line":3,"column":14},"end":{"line":11,"column":2}}},"fnMap":{},"branchMap":{},"s":{"0":1},"f":{},"b":{},"_coverageSchema":"1a1c01bbd47fc00a2c39e90264f33305004495a9","hash":"39afd537c4b56ff977d928ad229b37bd3bc922b8"}
,"/home/nineleaps/medicine_adherence_frnt/src/screens/screenStyles/settingStyles.tsx": {"path":"/home/nineleaps/medicine_adherence_frnt/src/screens/screenStyles/settingStyles.tsx","statementMap":{"0":{"start":{"line":3,"column":15},"end":{"line":8,"column":2}}},"fnMap":{},"branchMap":{},"s":{"0":1},"f":{},"b":{},"_coverageSchema":"1a1c01bbd47fc00a2c39e90264f33305004495a9","hash":"8bb8ab39f8a3f03511faf98bab966b7bd4f0e00f"}
}
