{"/home/nineleaps/medicine_adherence_frnt/assests/Medstick_1.png": {"path":"/home/nineleaps/medicine_adherence_frnt/assests/Medstick_1.png","statementMap":{"0":{"start":{"line":1,"column":0},"end":{"line":4,"column":6}}},"fnMap":{},"branchMap":{},"s":{"0":2},"f":{},"b":{},"inputSourceMap":null,"_coverageSchema":"1a1c01bbd47fc00a2c39e90264f33305004495a9","hash":"a8e2d757b6eef166ff3041d9943d5354720faa42"}
,"/home/nineleaps/medicine_adherence_frnt/src/logger.tsx": {"path":"/home/nineleaps/medicine_adherence_frnt/src/logger.tsx","statementMap":{"0":{"start":{"line":2,"column":12},"end":{"line":2,"column":33}},"1":{"start":{"line":4,"column":2},"end":{"line":4,"column":17}},"2":{"start":{"line":7,"column":2},"end":{"line":7,"column":18}},"3":{"start":{"line":10,"column":2},"end":{"line":10,"column":18}},"4":{"start":{"line":13,"column":2},"end":{"line":13,"column":17}},"5":{"start":{"line":15,"column":15},"end":{"line":20,"column":1}}},"fnMap":{"0":{"name":"loggerInfo","decl":{"start":{"line":3,"column":9},"end":{"line":3,"column":19}},"loc":{"start":{"line":3,"column":26},"end":{"line":5,"column":1}},"line":3},"1":{"name":"loggerDebug","decl":{"start":{"line":6,"column":9},"end":{"line":6,"column":20}},"loc":{"start":{"line":6,"column":27},"end":{"line":8,"column":1}},"line":6},"2":{"name":"loggerError","decl":{"start":{"line":9,"column":9},"end":{"line":9,"column":20}},"loc":{"start":{"line":9,"column":27},"end":{"line":11,"column":1}},"line":9},"3":{"name":"loggerWarn","decl":{"start":{"line":12,"column":9},"end":{"line":12,"column":19}},"loc":{"start":{"line":12,"column":26},"end":{"line":14,"column":1}},"line":12}},"branchMap":{},"s":{"0":2,"1":3,"2":0,"3":3,"4":0,"5":2},"f":{"0":3,"1":0,"2":3,"3":0},"b":{},"_coverageSchema":"1a1c01bbd47fc00a2c39e90264f33305004495a9","hash":"171d526a1e0271b0e79e7ed1d6a5da29dade91aa"}
,"/home/nineleaps/medicine_adherence_frnt/src/components/organisms/medicineTime.tsx": {"path":"/home/nineleaps/medicine_adherence_frnt/src/components/organisms/medicineTime.tsx","statementMap":{"0":{"start":{"line":6,"column":19},"end":{"line":38,"column":1}},"1":{"start":{"line":7,"column":30},"end":{"line":7,"column":35}},"2":{"start":{"line":8,"column":26},"end":{"line":8,"column":41}},"3":{"start":{"line":9,"column":31},"end":{"line":9,"column":46}},"4":{"start":{"line":11,"column":2},"end":{"line":37,"column":4}},"5":{"start":{"line":25,"column":12},"end":{"line":25,"column":27}},"6":{"start":{"line":26,"column":12},"end":{"line":26,"column":32}},"7":{"start":{"line":27,"column":12},"end":{"line":27,"column":30}}},"fnMap":{"0":{"name":"(anonymous_0)","decl":{"start":{"line":6,"column":19},"end":{"line":6,"column":20}},"loc":{"start":{"line":6,"column":35},"end":{"line":38,"column":1}},"line":6},"1":{"name":"(anonymous_1)","decl":{"start":{"line":24,"column":19},"end":{"line":24,"column":20}},"loc":{"start":{"line":24,"column":25},"end":{"line":28,"column":11}},"line":24}},"branchMap":{"0":{"loc":{"start":{"line":12,"column":4},"end":{"line":36,"column":5}},"type":"binary-expr","locations":[{"start":{"line":12,"column":4},"end":{"line":12,"column":21}},{"start":{"line":13,"column":6},"end":{"line":35,"column":13}}],"line":12},"1":{"loc":{"start":{"line":30,"column":9},"end":{"line":34,"column":9}},"type":"cond-expr","locations":[{"start":{"line":31,"column":10},"end":{"line":31,"column":51}},{"start":{"line":33,"column":10},"end":{"line":33,"column":55}}],"line":30}},"s":{"0":1,"1":0,"2":0,"3":0,"4":0,"5":0,"6":0,"7":0},"f":{"0":0,"1":0},"b":{"0":[0,0],"1":[0,0]},"_coverageSchema":"1a1c01bbd47fc00a2c39e90264f33305004495a9","hash":"16c36ffab87173f3b242b713247c6020add48e93"}
,"/home/nineleaps/medicine_adherence_frnt/src/constants/apiurl.ts": {"path":"/home/nineleaps/medicine_adherence_frnt/src/constants/apiurl.ts","statementMap":{"0":{"start":{"line":3,"column":24},"end":{"line":22,"column":1}}},"fnMap":{},"branchMap":{},"s":{"0":16},"f":{},"b":{},"_coverageSchema":"1a1c01bbd47fc00a2c39e90264f33305004495a9","hash":"93f3e729b98cdd86bfd38b3cb7eb0e68bc9e3482"}
,"/home/nineleaps/medicine_adherence_frnt/src/redux/actions/getImagesActions.tsx": {"path":"/home/nineleaps/medicine_adherence_frnt/src/redux/actions/getImagesActions.tsx","statementMap":{"0":{"start":{"line":4,"column":2},"end":{"line":7,"column":4}},"1":{"start":{"line":11,"column":2},"end":{"line":14,"column":4}},"2":{"start":{"line":17,"column":2},"end":{"line":20,"column":4}},"3":{"start":{"line":22,"column":32},"end":{"line":26,"column":1}}},"fnMap":{"0":{"name":"getImageRequest","decl":{"start":{"line":3,"column":16},"end":{"line":3,"column":31}},"loc":{"start":{"line":3,"column":47},"end":{"line":8,"column":1}},"line":3},"1":{"name":"getImageSuccess","decl":{"start":{"line":10,"column":16},"end":{"line":10,"column":31}},"loc":{"start":{"line":10,"column":38},"end":{"line":15,"column":1}},"line":10},"2":{"name":"getImageFailure","decl":{"start":{"line":16,"column":16},"end":{"line":16,"column":31}},"loc":{"start":{"line":16,"column":38},"end":{"line":21,"column":1}},"line":16}},"branchMap":{},"s":{"0":1,"1":1,"2":1,"3":1},"f":{"0":1,"1":1,"2":1},"b":{},"_coverageSchema":"1a1c01bbd47fc00a2c39e90264f33305004495a9","hash":"b0eafeb845fb8f5ad1ddf32f5e8eebbc990f93fb"}
,"/home/nineleaps/medicine_adherence_frnt/src/redux/actions/getUserbyIdActions.tsx": {"path":"/home/nineleaps/medicine_adherence_frnt/src/redux/actions/getUserbyIdActions.tsx","statementMap":{"0":{"start":{"line":4,"column":2},"end":{"line":7,"column":4}},"1":{"start":{"line":11,"column":2},"end":{"line":14,"column":4}},"2":{"start":{"line":17,"column":2},"end":{"line":20,"column":4}},"3":{"start":{"line":22,"column":34},"end":{"line":26,"column":1}}},"fnMap":{"0":{"name":"getUserbyIdRequest","decl":{"start":{"line":3,"column":16},"end":{"line":3,"column":34}},"loc":{"start":{"line":3,"column":50},"end":{"line":8,"column":1}},"line":3},"1":{"name":"getUserbyidSuccess","decl":{"start":{"line":10,"column":16},"end":{"line":10,"column":34}},"loc":{"start":{"line":10,"column":41},"end":{"line":15,"column":1}},"line":10},"2":{"name":"getUserbyudFailure","decl":{"start":{"line":16,"column":16},"end":{"line":16,"column":34}},"loc":{"start":{"line":16,"column":42},"end":{"line":21,"column":1}},"line":16}},"branchMap":{},"s":{"0":1,"1":1,"2":1,"3":1},"f":{"0":1,"1":1,"2":1},"b":{},"_coverageSchema":"1a1c01bbd47fc00a2c39e90264f33305004495a9","hash":"93ce79f2969d7aed1e21edf38df21c4c5f2ebe8b"}
,"/home/nineleaps/medicine_adherence_frnt/src/redux/actions/myPatientsActions.tsx": {"path":"/home/nineleaps/medicine_adherence_frnt/src/redux/actions/myPatientsActions.tsx","statementMap":{"0":{"start":{"line":4,"column":2},"end":{"line":7,"column":4}},"1":{"start":{"line":10,"column":2},"end":{"line":10,"column":31}},"2":{"start":{"line":11,"column":2},"end":{"line":14,"column":4}},"3":{"start":{"line":17,"column":2},"end":{"line":17,"column":27}},"4":{"start":{"line":18,"column":2},"end":{"line":21,"column":4}},"5":{"start":{"line":23,"column":33},"end":{"line":27,"column":1}}},"fnMap":{"0":{"name":"fetchPatients","decl":{"start":{"line":3,"column":16},"end":{"line":3,"column":29}},"loc":{"start":{"line":3,"column":47},"end":{"line":8,"column":1}},"line":3},"1":{"name":"fetchPatientsuccess","decl":{"start":{"line":9,"column":16},"end":{"line":9,"column":35}},"loc":{"start":{"line":9,"column":42},"end":{"line":15,"column":1}},"line":9},"2":{"name":"fetchPatienterror","decl":{"start":{"line":16,"column":16},"end":{"line":16,"column":33}},"loc":{"start":{"line":16,"column":41},"end":{"line":22,"column":1}},"line":16}},"branchMap":{},"s":{"0":1,"1":1,"2":1,"3":1,"4":1,"5":1},"f":{"0":1,"1":1,"2":1},"b":{},"_coverageSchema":"1a1c01bbd47fc00a2c39e90264f33305004495a9","hash":"5ae819d8793546109fb641386a4e803a1254a63a"}
,"/home/nineleaps/medicine_adherence_frnt/src/redux/actions/patientRequestActions.tsx": {"path":"/home/nineleaps/medicine_adherence_frnt/src/redux/actions/patientRequestActions.tsx","statementMap":{"0":{"start":{"line":4,"column":4},"end":{"line":7,"column":6}},"1":{"start":{"line":10,"column":4},"end":{"line":10,"column":33}},"2":{"start":{"line":11,"column":4},"end":{"line":14,"column":6}},"3":{"start":{"line":17,"column":4},"end":{"line":17,"column":28}},"4":{"start":{"line":18,"column":4},"end":{"line":21,"column":6}},"5":{"start":{"line":23,"column":37},"end":{"line":28,"column":1}}},"fnMap":{"0":{"name":"fetchpatientrequests","decl":{"start":{"line":3,"column":16},"end":{"line":3,"column":36}},"loc":{"start":{"line":3,"column":52},"end":{"line":8,"column":1}},"line":3},"1":{"name":"fetchpatientsuccess","decl":{"start":{"line":9,"column":16},"end":{"line":9,"column":35}},"loc":{"start":{"line":9,"column":42},"end":{"line":15,"column":1}},"line":9},"2":{"name":"fetchpatienterror","decl":{"start":{"line":16,"column":16},"end":{"line":16,"column":33}},"loc":{"start":{"line":16,"column":40},"end":{"line":22,"column":1}},"line":16}},"branchMap":{},"s":{"0":1,"1":1,"2":1,"3":1,"4":1,"5":1},"f":{"0":1,"1":1,"2":1},"b":{},"_coverageSchema":"1a1c01bbd47fc00a2c39e90264f33305004495a9","hash":"7bf2dba52260d6d9de52d3c7664df11890e7bcea"}
,"/home/nineleaps/medicine_adherence_frnt/src/redux/actions/postSaveUserActions.tsx": {"path":"/home/nineleaps/medicine_adherence_frnt/src/redux/actions/postSaveUserActions.tsx","statementMap":{"0":{"start":{"line":4,"column":22},"end":{"line":18,"column":1}},"1":{"start":{"line":19,"column":12},"end":{"line":19,"column":46}},"2":{"start":{"line":22,"column":2},"end":{"line":25,"column":4}},"3":{"start":{"line":28,"column":2},"end":{"line":28,"column":28}},"4":{"start":{"line":29,"column":2},"end":{"line":32,"column":4}},"5":{"start":{"line":35,"column":2},"end":{"line":35,"column":25}},"6":{"start":{"line":36,"column":2},"end":{"line":39,"column":4}},"7":{"start":{"line":41,"column":35},"end":{"line":46,"column":1}}},"fnMap":{"0":{"name":"postSaveUserDetails","decl":{"start":{"line":21,"column":16},"end":{"line":21,"column":35}},"loc":{"start":{"line":21,"column":71},"end":{"line":26,"column":1}},"line":21},"1":{"name":"postSaveUserDetailssuccess","decl":{"start":{"line":27,"column":16},"end":{"line":27,"column":42}},"loc":{"start":{"line":27,"column":53},"end":{"line":33,"column":1}},"line":27},"2":{"name":"postSaveUserDetailserror","decl":{"start":{"line":34,"column":16},"end":{"line":34,"column":40}},"loc":{"start":{"line":34,"column":52},"end":{"line":40,"column":1}},"line":34}},"branchMap":{},"s":{"0":1,"1":1,"2":1,"3":1,"4":1,"5":1,"6":1,"7":1},"f":{"0":1,"1":1,"2":1},"b":{},"_coverageSchema":"1a1c01bbd47fc00a2c39e90264f33305004495a9","hash":"f704aaf8147524814598edb4cbd304864f5186bc"}
,"/home/nineleaps/medicine_adherence_frnt/src/redux/actions/adherence/allTypes.tsx": {"path":"/home/nineleaps/medicine_adherence_frnt/src/redux/actions/adherence/allTypes.tsx","statementMap":{"0":{"start":{"line":1,"column":14},"end":{"line":101,"column":1}}},"fnMap":{},"branchMap":{},"s":{"0":59},"f":{},"b":{},"_coverageSchema":"1a1c01bbd47fc00a2c39e90264f33305004495a9","hash":"e907d019bc92f1572b339aa1cda3a1fdf388ca92"}
,"/home/nineleaps/medicine_adherence_frnt/src/redux/actions/adherence/getMedicineHistoryActions.tsx": {"path":"/home/nineleaps/medicine_adherence_frnt/src/redux/actions/adherence/getMedicineHistoryActions.tsx","statementMap":{"0":{"start":{"line":4,"column":22},"end":{"line":18,"column":1}},"1":{"start":{"line":19,"column":12},"end":{"line":19,"column":46}},"2":{"start":{"line":22,"column":4},"end":{"line":25,"column":6}},"3":{"start":{"line":28,"column":4},"end":{"line":28,"column":30}},"4":{"start":{"line":29,"column":4},"end":{"line":32,"column":2}},"5":{"start":{"line":35,"column":4},"end":{"line":35,"column":27}},"6":{"start":{"line":36,"column":4},"end":{"line":39,"column":5}},"7":{"start":{"line":41,"column":41},"end":{"line":45,"column":3}}},"fnMap":{"0":{"name":"getMedicineHistoryRequest","decl":{"start":{"line":21,"column":16},"end":{"line":21,"column":41}},"loc":{"start":{"line":21,"column":58},"end":{"line":26,"column":1}},"line":21},"1":{"name":"getMedicineHistoryRequestSuccess","decl":{"start":{"line":27,"column":16},"end":{"line":27,"column":48}},"loc":{"start":{"line":27,"column":55},"end":{"line":33,"column":1}},"line":27},"2":{"name":"getMedicineHistoryRequestFailure","decl":{"start":{"line":34,"column":16},"end":{"line":34,"column":48}},"loc":{"start":{"line":34,"column":56},"end":{"line":40,"column":1}},"line":34}},"branchMap":{},"s":{"0":2,"1":2,"2":1,"3":3,"4":3,"5":3,"6":3,"7":2},"f":{"0":1,"1":3,"2":3},"b":{},"_coverageSchema":"1a1c01bbd47fc00a2c39e90264f33305004495a9","hash":"4c0765b6da5587ff97002c2864877cf562802e06"}
,"/home/nineleaps/medicine_adherence_frnt/src/redux/actions/adherence/getPdfActions.tsx": {"path":"/home/nineleaps/medicine_adherence_frnt/src/redux/actions/adherence/getPdfActions.tsx","statementMap":{"0":{"start":{"line":4,"column":2},"end":{"line":7,"column":4}},"1":{"start":{"line":11,"column":2},"end":{"line":14,"column":4}},"2":{"start":{"line":17,"column":2},"end":{"line":20,"column":4}},"3":{"start":{"line":22,"column":29},"end":{"line":26,"column":1}}},"fnMap":{"0":{"name":"getPdfRequest","decl":{"start":{"line":3,"column":16},"end":{"line":3,"column":29}},"loc":{"start":{"line":3,"column":45},"end":{"line":8,"column":1}},"line":3},"1":{"name":"getPdfSuccess","decl":{"start":{"line":10,"column":16},"end":{"line":10,"column":29}},"loc":{"start":{"line":10,"column":36},"end":{"line":15,"column":1}},"line":10},"2":{"name":"getPdfFailure","decl":{"start":{"line":16,"column":16},"end":{"line":16,"column":29}},"loc":{"start":{"line":16,"column":37},"end":{"line":21,"column":1}},"line":16}},"branchMap":{},"s":{"0":1,"1":3,"2":3,"3":2},"f":{"0":1,"1":3,"2":3},"b":{},"_coverageSchema":"1a1c01bbd47fc00a2c39e90264f33305004495a9","hash":"1676cbb242eb0080f17820706ab58c0b3b45fee6"}
,"/home/nineleaps/medicine_adherence_frnt/src/redux/actions/adherence/medImagesActions.tsx": {"path":"/home/nineleaps/medicine_adherence_frnt/src/redux/actions/adherence/medImagesActions.tsx","statementMap":{"0":{"start":{"line":4,"column":22},"end":{"line":19,"column":1}},"1":{"start":{"line":21,"column":10},"end":{"line":21,"column":44}},"2":{"start":{"line":24,"column":2},"end":{"line":27,"column":4}},"3":{"start":{"line":30,"column":2},"end":{"line":30,"column":28}},"4":{"start":{"line":31,"column":2},"end":{"line":34,"column":4}},"5":{"start":{"line":37,"column":2},"end":{"line":37,"column":25}},"6":{"start":{"line":38,"column":2},"end":{"line":41,"column":4}},"7":{"start":{"line":44,"column":32},"end":{"line":48,"column":1}}},"fnMap":{"0":{"name":"fetchMedImages","decl":{"start":{"line":23,"column":9},"end":{"line":23,"column":23}},"loc":{"start":{"line":23,"column":41},"end":{"line":28,"column":1}},"line":23},"1":{"name":"fetchMedImagesSuccess","decl":{"start":{"line":29,"column":9},"end":{"line":29,"column":30}},"loc":{"start":{"line":29,"column":37},"end":{"line":35,"column":1}},"line":29},"2":{"name":"fetchMedImagesError","decl":{"start":{"line":36,"column":9},"end":{"line":36,"column":28}},"loc":{"start":{"line":36,"column":36},"end":{"line":42,"column":1}},"line":36}},"branchMap":{},"s":{"0":2,"1":2,"2":1,"3":3,"4":3,"5":3,"6":3,"7":2},"f":{"0":1,"1":3,"2":3},"b":{},"_coverageSchema":"1a1c01bbd47fc00a2c39e90264f33305004495a9","hash":"ec1286dc54912de68a733d7f58e6a883f63b57b0"}
,"/home/nineleaps/medicine_adherence_frnt/src/redux/actions/adherence/syncDataActions.tsx": {"path":"/home/nineleaps/medicine_adherence_frnt/src/redux/actions/adherence/syncDataActions.tsx","statementMap":{"0":{"start":{"line":4,"column":22},"end":{"line":18,"column":1}},"1":{"start":{"line":19,"column":12},"end":{"line":19,"column":46}},"2":{"start":{"line":22,"column":2},"end":{"line":25,"column":4}},"3":{"start":{"line":28,"column":2},"end":{"line":28,"column":28}},"4":{"start":{"line":29,"column":2},"end":{"line":32,"column":4}},"5":{"start":{"line":35,"column":2},"end":{"line":35,"column":25}},"6":{"start":{"line":36,"column":2},"end":{"line":39,"column":4}},"7":{"start":{"line":41,"column":31},"end":{"line":45,"column":1}}},"fnMap":{"0":{"name":"postSyncData","decl":{"start":{"line":21,"column":16},"end":{"line":21,"column":28}},"loc":{"start":{"line":21,"column":46},"end":{"line":26,"column":1}},"line":21},"1":{"name":"postSyncDatasuccess","decl":{"start":{"line":27,"column":16},"end":{"line":27,"column":35}},"loc":{"start":{"line":27,"column":42},"end":{"line":33,"column":1}},"line":27},"2":{"name":"postSyncDataerror","decl":{"start":{"line":34,"column":16},"end":{"line":34,"column":33}},"loc":{"start":{"line":34,"column":41},"end":{"line":40,"column":1}},"line":34}},"branchMap":{},"s":{"0":2,"1":2,"2":1,"3":3,"4":3,"5":3,"6":3,"7":2},"f":{"0":1,"1":3,"2":3},"b":{},"_coverageSchema":"1a1c01bbd47fc00a2c39e90264f33305004495a9","hash":"28f86e0851af802bbeb7d1fd02d72ac7ce014489"}
,"/home/nineleaps/medicine_adherence_frnt/src/redux/actions/adherence/syncHistoryActions.tsx": {"path":"/home/nineleaps/medicine_adherence_frnt/src/redux/actions/adherence/syncHistoryActions.tsx","statementMap":{"0":{"start":{"line":4,"column":22},"end":{"line":18,"column":1}},"1":{"start":{"line":19,"column":12},"end":{"line":19,"column":46}},"2":{"start":{"line":21,"column":2},"end":{"line":24,"column":4}},"3":{"start":{"line":27,"column":2},"end":{"line":27,"column":28}},"4":{"start":{"line":28,"column":2},"end":{"line":31,"column":4}},"5":{"start":{"line":34,"column":2},"end":{"line":34,"column":25}},"6":{"start":{"line":35,"column":2},"end":{"line":38,"column":4}},"7":{"start":{"line":40,"column":34},"end":{"line":44,"column":1}}},"fnMap":{"0":{"name":"putSyncHistory","decl":{"start":{"line":20,"column":16},"end":{"line":20,"column":30}},"loc":{"start":{"line":20,"column":47},"end":{"line":25,"column":1}},"line":20},"1":{"name":"putSyncHistorysuccess","decl":{"start":{"line":26,"column":16},"end":{"line":26,"column":37}},"loc":{"start":{"line":26,"column":44},"end":{"line":32,"column":1}},"line":26},"2":{"name":"putSyncHistoryerror","decl":{"start":{"line":33,"column":16},"end":{"line":33,"column":35}},"loc":{"start":{"line":33,"column":43},"end":{"line":39,"column":1}},"line":33}},"branchMap":{},"s":{"0":2,"1":2,"2":1,"3":3,"4":3,"5":3,"6":3,"7":2},"f":{"0":1,"1":3,"2":3},"b":{},"_coverageSchema":"1a1c01bbd47fc00a2c39e90264f33305004495a9","hash":"7a504224e09f8800f56219d4d8b49134a9d2988a"}
,"/home/nineleaps/medicine_adherence_frnt/src/redux/actions/caretaker/caretakerActions.tsx": {"path":"/home/nineleaps/medicine_adherence_frnt/src/redux/actions/caretaker/caretakerActions.tsx","statementMap":{"0":{"start":{"line":4,"column":22},"end":{"line":18,"column":1}},"1":{"start":{"line":19,"column":12},"end":{"line":19,"column":46}},"2":{"start":{"line":22,"column":2},"end":{"line":25,"column":4}},"3":{"start":{"line":28,"column":2},"end":{"line":28,"column":27}},"4":{"start":{"line":29,"column":2},"end":{"line":32,"column":4}},"5":{"start":{"line":35,"column":2},"end":{"line":35,"column":25}},"6":{"start":{"line":36,"column":2},"end":{"line":39,"column":4}},"7":{"start":{"line":41,"column":32},"end":{"line":45,"column":1}}},"fnMap":{"0":{"name":"fetchCaretakers","decl":{"start":{"line":21,"column":16},"end":{"line":21,"column":31}},"loc":{"start":{"line":21,"column":49},"end":{"line":26,"column":1}},"line":21},"1":{"name":"fetchCaretakerssuccess","decl":{"start":{"line":27,"column":16},"end":{"line":27,"column":38}},"loc":{"start":{"line":27,"column":45},"end":{"line":33,"column":1}},"line":27},"2":{"name":"fetchCaretakerserror","decl":{"start":{"line":34,"column":16},"end":{"line":34,"column":36}},"loc":{"start":{"line":34,"column":44},"end":{"line":40,"column":1}},"line":34}},"branchMap":{},"s":{"0":2,"1":2,"2":1,"3":3,"4":3,"5":3,"6":3,"7":2},"f":{"0":1,"1":3,"2":3},"b":{},"_coverageSchema":"1a1c01bbd47fc00a2c39e90264f33305004495a9","hash":"a6c756229a270932874066a4ddd631ef971adcef"}
,"/home/nineleaps/medicine_adherence_frnt/src/redux/actions/caretaker/emailCaretakerActions.tsx": {"path":"/home/nineleaps/medicine_adherence_frnt/src/redux/actions/caretaker/emailCaretakerActions.tsx","statementMap":{"0":{"start":{"line":4,"column":22},"end":{"line":19,"column":1}},"1":{"start":{"line":21,"column":10},"end":{"line":21,"column":44}},"2":{"start":{"line":23,"column":2},"end":{"line":26,"column":4}},"3":{"start":{"line":30,"column":2},"end":{"line":33,"column":4}},"4":{"start":{"line":37,"column":2},"end":{"line":40,"column":4}},"5":{"start":{"line":43,"column":37},"end":{"line":47,"column":1}}},"fnMap":{"0":{"name":"sendEmail","decl":{"start":{"line":22,"column":9},"end":{"line":22,"column":18}},"loc":{"start":{"line":22,"column":31},"end":{"line":27,"column":1}},"line":22},"1":{"name":"sendEmailSuccess","decl":{"start":{"line":28,"column":9},"end":{"line":28,"column":25}},"loc":{"start":{"line":28,"column":32},"end":{"line":34,"column":1}},"line":28},"2":{"name":"sendEmailFailed","decl":{"start":{"line":35,"column":9},"end":{"line":35,"column":24}},"loc":{"start":{"line":35,"column":32},"end":{"line":41,"column":1}},"line":35}},"branchMap":{},"s":{"0":2,"1":2,"2":1,"3":3,"4":3,"5":2},"f":{"0":1,"1":3,"2":3},"b":{},"_coverageSchema":"1a1c01bbd47fc00a2c39e90264f33305004495a9","hash":"cc5c30a345be50cdc93e40869348b1d055dca96d"}
,"/home/nineleaps/medicine_adherence_frnt/src/redux/actions/caretaker/reqCaretakerActions.tsx": {"path":"/home/nineleaps/medicine_adherence_frnt/src/redux/actions/caretaker/reqCaretakerActions.tsx","statementMap":{"0":{"start":{"line":3,"column":22},"end":{"line":18,"column":1}},"1":{"start":{"line":20,"column":10},"end":{"line":20,"column":44}},"2":{"start":{"line":22,"column":2},"end":{"line":25,"column":4}},"3":{"start":{"line":28,"column":2},"end":{"line":28,"column":28}},"4":{"start":{"line":29,"column":2},"end":{"line":32,"column":4}},"5":{"start":{"line":35,"column":2},"end":{"line":35,"column":25}},"6":{"start":{"line":36,"column":2},"end":{"line":39,"column":4}},"7":{"start":{"line":42,"column":35},"end":{"line":46,"column":1}}},"fnMap":{"0":{"name":"sendReqCaretaker","decl":{"start":{"line":21,"column":9},"end":{"line":21,"column":25}},"loc":{"start":{"line":21,"column":50},"end":{"line":26,"column":1}},"line":21},"1":{"name":"sendReqCaretakerSuccess","decl":{"start":{"line":27,"column":9},"end":{"line":27,"column":32}},"loc":{"start":{"line":27,"column":39},"end":{"line":33,"column":1}},"line":27},"2":{"name":"sendReqCaretakerFailed","decl":{"start":{"line":34,"column":9},"end":{"line":34,"column":31}},"loc":{"start":{"line":34,"column":39},"end":{"line":40,"column":1}},"line":34}},"branchMap":{},"s":{"0":2,"1":2,"2":1,"3":3,"4":3,"5":3,"6":3,"7":2},"f":{"0":1,"1":3,"2":3},"b":{},"_coverageSchema":"1a1c01bbd47fc00a2c39e90264f33305004495a9","hash":"738e2477a953f6fee9b77f960d6afc8ace8cdf80"}
,"/home/nineleaps/medicine_adherence_frnt/src/redux/actions/caretaker/sendImagesAction.tsx": {"path":"/home/nineleaps/medicine_adherence_frnt/src/redux/actions/caretaker/sendImagesAction.tsx","statementMap":{"0":{"start":{"line":3,"column":2},"end":{"line":6,"column":4}},"1":{"start":{"line":11,"column":4},"end":{"line":14,"column":6}},"2":{"start":{"line":17,"column":4},"end":{"line":17,"column":29}},"3":{"start":{"line":18,"column":4},"end":{"line":21,"column":6}},"4":{"start":{"line":23,"column":32},"end":{"line":28,"column":1}}},"fnMap":{"0":{"name":"sendImageRequest","decl":{"start":{"line":2,"column":16},"end":{"line":2,"column":32}},"loc":{"start":{"line":2,"column":48},"end":{"line":7,"column":1}},"line":2},"1":{"name":"sendImageSuccess","decl":{"start":{"line":9,"column":16},"end":{"line":9,"column":32}},"loc":{"start":{"line":9,"column":41},"end":{"line":15,"column":1}},"line":9},"2":{"name":"sendImageFailure","decl":{"start":{"line":16,"column":16},"end":{"line":16,"column":32}},"loc":{"start":{"line":16,"column":40},"end":{"line":22,"column":1}},"line":16}},"branchMap":{},"s":{"0":1,"1":3,"2":3,"3":3,"4":2},"f":{"0":1,"1":3,"2":3},"b":{},"_coverageSchema":"1a1c01bbd47fc00a2c39e90264f33305004495a9","hash":"da16c0b9a0ccfc305de73b958a00573b0d167c26"}
,"/home/nineleaps/medicine_adherence_frnt/src/redux/actions/login/loginActions.tsx": {"path":"/home/nineleaps/medicine_adherence_frnt/src/redux/actions/login/loginActions.tsx","statementMap":{"0":{"start":{"line":7,"column":2},"end":{"line":10,"column":4}},"1":{"start":{"line":13,"column":2},"end":{"line":16,"column":4}},"2":{"start":{"line":19,"column":2},"end":{"line":19,"column":37}},"3":{"start":{"line":20,"column":2},"end":{"line":23,"column":4}},"4":{"start":{"line":25,"column":28},"end":{"line":29,"column":1}}},"fnMap":{"0":{"name":"sendLoginRequest","decl":{"start":{"line":6,"column":9},"end":{"line":6,"column":25}},"loc":{"start":{"line":6,"column":34},"end":{"line":11,"column":1}},"line":6},"1":{"name":"LoginSuccess","decl":{"start":{"line":12,"column":9},"end":{"line":12,"column":21}},"loc":{"start":{"line":12,"column":28},"end":{"line":17,"column":1}},"line":12},"2":{"name":"LoginFailure","decl":{"start":{"line":18,"column":9},"end":{"line":18,"column":21}},"loc":{"start":{"line":18,"column":29},"end":{"line":24,"column":1}},"line":18}},"branchMap":{},"s":{"0":1,"1":3,"2":3,"3":3,"4":2},"f":{"0":1,"1":3,"2":3},"b":{},"_coverageSchema":"1a1c01bbd47fc00a2c39e90264f33305004495a9","hash":"c939451fe4f8013b7a269d688346e57d8ec16159"}
,"/home/nineleaps/medicine_adherence_frnt/src/redux/actions/patient/acceptRequestActions.tsx": {"path":"/home/nineleaps/medicine_adherence_frnt/src/redux/actions/patient/acceptRequestActions.tsx","statementMap":{"0":{"start":{"line":5,"column":2},"end":{"line":8,"column":4}},"1":{"start":{"line":11,"column":2},"end":{"line":11,"column":46}},"2":{"start":{"line":12,"column":2},"end":{"line":15,"column":4}},"3":{"start":{"line":18,"column":2},"end":{"line":18,"column":30}},"4":{"start":{"line":19,"column":2},"end":{"line":22,"column":4}},"5":{"start":{"line":24,"column":36},"end":{"line":28,"column":1}}},"fnMap":{"0":{"name":"fetchAcceptRequest","decl":{"start":{"line":4,"column":16},"end":{"line":4,"column":34}},"loc":{"start":{"line":4,"column":49},"end":{"line":9,"column":1}},"line":4},"1":{"name":"fetchAcceptRequestSuccess","decl":{"start":{"line":10,"column":16},"end":{"line":10,"column":41}},"loc":{"start":{"line":10,"column":48},"end":{"line":16,"column":1}},"line":10},"2":{"name":"fetchAcceptRequestError","decl":{"start":{"line":17,"column":16},"end":{"line":17,"column":39}},"loc":{"start":{"line":17,"column":47},"end":{"line":23,"column":1}},"line":17}},"branchMap":{},"s":{"0":1,"1":3,"2":3,"3":3,"4":3,"5":2},"f":{"0":1,"1":3,"2":3},"b":{},"_coverageSchema":"1a1c01bbd47fc00a2c39e90264f33305004495a9","hash":"36888dcadcfbe8fd511af6fc56b7e7efb7e625ae"}
,"/home/nineleaps/medicine_adherence_frnt/src/redux/actions/patient/deletePatientRequestActions.tsx": {"path":"/home/nineleaps/medicine_adherence_frnt/src/redux/actions/patient/deletePatientRequestActions.tsx","statementMap":{"0":{"start":{"line":4,"column":4},"end":{"line":7,"column":6}},"1":{"start":{"line":10,"column":4},"end":{"line":10,"column":33}},"2":{"start":{"line":11,"column":4},"end":{"line":14,"column":2}},"3":{"start":{"line":17,"column":4},"end":{"line":17,"column":29}},"4":{"start":{"line":18,"column":4},"end":{"line":21,"column":5}},"5":{"start":{"line":23,"column":36},"end":{"line":27,"column":3}}},"fnMap":{"0":{"name":"deletePatientRequest","decl":{"start":{"line":3,"column":16},"end":{"line":3,"column":36}},"loc":{"start":{"line":3,"column":54},"end":{"line":8,"column":1}},"line":3},"1":{"name":"deletePatientRequestSuccess","decl":{"start":{"line":9,"column":16},"end":{"line":9,"column":43}},"loc":{"start":{"line":9,"column":50},"end":{"line":15,"column":1}},"line":9},"2":{"name":"deletePatientRequestFailure","decl":{"start":{"line":16,"column":16},"end":{"line":16,"column":43}},"loc":{"start":{"line":16,"column":51},"end":{"line":22,"column":1}},"line":16}},"branchMap":{},"s":{"0":1,"1":3,"2":3,"3":3,"4":3,"5":2},"f":{"0":1,"1":3,"2":3},"b":{},"_coverageSchema":"1a1c01bbd47fc00a2c39e90264f33305004495a9","hash":"0ce2341778071890c8d4c0b396157640bf493925"}
,"/home/nineleaps/medicine_adherence_frnt/src/redux/actions/patient/getPatientRequestActions.tsx": {"path":"/home/nineleaps/medicine_adherence_frnt/src/redux/actions/patient/getPatientRequestActions.tsx","statementMap":{"0":{"start":{"line":4,"column":4},"end":{"line":7,"column":6}},"1":{"start":{"line":10,"column":4},"end":{"line":10,"column":33}},"2":{"start":{"line":11,"column":4},"end":{"line":14,"column":2}},"3":{"start":{"line":17,"column":4},"end":{"line":17,"column":29}},"4":{"start":{"line":18,"column":4},"end":{"line":21,"column":5}},"5":{"start":{"line":23,"column":40},"end":{"line":27,"column":3}}},"fnMap":{"0":{"name":"getPatientRequest","decl":{"start":{"line":3,"column":16},"end":{"line":3,"column":33}},"loc":{"start":{"line":3,"column":51},"end":{"line":8,"column":1}},"line":3},"1":{"name":"getPatientRequestSuccess","decl":{"start":{"line":9,"column":16},"end":{"line":9,"column":40}},"loc":{"start":{"line":9,"column":47},"end":{"line":15,"column":1}},"line":9},"2":{"name":"getPatientRequestFailure","decl":{"start":{"line":16,"column":16},"end":{"line":16,"column":40}},"loc":{"start":{"line":16,"column":48},"end":{"line":22,"column":1}},"line":16}},"branchMap":{},"s":{"0":1,"1":3,"2":3,"3":3,"4":3,"5":2},"f":{"0":1,"1":3,"2":3},"b":{},"_coverageSchema":"1a1c01bbd47fc00a2c39e90264f33305004495a9","hash":"8255159881adba54c60555dc07c2947fdd3603c5"}
,"/home/nineleaps/medicine_adherence_frnt/src/redux/actions/patient/notifyPatientActions.tsx": {"path":"/home/nineleaps/medicine_adherence_frnt/src/redux/actions/patient/notifyPatientActions.tsx","statementMap":{"0":{"start":{"line":4,"column":2},"end":{"line":7,"column":4}},"1":{"start":{"line":10,"column":2},"end":{"line":13,"column":4}},"2":{"start":{"line":16,"column":2},"end":{"line":19,"column":4}},"3":{"start":{"line":22,"column":36},"end":{"line":26,"column":1}}},"fnMap":{"0":{"name":"notifyPatients","decl":{"start":{"line":3,"column":9},"end":{"line":3,"column":23}},"loc":{"start":{"line":3,"column":38},"end":{"line":8,"column":1}},"line":3},"1":{"name":"notifyPatientsSuccess","decl":{"start":{"line":9,"column":9},"end":{"line":9,"column":30}},"loc":{"start":{"line":9,"column":37},"end":{"line":14,"column":1}},"line":9},"2":{"name":"notifyPatientsError","decl":{"start":{"line":15,"column":9},"end":{"line":15,"column":28}},"loc":{"start":{"line":15,"column":36},"end":{"line":20,"column":1}},"line":15}},"branchMap":{},"s":{"0":1,"1":3,"2":3,"3":2},"f":{"0":1,"1":3,"2":3},"b":{},"_coverageSchema":"1a1c01bbd47fc00a2c39e90264f33305004495a9","hash":"bc4e08460e149b28f915c8ecfe3e4fd82dd9e987"}
,"/home/nineleaps/medicine_adherence_frnt/src/redux/actions/patient/patientActions.tsx": {"path":"/home/nineleaps/medicine_adherence_frnt/src/redux/actions/patient/patientActions.tsx","statementMap":{"0":{"start":{"line":4,"column":2},"end":{"line":7,"column":4}},"1":{"start":{"line":10,"column":2},"end":{"line":13,"column":4}},"2":{"start":{"line":16,"column":2},"end":{"line":19,"column":4}},"3":{"start":{"line":22,"column":30},"end":{"line":26,"column":1}}},"fnMap":{"0":{"name":"fetchPatients","decl":{"start":{"line":3,"column":9},"end":{"line":3,"column":22}},"loc":{"start":{"line":3,"column":40},"end":{"line":8,"column":1}},"line":3},"1":{"name":"fetchPatientSuccess","decl":{"start":{"line":9,"column":9},"end":{"line":9,"column":28}},"loc":{"start":{"line":9,"column":35},"end":{"line":14,"column":1}},"line":9},"2":{"name":"fetchPatientError","decl":{"start":{"line":15,"column":9},"end":{"line":15,"column":26}},"loc":{"start":{"line":15,"column":34},"end":{"line":20,"column":1}},"line":15}},"branchMap":{},"s":{"0":1,"1":3,"2":3,"3":2},"f":{"0":1,"1":3,"2":3},"b":{},"_coverageSchema":"1a1c01bbd47fc00a2c39e90264f33305004495a9","hash":"7dd0b2b4f3146511d2e7349537aaf601a5e643a7"}
,"/home/nineleaps/medicine_adherence_frnt/src/redux/actions/patient/patientProfileActions.tsx": {"path":"/home/nineleaps/medicine_adherence_frnt/src/redux/actions/patient/patientProfileActions.tsx","statementMap":{"0":{"start":{"line":3,"column":2},"end":{"line":6,"column":4}},"1":{"start":{"line":9,"column":2},"end":{"line":12,"column":4}},"2":{"start":{"line":15,"column":2},"end":{"line":18,"column":4}},"3":{"start":{"line":21,"column":37},"end":{"line":25,"column":1}}},"fnMap":{"0":{"name":"fetchPatientDetails","decl":{"start":{"line":2,"column":9},"end":{"line":2,"column":28}},"loc":{"start":{"line":2,"column":46},"end":{"line":7,"column":1}},"line":2},"1":{"name":"fetchPatientDetailsSuccess","decl":{"start":{"line":8,"column":9},"end":{"line":8,"column":35}},"loc":{"start":{"line":8,"column":42},"end":{"line":13,"column":1}},"line":8},"2":{"name":"fetchPatientDetailsError","decl":{"start":{"line":14,"column":9},"end":{"line":14,"column":33}},"loc":{"start":{"line":14,"column":41},"end":{"line":19,"column":1}},"line":14}},"branchMap":{},"s":{"0":1,"1":3,"2":3,"3":2},"f":{"0":1,"1":3,"2":3},"b":{},"_coverageSchema":"1a1c01bbd47fc00a2c39e90264f33305004495a9","hash":"37549761b92b1837d8c87ad835b29f8440591bbc"}
,"/home/nineleaps/medicine_adherence_frnt/src/redux/actions/profile/patientProfileActions.tsx": {"path":"/home/nineleaps/medicine_adherence_frnt/src/redux/actions/profile/patientProfileActions.tsx","statementMap":{"0":{"start":{"line":4,"column":4},"end":{"line":7,"column":6}},"1":{"start":{"line":10,"column":4},"end":{"line":10,"column":33}},"2":{"start":{"line":11,"column":4},"end":{"line":14,"column":6}},"3":{"start":{"line":17,"column":4},"end":{"line":17,"column":29}},"4":{"start":{"line":18,"column":4},"end":{"line":21,"column":6}},"5":{"start":{"line":23,"column":39},"end":{"line":27,"column":3}}},"fnMap":{"0":{"name":"fetchpatientProfile","decl":{"start":{"line":3,"column":16},"end":{"line":3,"column":35}},"loc":{"start":{"line":3,"column":53},"end":{"line":8,"column":3}},"line":3},"1":{"name":"fetchpatientProfilesuccess","decl":{"start":{"line":9,"column":18},"end":{"line":9,"column":44}},"loc":{"start":{"line":9,"column":51},"end":{"line":15,"column":3}},"line":9},"2":{"name":"fetchpatientProfilerror","decl":{"start":{"line":16,"column":18},"end":{"line":16,"column":41}},"loc":{"start":{"line":16,"column":49},"end":{"line":22,"column":3}},"line":16}},"branchMap":{},"s":{"0":1,"1":1,"2":1,"3":1,"4":1,"5":1},"f":{"0":1,"1":1,"2":1},"b":{},"_coverageSchema":"1a1c01bbd47fc00a2c39e90264f33305004495a9","hash":"9e5021f97d753396d5df1539e0050cd283fba507"}
,"/home/nineleaps/medicine_adherence_frnt/src/redux/actions/signup/signupActions.tsx": {"path":"/home/nineleaps/medicine_adherence_frnt/src/redux/actions/signup/signupActions.tsx","statementMap":{"0":{"start":{"line":7,"column":22},"end":{"line":21,"column":1}},"1":{"start":{"line":22,"column":10},"end":{"line":22,"column":44}},"2":{"start":{"line":25,"column":2},"end":{"line":28,"column":4}},"3":{"start":{"line":31,"column":2},"end":{"line":31,"column":28}},"4":{"start":{"line":32,"column":2},"end":{"line":35,"column":4}},"5":{"start":{"line":38,"column":2},"end":{"line":38,"column":35}},"6":{"start":{"line":39,"column":2},"end":{"line":42,"column":4}},"7":{"start":{"line":45,"column":29},"end":{"line":49,"column":1}}},"fnMap":{"0":{"name":"sendSignupRequest","decl":{"start":{"line":24,"column":9},"end":{"line":24,"column":26}},"loc":{"start":{"line":24,"column":44},"end":{"line":29,"column":1}},"line":24},"1":{"name":"SignupSuccess","decl":{"start":{"line":30,"column":9},"end":{"line":30,"column":22}},"loc":{"start":{"line":30,"column":29},"end":{"line":36,"column":1}},"line":30},"2":{"name":"SignupFailure","decl":{"start":{"line":37,"column":9},"end":{"line":37,"column":22}},"loc":{"start":{"line":37,"column":30},"end":{"line":43,"column":1}},"line":37}},"branchMap":{},"s":{"0":1,"1":1,"2":1,"3":1,"4":1,"5":1,"6":1,"7":1},"f":{"0":1,"1":1,"2":1},"b":{},"_coverageSchema":"1a1c01bbd47fc00a2c39e90264f33305004495a9","hash":"06f150820d1ea27526798599c08fbea4390d72a2"}
,"/home/nineleaps/medicine_adherence_frnt/src/redux/apis/acceptRequest.tsx": {"path":"/home/nineleaps/medicine_adherence_frnt/src/redux/apis/acceptRequest.tsx","statementMap":{"0":{"start":{"line":3,"column":29},"end":{"line":9,"column":1}},"1":{"start":{"line":5,"column":21},"end":{"line":5,"column":62}},"2":{"start":{"line":6,"column":4},"end":{"line":6,"column":25}}},"fnMap":{"0":{"name":"fetchpatientreqaccept","decl":{"start":{"line":4,"column":28},"end":{"line":4,"column":49}},"loc":{"start":{"line":4,"column":59},"end":{"line":7,"column":3}},"line":4}},"branchMap":{},"s":{"0":1,"1":0,"2":0},"f":{"0":0},"b":{},"_coverageSchema":"1a1c01bbd47fc00a2c39e90264f33305004495a9","hash":"9b01e589ea9241f65245cb96ec443fc1cc6ed9f8"}
,"/home/nineleaps/medicine_adherence_frnt/src/redux/apis/adherence.tsx": {"path":"/home/nineleaps/medicine_adherence_frnt/src/redux/apis/adherence.tsx","statementMap":{"0":{"start":{"line":10,"column":18},"end":{"line":39,"column":1}},"1":{"start":{"line":12,"column":32},"end":{"line":12,"column":38}},"2":{"start":{"line":13,"column":19},"end":{"line":19,"column":6}},"3":{"start":{"line":20,"column":4},"end":{"line":20,"column":20}},"4":{"start":{"line":23,"column":21},"end":{"line":23,"column":79}},"5":{"start":{"line":24,"column":4},"end":{"line":24,"column":25}},"6":{"start":{"line":27,"column":21},"end":{"line":27,"column":81}},"7":{"start":{"line":28,"column":4},"end":{"line":28,"column":25}},"8":{"start":{"line":31,"column":21},"end":{"line":31,"column":72}},"9":{"start":{"line":32,"column":4},"end":{"line":32,"column":25}},"10":{"start":{"line":35,"column":21},"end":{"line":35,"column":84}},"11":{"start":{"line":36,"column":4},"end":{"line":36,"column":25}}},"fnMap":{"0":{"name":"(anonymous_0)","decl":{"start":{"line":11,"column":23},"end":{"line":11,"column":24}},"loc":{"start":{"line":11,"column":50},"end":{"line":21,"column":3}},"line":11},"1":{"name":"fetchmedimages","decl":{"start":{"line":22,"column":28},"end":{"line":22,"column":42}},"loc":{"start":{"line":22,"column":52},"end":{"line":25,"column":3}},"line":22},"2":{"name":"downloadPdf","decl":{"start":{"line":26,"column":30},"end":{"line":26,"column":41}},"loc":{"start":{"line":26,"column":51},"end":{"line":29,"column":3}},"line":26},"3":{"name":"syncMeds","decl":{"start":{"line":30,"column":27},"end":{"line":30,"column":35}},"loc":{"start":{"line":30,"column":45},"end":{"line":33,"column":3}},"line":30},"4":{"name":"getMedHistory","decl":{"start":{"line":34,"column":32},"end":{"line":34,"column":45}},"loc":{"start":{"line":34,"column":55},"end":{"line":37,"column":3}},"line":34}},"branchMap":{},"s":{"0":1,"1":0,"2":0,"3":0,"4":0,"5":0,"6":0,"7":0,"8":0,"9":0,"10":0,"11":0},"f":{"0":0,"1":0,"2":0,"3":0,"4":0},"b":{},"_coverageSchema":"1a1c01bbd47fc00a2c39e90264f33305004495a9","hash":"0e251833483ee416f44e77b9af4e2f8ce0630985"}
,"/home/nineleaps/medicine_adherence_frnt/src/redux/apis/axiosDeclaration.tsx": {"path":"/home/nineleaps/medicine_adherence_frnt/src/redux/apis/axiosDeclaration.tsx","statementMap":{"0":{"start":{"line":4,"column":14},"end":{"line":7,"column":2}}},"fnMap":{},"branchMap":{},"s":{"0":14},"f":{},"b":{},"_coverageSchema":"1a1c01bbd47fc00a2c39e90264f33305004495a9","hash":"78227ed0faa7871ebe8fc133efec8939c6ad2c7e"}
,"/home/nineleaps/medicine_adherence_frnt/src/redux/apis/careTaker.tsx": {"path":"/home/nineleaps/medicine_adherence_frnt/src/redux/apis/careTaker.tsx","statementMap":{"0":{"start":{"line":3,"column":25},"end":{"line":20,"column":1}},"1":{"start":{"line":5,"column":21},"end":{"line":7,"column":5}},"2":{"start":{"line":8,"column":4},"end":{"line":8,"column":25}},"3":{"start":{"line":11,"column":21},"end":{"line":11,"column":68}},"4":{"start":{"line":12,"column":4},"end":{"line":12,"column":25}},"5":{"start":{"line":15,"column":21},"end":{"line":17,"column":5}},"6":{"start":{"line":18,"column":4},"end":{"line":18,"column":25}}},"fnMap":{"0":{"name":"name","decl":{"start":{"line":4,"column":33},"end":{"line":4,"column":37}},"loc":{"start":{"line":4,"column":47},"end":{"line":9,"column":3}},"line":4},"1":{"name":"reqcaretaker","decl":{"start":{"line":10,"column":31},"end":{"line":10,"column":43}},"loc":{"start":{"line":10,"column":53},"end":{"line":13,"column":3}},"line":10},"2":{"name":"sendimages","decl":{"start":{"line":14,"column":28},"end":{"line":14,"column":38}},"loc":{"start":{"line":14,"column":48},"end":{"line":19,"column":3}},"line":14}},"branchMap":{},"s":{"0":2,"1":0,"2":0,"3":0,"4":0,"5":0,"6":0},"f":{"0":0,"1":0,"2":0},"b":{},"_coverageSchema":"1a1c01bbd47fc00a2c39e90264f33305004495a9","hash":"949847e73867d6e8fa601c3ec40c3eb0899924d5"}
,"/home/nineleaps/medicine_adherence_frnt/src/redux/apis/deleteRequest.tsx": {"path":"/home/nineleaps/medicine_adherence_frnt/src/redux/apis/deleteRequest.tsx","statementMap":{"0":{"start":{"line":3,"column":29},"end":{"line":9,"column":1}},"1":{"start":{"line":6,"column":21},"end":{"line":6,"column":62}},"2":{"start":{"line":7,"column":4},"end":{"line":7,"column":25}}},"fnMap":{"0":{"name":"fetchpatientreqdelete","decl":{"start":{"line":5,"column":28},"end":{"line":5,"column":49}},"loc":{"start":{"line":5,"column":59},"end":{"line":8,"column":3}},"line":5}},"branchMap":{},"s":{"0":1,"1":0,"2":0},"f":{"0":0},"b":{},"_coverageSchema":"1a1c01bbd47fc00a2c39e90264f33305004495a9","hash":"fefbae789ea57c823a28ca5b0b85240f08e69b25"}
,"/home/nineleaps/medicine_adherence_frnt/src/redux/apis/getCaretaker.tsx": {"path":"/home/nineleaps/medicine_adherence_frnt/src/redux/apis/getCaretaker.tsx","statementMap":{"0":{"start":{"line":3,"column":25},"end":{"line":26,"column":1}},"1":{"start":{"line":5,"column":21},"end":{"line":7,"column":5}},"2":{"start":{"line":8,"column":4},"end":{"line":8,"column":25}},"3":{"start":{"line":11,"column":21},"end":{"line":13,"column":5}},"4":{"start":{"line":14,"column":4},"end":{"line":14,"column":25}},"5":{"start":{"line":17,"column":21},"end":{"line":17,"column":68}},"6":{"start":{"line":18,"column":4},"end":{"line":18,"column":25}},"7":{"start":{"line":21,"column":21},"end":{"line":23,"column":5}},"8":{"start":{"line":24,"column":4},"end":{"line":24,"column":25}}},"fnMap":{"0":{"name":"name","decl":{"start":{"line":4,"column":33},"end":{"line":4,"column":37}},"loc":{"start":{"line":4,"column":47},"end":{"line":9,"column":3}},"line":4},"1":{"name":"fetchcaretaker","decl":{"start":{"line":10,"column":28},"end":{"line":10,"column":42}},"loc":{"start":{"line":10,"column":52},"end":{"line":15,"column":3}},"line":10},"2":{"name":"reqcaretaker","decl":{"start":{"line":16,"column":31},"end":{"line":16,"column":43}},"loc":{"start":{"line":16,"column":53},"end":{"line":19,"column":3}},"line":16},"3":{"name":"sendimages","decl":{"start":{"line":20,"column":28},"end":{"line":20,"column":38}},"loc":{"start":{"line":20,"column":48},"end":{"line":25,"column":3}},"line":20}},"branchMap":{},"s":{"0":1,"1":0,"2":0,"3":0,"4":0,"5":0,"6":0,"7":0,"8":0},"f":{"0":0,"1":0,"2":0,"3":0},"b":{},"_coverageSchema":"1a1c01bbd47fc00a2c39e90264f33305004495a9","hash":"355c32cd467a1616c7fc1e9da49b0d30b7b7c193"}
,"/home/nineleaps/medicine_adherence_frnt/src/redux/apis/getMediceneHistory.tsx": {"path":"/home/nineleaps/medicine_adherence_frnt/src/redux/apis/getMediceneHistory.tsx","statementMap":{"0":{"start":{"line":10,"column":18},"end":{"line":16,"column":1}},"1":{"start":{"line":12,"column":21},"end":{"line":12,"column":84}},"2":{"start":{"line":13,"column":4},"end":{"line":13,"column":25}}},"fnMap":{"0":{"name":"getMedHistory","decl":{"start":{"line":11,"column":32},"end":{"line":11,"column":45}},"loc":{"start":{"line":11,"column":55},"end":{"line":14,"column":3}},"line":11}},"branchMap":{},"s":{"0":1,"1":0,"2":0},"f":{"0":0},"b":{},"_coverageSchema":"1a1c01bbd47fc00a2c39e90264f33305004495a9","hash":"a0bc492394f199369d02456f24f64c1a84a153b5"}
,"/home/nineleaps/medicine_adherence_frnt/src/redux/apis/getPdfRequest.tsx": {"path":"/home/nineleaps/medicine_adherence_frnt/src/redux/apis/getPdfRequest.tsx","statementMap":{"0":{"start":{"line":10,"column":20},"end":{"line":26,"column":1}},"1":{"start":{"line":12,"column":32},"end":{"line":12,"column":38}},"2":{"start":{"line":13,"column":19},"end":{"line":19,"column":6}},"3":{"start":{"line":20,"column":4},"end":{"line":20,"column":20}},"4":{"start":{"line":23,"column":21},"end":{"line":23,"column":81}},"5":{"start":{"line":24,"column":4},"end":{"line":24,"column":25}}},"fnMap":{"0":{"name":"(anonymous_0)","decl":{"start":{"line":11,"column":23},"end":{"line":11,"column":24}},"loc":{"start":{"line":11,"column":50},"end":{"line":21,"column":3}},"line":11},"1":{"name":"downloadPdf","decl":{"start":{"line":22,"column":30},"end":{"line":22,"column":41}},"loc":{"start":{"line":22,"column":51},"end":{"line":25,"column":3}},"line":22}},"branchMap":{},"s":{"0":1,"1":0,"2":0,"3":0,"4":0,"5":0},"f":{"0":0,"1":0},"b":{},"_coverageSchema":"1a1c01bbd47fc00a2c39e90264f33305004495a9","hash":"54c850636fe1087610320bdba97905097c67af5a"}
,"/home/nineleaps/medicine_adherence_frnt/src/redux/apis/patient.tsx": {"path":"/home/nineleaps/medicine_adherence_frnt/src/redux/apis/patient.tsx","statementMap":{"0":{"start":{"line":3,"column":23},"end":{"line":20,"column":1}},"1":{"start":{"line":5,"column":21},"end":{"line":5,"column":86}},"2":{"start":{"line":6,"column":4},"end":{"line":6,"column":25}},"3":{"start":{"line":9,"column":21},"end":{"line":9,"column":85}},"4":{"start":{"line":10,"column":4},"end":{"line":10,"column":25}},"5":{"start":{"line":13,"column":21},"end":{"line":13,"column":81}},"6":{"start":{"line":14,"column":4},"end":{"line":14,"column":25}},"7":{"start":{"line":17,"column":21},"end":{"line":17,"column":85}},"8":{"start":{"line":18,"column":4},"end":{"line":18,"column":25}}},"fnMap":{"0":{"name":"fetchPatient","decl":{"start":{"line":4,"column":30},"end":{"line":4,"column":42}},"loc":{"start":{"line":4,"column":52},"end":{"line":7,"column":3}},"line":4},"1":{"name":"fetchpatientdetail","decl":{"start":{"line":8,"column":33},"end":{"line":8,"column":51}},"loc":{"start":{"line":8,"column":61},"end":{"line":11,"column":3}},"line":8},"2":{"name":"fetchpatientreq","decl":{"start":{"line":12,"column":29},"end":{"line":12,"column":44}},"loc":{"start":{"line":12,"column":54},"end":{"line":15,"column":3}},"line":12},"3":{"name":"notifypatient","decl":{"start":{"line":16,"column":32},"end":{"line":16,"column":45}},"loc":{"start":{"line":16,"column":55},"end":{"line":19,"column":3}},"line":16}},"branchMap":{},"s":{"0":3,"1":0,"2":0,"3":0,"4":0,"5":0,"6":0,"7":0,"8":0},"f":{"0":0,"1":0,"2":0,"3":0},"b":{},"_coverageSchema":"1a1c01bbd47fc00a2c39e90264f33305004495a9","hash":"80fde5beea637efaa8472aa08540ec70f2db6782"}
,"/home/nineleaps/medicine_adherence_frnt/src/redux/apis/patientRequest.tsx": {"path":"/home/nineleaps/medicine_adherence_frnt/src/redux/apis/patientRequest.tsx","statementMap":{"0":{"start":{"line":3,"column":23},"end":{"line":8,"column":1}},"1":{"start":{"line":5,"column":21},"end":{"line":5,"column":81}},"2":{"start":{"line":6,"column":4},"end":{"line":6,"column":25}}},"fnMap":{"0":{"name":"fetchpatientreq","decl":{"start":{"line":4,"column":29},"end":{"line":4,"column":44}},"loc":{"start":{"line":4,"column":54},"end":{"line":7,"column":3}},"line":4}},"branchMap":{},"s":{"0":1,"1":0,"2":0},"f":{"0":0},"b":{},"_coverageSchema":"1a1c01bbd47fc00a2c39e90264f33305004495a9","hash":"4b5a08c50119a532f8adade95a3df8c13076b57b"}
,"/home/nineleaps/medicine_adherence_frnt/src/redux/apis/sendImages.tsx": {"path":"/home/nineleaps/medicine_adherence_frnt/src/redux/apis/sendImages.tsx","statementMap":{"0":{"start":{"line":3,"column":25},"end":{"line":26,"column":1}},"1":{"start":{"line":5,"column":21},"end":{"line":7,"column":5}},"2":{"start":{"line":8,"column":4},"end":{"line":8,"column":25}},"3":{"start":{"line":11,"column":21},"end":{"line":13,"column":5}},"4":{"start":{"line":14,"column":4},"end":{"line":14,"column":25}},"5":{"start":{"line":17,"column":21},"end":{"line":17,"column":68}},"6":{"start":{"line":18,"column":4},"end":{"line":18,"column":25}},"7":{"start":{"line":21,"column":21},"end":{"line":23,"column":5}},"8":{"start":{"line":24,"column":4},"end":{"line":24,"column":25}}},"fnMap":{"0":{"name":"name","decl":{"start":{"line":4,"column":33},"end":{"line":4,"column":37}},"loc":{"start":{"line":4,"column":47},"end":{"line":9,"column":3}},"line":4},"1":{"name":"fetchcaretaker","decl":{"start":{"line":10,"column":28},"end":{"line":10,"column":42}},"loc":{"start":{"line":10,"column":52},"end":{"line":15,"column":3}},"line":10},"2":{"name":"reqcaretaker","decl":{"start":{"line":16,"column":31},"end":{"line":16,"column":43}},"loc":{"start":{"line":16,"column":53},"end":{"line":19,"column":3}},"line":16},"3":{"name":"sendimages","decl":{"start":{"line":20,"column":28},"end":{"line":20,"column":38}},"loc":{"start":{"line":20,"column":48},"end":{"line":25,"column":3}},"line":20}},"branchMap":{},"s":{"0":1,"1":0,"2":0,"3":0,"4":0,"5":0,"6":0,"7":0,"8":0},"f":{"0":0,"1":0,"2":0,"3":0},"b":{},"_coverageSchema":"1a1c01bbd47fc00a2c39e90264f33305004495a9","hash":"3ac853f2e334700fe6f24b2f63200fd0e1e4bd40"}
,"/home/nineleaps/medicine_adherence_frnt/src/redux/apis/syncData.tsx": {"path":"/home/nineleaps/medicine_adherence_frnt/src/redux/apis/syncData.tsx","statementMap":{"0":{"start":{"line":10,"column":17},"end":{"line":18,"column":1}},"1":{"start":{"line":13,"column":21},"end":{"line":13,"column":72}},"2":{"start":{"line":14,"column":4},"end":{"line":14,"column":25}}},"fnMap":{"0":{"name":"syncMeds","decl":{"start":{"line":12,"column":27},"end":{"line":12,"column":35}},"loc":{"start":{"line":12,"column":45},"end":{"line":15,"column":3}},"line":12}},"branchMap":{},"s":{"0":1,"1":0,"2":0},"f":{"0":0},"b":{},"_coverageSchema":"1a1c01bbd47fc00a2c39e90264f33305004495a9","hash":"6af3e343db2e592726c91605967f997562063f7c"}
,"/home/nineleaps/medicine_adherence_frnt/src/redux/apis/syncHistory.tsx": {"path":"/home/nineleaps/medicine_adherence_frnt/src/redux/apis/syncHistory.tsx","statementMap":{"0":{"start":{"line":10,"column":20},"end":{"line":22,"column":1}},"1":{"start":{"line":12,"column":32},"end":{"line":12,"column":38}},"2":{"start":{"line":13,"column":19},"end":{"line":19,"column":6}},"3":{"start":{"line":20,"column":4},"end":{"line":20,"column":20}}},"fnMap":{"0":{"name":"(anonymous_0)","decl":{"start":{"line":11,"column":23},"end":{"line":11,"column":24}},"loc":{"start":{"line":11,"column":50},"end":{"line":21,"column":3}},"line":11}},"branchMap":{},"s":{"0":1,"1":0,"2":0,"3":0},"f":{"0":0},"b":{},"_coverageSchema":"1a1c01bbd47fc00a2c39e90264f33305004495a9","hash":"41efcf83b56cb51aadb03fdc9d86614eeaebfa7d"}
,"/home/nineleaps/medicine_adherence_frnt/src/redux/reducers/getImagesReducer.tsx": {"path":"/home/nineleaps/medicine_adherence_frnt/src/redux/reducers/getImagesReducer.tsx","statementMap":{"0":{"start":{"line":3,"column":21},"end":{"line":7,"column":1}},"1":{"start":{"line":8,"column":25},"end":{"line":19,"column":1}},"2":{"start":{"line":9,"column":2},"end":{"line":18,"column":3}},"3":{"start":{"line":11,"column":6},"end":{"line":11,"column":39}},"4":{"start":{"line":13,"column":6},"end":{"line":13,"column":62}},"5":{"start":{"line":15,"column":6},"end":{"line":15,"column":61}},"6":{"start":{"line":17,"column":6},"end":{"line":17,"column":26}}},"fnMap":{"0":{"name":"(anonymous_0)","decl":{"start":{"line":8,"column":25},"end":{"line":8,"column":26}},"loc":{"start":{"line":8,"column":59},"end":{"line":19,"column":1}},"line":8}},"branchMap":{"0":{"loc":{"start":{"line":8,"column":26},"end":{"line":8,"column":46}},"type":"default-arg","locations":[{"start":{"line":8,"column":34},"end":{"line":8,"column":46}}],"line":8},"1":{"loc":{"start":{"line":9,"column":2},"end":{"line":18,"column":3}},"type":"switch","locations":[{"start":{"line":10,"column":4},"end":{"line":11,"column":39}},{"start":{"line":12,"column":4},"end":{"line":13,"column":62}},{"start":{"line":14,"column":4},"end":{"line":15,"column":61}},{"start":{"line":16,"column":4},"end":{"line":17,"column":26}}],"line":9}},"s":{"0":1,"1":1,"2":4,"3":1,"4":1,"5":1,"6":1},"f":{"0":4},"b":{"0":[1],"1":[1,1,1,1]},"_coverageSchema":"1a1c01bbd47fc00a2c39e90264f33305004495a9","hash":"59961e55389c6bf444fb5f4a9642e37d835b0730"}
,"/home/nineleaps/medicine_adherence_frnt/src/redux/reducers/myPatientsReducer.tsx": {"path":"/home/nineleaps/medicine_adherence_frnt/src/redux/reducers/myPatientsReducer.tsx","statementMap":{"0":{"start":{"line":3,"column":21},"end":{"line":7,"column":1}},"1":{"start":{"line":8,"column":26},"end":{"line":19,"column":1}},"2":{"start":{"line":9,"column":2},"end":{"line":18,"column":3}},"3":{"start":{"line":11,"column":6},"end":{"line":11,"column":54}},"4":{"start":{"line":13,"column":6},"end":{"line":13,"column":62}},"5":{"start":{"line":15,"column":6},"end":{"line":15,"column":61}},"6":{"start":{"line":17,"column":6},"end":{"line":17,"column":26}}},"fnMap":{"0":{"name":"(anonymous_0)","decl":{"start":{"line":8,"column":26},"end":{"line":8,"column":27}},"loc":{"start":{"line":8,"column":60},"end":{"line":19,"column":1}},"line":8}},"branchMap":{"0":{"loc":{"start":{"line":8,"column":27},"end":{"line":8,"column":47}},"type":"default-arg","locations":[{"start":{"line":8,"column":35},"end":{"line":8,"column":47}}],"line":8},"1":{"loc":{"start":{"line":9,"column":2},"end":{"line":18,"column":3}},"type":"switch","locations":[{"start":{"line":10,"column":4},"end":{"line":11,"column":54}},{"start":{"line":12,"column":4},"end":{"line":13,"column":62}},{"start":{"line":14,"column":4},"end":{"line":15,"column":61}},{"start":{"line":16,"column":4},"end":{"line":17,"column":26}}],"line":9}},"s":{"0":1,"1":1,"2":4,"3":2,"4":0,"5":1,"6":1},"f":{"0":4},"b":{"0":[1],"1":[2,0,1,1]},"_coverageSchema":"1a1c01bbd47fc00a2c39e90264f33305004495a9","hash":"6d8c63c2820d1324b4280d2d0cc62e6ec04807e7"}
,"/home/nineleaps/medicine_adherence_frnt/src/redux/reducers/patientRequestReducer.tsx": {"path":"/home/nineleaps/medicine_adherence_frnt/src/redux/reducers/patientRequestReducer.tsx","statementMap":{"0":{"start":{"line":3,"column":17},"end":{"line":7,"column":1}},"1":{"start":{"line":9,"column":30},"end":{"line":20,"column":1}},"2":{"start":{"line":10,"column":2},"end":{"line":19,"column":3}},"3":{"start":{"line":12,"column":6},"end":{"line":12,"column":39}},"4":{"start":{"line":14,"column":6},"end":{"line":14,"column":62}},"5":{"start":{"line":16,"column":6},"end":{"line":16,"column":62}},"6":{"start":{"line":18,"column":6},"end":{"line":18,"column":26}}},"fnMap":{"0":{"name":"(anonymous_0)","decl":{"start":{"line":9,"column":30},"end":{"line":9,"column":31}},"loc":{"start":{"line":9,"column":82},"end":{"line":20,"column":1}},"line":9}},"branchMap":{"0":{"loc":{"start":{"line":9,"column":31},"end":{"line":9,"column":51}},"type":"default-arg","locations":[{"start":{"line":9,"column":39},"end":{"line":9,"column":51}}],"line":9},"1":{"loc":{"start":{"line":9,"column":53},"end":{"line":9,"column":77}},"type":"default-arg","locations":[{"start":{"line":9,"column":60},"end":{"line":9,"column":77}}],"line":9},"2":{"loc":{"start":{"line":10,"column":2},"end":{"line":19,"column":3}},"type":"switch","locations":[{"start":{"line":11,"column":4},"end":{"line":12,"column":39}},{"start":{"line":13,"column":4},"end":{"line":14,"column":62}},{"start":{"line":15,"column":4},"end":{"line":16,"column":62}},{"start":{"line":17,"column":4},"end":{"line":18,"column":26}}],"line":10}},"s":{"0":1,"1":1,"2":3,"3":0,"4":0,"5":0,"6":3},"f":{"0":3},"b":{"0":[3],"1":[0],"2":[0,0,0,3]},"_coverageSchema":"1a1c01bbd47fc00a2c39e90264f33305004495a9","hash":"d4f8fd47e277fd4da679ceddd9fb0e338644a111"}
,"/home/nineleaps/medicine_adherence_frnt/src/redux/reducers/adherence/getMediceneHistoryReducer.tsx": {"path":"/home/nineleaps/medicine_adherence_frnt/src/redux/reducers/adherence/getMediceneHistoryReducer.tsx","statementMap":{"0":{"start":{"line":3,"column":21},"end":{"line":7,"column":1}},"1":{"start":{"line":8,"column":34},"end":{"line":19,"column":1}},"2":{"start":{"line":9,"column":2},"end":{"line":18,"column":3}},"3":{"start":{"line":11,"column":6},"end":{"line":11,"column":39}},"4":{"start":{"line":13,"column":6},"end":{"line":13,"column":62}},"5":{"start":{"line":15,"column":6},"end":{"line":15,"column":61}},"6":{"start":{"line":17,"column":6},"end":{"line":17,"column":26}}},"fnMap":{"0":{"name":"(anonymous_0)","decl":{"start":{"line":8,"column":34},"end":{"line":8,"column":35}},"loc":{"start":{"line":8,"column":68},"end":{"line":19,"column":1}},"line":8}},"branchMap":{"0":{"loc":{"start":{"line":8,"column":35},"end":{"line":8,"column":55}},"type":"default-arg","locations":[{"start":{"line":8,"column":43},"end":{"line":8,"column":55}}],"line":8},"1":{"loc":{"start":{"line":9,"column":2},"end":{"line":18,"column":3}},"type":"switch","locations":[{"start":{"line":10,"column":4},"end":{"line":11,"column":39}},{"start":{"line":12,"column":4},"end":{"line":13,"column":62}},{"start":{"line":14,"column":4},"end":{"line":15,"column":61}},{"start":{"line":16,"column":4},"end":{"line":17,"column":26}}],"line":9}},"s":{"0":1,"1":1,"2":4,"3":1,"4":1,"5":1,"6":1},"f":{"0":4},"b":{"0":[1],"1":[1,1,1,1]},"_coverageSchema":"1a1c01bbd47fc00a2c39e90264f33305004495a9","hash":"5183a1a917b36cdc77140839a8b2e38ac6ea3a58"}
,"/home/nineleaps/medicine_adherence_frnt/src/redux/reducers/adherence/getPdfReducer.tsx": {"path":"/home/nineleaps/medicine_adherence_frnt/src/redux/reducers/adherence/getPdfReducer.tsx","statementMap":{"0":{"start":{"line":3,"column":21},"end":{"line":7,"column":1}},"1":{"start":{"line":8,"column":22},"end":{"line":19,"column":1}},"2":{"start":{"line":9,"column":2},"end":{"line":18,"column":3}},"3":{"start":{"line":11,"column":6},"end":{"line":11,"column":54}},"4":{"start":{"line":13,"column":6},"end":{"line":13,"column":62}},"5":{"start":{"line":15,"column":6},"end":{"line":15,"column":61}},"6":{"start":{"line":17,"column":6},"end":{"line":17,"column":26}}},"fnMap":{"0":{"name":"(anonymous_0)","decl":{"start":{"line":8,"column":22},"end":{"line":8,"column":23}},"loc":{"start":{"line":8,"column":60},"end":{"line":19,"column":1}},"line":8}},"branchMap":{"0":{"loc":{"start":{"line":8,"column":23},"end":{"line":8,"column":43}},"type":"default-arg","locations":[{"start":{"line":8,"column":31},"end":{"line":8,"column":43}}],"line":8},"1":{"loc":{"start":{"line":9,"column":2},"end":{"line":18,"column":3}},"type":"switch","locations":[{"start":{"line":10,"column":4},"end":{"line":11,"column":54}},{"start":{"line":12,"column":4},"end":{"line":13,"column":62}},{"start":{"line":14,"column":4},"end":{"line":15,"column":61}},{"start":{"line":16,"column":4},"end":{"line":17,"column":26}}],"line":9}},"s":{"0":1,"1":1,"2":4,"3":1,"4":1,"5":1,"6":1},"f":{"0":4},"b":{"0":[1],"1":[1,1,1,1]},"_coverageSchema":"1a1c01bbd47fc00a2c39e90264f33305004495a9","hash":"4be8bdae48f5fafa1042f896e03bce4dcdb6f648"}
,"/home/nineleaps/medicine_adherence_frnt/src/redux/reducers/adherence/medImagesReducer.tsx": {"path":"/home/nineleaps/medicine_adherence_frnt/src/redux/reducers/adherence/medImagesReducer.tsx","statementMap":{"0":{"start":{"line":2,"column":28},"end":{"line":6,"column":1}},"1":{"start":{"line":7,"column":25},"end":{"line":18,"column":1}},"2":{"start":{"line":8,"column":2},"end":{"line":17,"column":3}},"3":{"start":{"line":10,"column":6},"end":{"line":10,"column":54}},"4":{"start":{"line":12,"column":6},"end":{"line":12,"column":62}},"5":{"start":{"line":14,"column":6},"end":{"line":14,"column":61}},"6":{"start":{"line":16,"column":6},"end":{"line":16,"column":26}}},"fnMap":{"0":{"name":"(anonymous_0)","decl":{"start":{"line":7,"column":25},"end":{"line":7,"column":26}},"loc":{"start":{"line":7,"column":59},"end":{"line":18,"column":1}},"line":7}},"branchMap":{"0":{"loc":{"start":{"line":7,"column":26},"end":{"line":7,"column":46}},"type":"default-arg","locations":[{"start":{"line":7,"column":34},"end":{"line":7,"column":46}}],"line":7},"1":{"loc":{"start":{"line":8,"column":2},"end":{"line":17,"column":3}},"type":"switch","locations":[{"start":{"line":9,"column":4},"end":{"line":10,"column":54}},{"start":{"line":11,"column":4},"end":{"line":12,"column":62}},{"start":{"line":13,"column":4},"end":{"line":14,"column":61}},{"start":{"line":15,"column":4},"end":{"line":16,"column":26}}],"line":8}},"s":{"0":1,"1":1,"2":4,"3":1,"4":1,"5":1,"6":1},"f":{"0":4},"b":{"0":[1],"1":[1,1,1,1]},"_coverageSchema":"1a1c01bbd47fc00a2c39e90264f33305004495a9","hash":"ca6181cbc0499e65b87dc7950af1e7087c6f2d8e"}
,"/home/nineleaps/medicine_adherence_frnt/src/redux/reducers/adherence/syncDataReducer.tsx": {"path":"/home/nineleaps/medicine_adherence_frnt/src/redux/reducers/adherence/syncDataReducer.tsx","statementMap":{"0":{"start":{"line":3,"column":21},"end":{"line":7,"column":1}},"1":{"start":{"line":8,"column":24},"end":{"line":19,"column":1}},"2":{"start":{"line":9,"column":2},"end":{"line":18,"column":3}},"3":{"start":{"line":11,"column":6},"end":{"line":11,"column":54}},"4":{"start":{"line":13,"column":6},"end":{"line":13,"column":62}},"5":{"start":{"line":15,"column":6},"end":{"line":15,"column":61}},"6":{"start":{"line":17,"column":6},"end":{"line":17,"column":26}}},"fnMap":{"0":{"name":"(anonymous_0)","decl":{"start":{"line":8,"column":24},"end":{"line":8,"column":25}},"loc":{"start":{"line":8,"column":58},"end":{"line":19,"column":1}},"line":8}},"branchMap":{"0":{"loc":{"start":{"line":8,"column":25},"end":{"line":8,"column":45}},"type":"default-arg","locations":[{"start":{"line":8,"column":33},"end":{"line":8,"column":45}}],"line":8},"1":{"loc":{"start":{"line":9,"column":2},"end":{"line":18,"column":3}},"type":"switch","locations":[{"start":{"line":10,"column":4},"end":{"line":11,"column":54}},{"start":{"line":12,"column":4},"end":{"line":13,"column":62}},{"start":{"line":14,"column":4},"end":{"line":15,"column":61}},{"start":{"line":16,"column":4},"end":{"line":17,"column":26}}],"line":9}},"s":{"0":1,"1":1,"2":4,"3":1,"4":1,"5":1,"6":1},"f":{"0":4},"b":{"0":[1],"1":[1,1,1,1]},"_coverageSchema":"1a1c01bbd47fc00a2c39e90264f33305004495a9","hash":"b1d4d86c56d41bfc2dde4a6f186428581f8b7a2f"}
,"/home/nineleaps/medicine_adherence_frnt/src/redux/reducers/adherence/syncHistoryReducer.tsx": {"path":"/home/nineleaps/medicine_adherence_frnt/src/redux/reducers/adherence/syncHistoryReducer.tsx","statementMap":{"0":{"start":{"line":3,"column":17},"end":{"line":7,"column":1}},"1":{"start":{"line":9,"column":27},"end":{"line":20,"column":1}},"2":{"start":{"line":10,"column":0},"end":{"line":19,"column":1}},"3":{"start":{"line":12,"column":4},"end":{"line":12,"column":52}},"4":{"start":{"line":14,"column":4},"end":{"line":14,"column":60}},"5":{"start":{"line":16,"column":4},"end":{"line":16,"column":59}},"6":{"start":{"line":18,"column":4},"end":{"line":18,"column":24}}},"fnMap":{"0":{"name":"(anonymous_0)","decl":{"start":{"line":9,"column":27},"end":{"line":9,"column":28}},"loc":{"start":{"line":9,"column":61},"end":{"line":20,"column":1}},"line":9}},"branchMap":{"0":{"loc":{"start":{"line":9,"column":28},"end":{"line":9,"column":48}},"type":"default-arg","locations":[{"start":{"line":9,"column":36},"end":{"line":9,"column":48}}],"line":9},"1":{"loc":{"start":{"line":10,"column":0},"end":{"line":19,"column":1}},"type":"switch","locations":[{"start":{"line":11,"column":2},"end":{"line":12,"column":52}},{"start":{"line":13,"column":2},"end":{"line":14,"column":60}},{"start":{"line":15,"column":2},"end":{"line":16,"column":59}},{"start":{"line":17,"column":2},"end":{"line":18,"column":24}}],"line":10}},"s":{"0":1,"1":1,"2":4,"3":1,"4":1,"5":1,"6":1},"f":{"0":4},"b":{"0":[1],"1":[1,1,1,1]},"_coverageSchema":"1a1c01bbd47fc00a2c39e90264f33305004495a9","hash":"3ff4e59510b80b85463b5e669d8c8938a58a20b6"}
,"/home/nineleaps/medicine_adherence_frnt/src/redux/reducers/caretaker/careTakerReducer.tsx": {"path":"/home/nineleaps/medicine_adherence_frnt/src/redux/reducers/caretaker/careTakerReducer.tsx","statementMap":{"0":{"start":{"line":3,"column":21},"end":{"line":7,"column":1}},"1":{"start":{"line":8,"column":25},"end":{"line":19,"column":1}},"2":{"start":{"line":9,"column":2},"end":{"line":18,"column":3}},"3":{"start":{"line":11,"column":6},"end":{"line":11,"column":39}},"4":{"start":{"line":13,"column":6},"end":{"line":13,"column":62}},"5":{"start":{"line":15,"column":6},"end":{"line":15,"column":61}},"6":{"start":{"line":17,"column":6},"end":{"line":17,"column":26}}},"fnMap":{"0":{"name":"(anonymous_0)","decl":{"start":{"line":8,"column":25},"end":{"line":8,"column":26}},"loc":{"start":{"line":8,"column":59},"end":{"line":19,"column":1}},"line":8}},"branchMap":{"0":{"loc":{"start":{"line":8,"column":26},"end":{"line":8,"column":46}},"type":"default-arg","locations":[{"start":{"line":8,"column":34},"end":{"line":8,"column":46}}],"line":8},"1":{"loc":{"start":{"line":9,"column":2},"end":{"line":18,"column":3}},"type":"switch","locations":[{"start":{"line":10,"column":4},"end":{"line":11,"column":39}},{"start":{"line":12,"column":4},"end":{"line":13,"column":62}},{"start":{"line":14,"column":4},"end":{"line":15,"column":61}},{"start":{"line":16,"column":4},"end":{"line":17,"column":26}}],"line":9}},"s":{"0":1,"1":1,"2":4,"3":1,"4":1,"5":1,"6":1},"f":{"0":4},"b":{"0":[1],"1":[1,1,1,1]},"_coverageSchema":"1a1c01bbd47fc00a2c39e90264f33305004495a9","hash":"399b212d9a0928ac51ecdc44e16f684bda0d0a9d"}
,"/home/nineleaps/medicine_adherence_frnt/src/redux/reducers/caretaker/emailCaretakerReducer.tsx": {"path":"/home/nineleaps/medicine_adherence_frnt/src/redux/reducers/caretaker/emailCaretakerReducer.tsx","statementMap":{"0":{"start":{"line":2,"column":28},"end":{"line":6,"column":1}},"1":{"start":{"line":7,"column":30},"end":{"line":18,"column":1}},"2":{"start":{"line":8,"column":2},"end":{"line":17,"column":3}},"3":{"start":{"line":10,"column":6},"end":{"line":10,"column":54}},"4":{"start":{"line":12,"column":6},"end":{"line":12,"column":62}},"5":{"start":{"line":14,"column":6},"end":{"line":14,"column":61}},"6":{"start":{"line":16,"column":6},"end":{"line":16,"column":26}}},"fnMap":{"0":{"name":"(anonymous_0)","decl":{"start":{"line":7,"column":30},"end":{"line":7,"column":31}},"loc":{"start":{"line":7,"column":64},"end":{"line":18,"column":1}},"line":7}},"branchMap":{"0":{"loc":{"start":{"line":7,"column":31},"end":{"line":7,"column":51}},"type":"default-arg","locations":[{"start":{"line":7,"column":39},"end":{"line":7,"column":51}}],"line":7},"1":{"loc":{"start":{"line":8,"column":2},"end":{"line":17,"column":3}},"type":"switch","locations":[{"start":{"line":9,"column":4},"end":{"line":10,"column":54}},{"start":{"line":11,"column":4},"end":{"line":12,"column":62}},{"start":{"line":13,"column":4},"end":{"line":14,"column":61}},{"start":{"line":15,"column":4},"end":{"line":16,"column":26}}],"line":8}},"s":{"0":2,"1":2,"2":8,"3":2,"4":2,"5":2,"6":2},"f":{"0":8},"b":{"0":[2],"1":[2,2,2,2]},"_coverageSchema":"1a1c01bbd47fc00a2c39e90264f33305004495a9","hash":"97232f9f3d105461160f36505fbc13414dd3d280"}
,"/home/nineleaps/medicine_adherence_frnt/src/redux/reducers/caretaker/sendImageReducer.tsx": {"path":"/home/nineleaps/medicine_adherence_frnt/src/redux/reducers/caretaker/sendImageReducer.tsx","statementMap":{"0":{"start":{"line":3,"column":17},"end":{"line":7,"column":1}},"1":{"start":{"line":9,"column":25},"end":{"line":20,"column":1}},"2":{"start":{"line":10,"column":0},"end":{"line":19,"column":1}},"3":{"start":{"line":12,"column":4},"end":{"line":12,"column":37}},"4":{"start":{"line":14,"column":4},"end":{"line":14,"column":60}},"5":{"start":{"line":16,"column":4},"end":{"line":16,"column":59}},"6":{"start":{"line":18,"column":4},"end":{"line":18,"column":24}}},"fnMap":{"0":{"name":"(anonymous_0)","decl":{"start":{"line":9,"column":25},"end":{"line":9,"column":26}},"loc":{"start":{"line":9,"column":59},"end":{"line":20,"column":1}},"line":9}},"branchMap":{"0":{"loc":{"start":{"line":9,"column":26},"end":{"line":9,"column":46}},"type":"default-arg","locations":[{"start":{"line":9,"column":34},"end":{"line":9,"column":46}}],"line":9},"1":{"loc":{"start":{"line":10,"column":0},"end":{"line":19,"column":1}},"type":"switch","locations":[{"start":{"line":11,"column":2},"end":{"line":12,"column":37}},{"start":{"line":13,"column":2},"end":{"line":14,"column":60}},{"start":{"line":15,"column":2},"end":{"line":16,"column":59}},{"start":{"line":17,"column":2},"end":{"line":18,"column":24}}],"line":10}},"s":{"0":1,"1":1,"2":3,"3":0,"4":0,"5":0,"6":3},"f":{"0":3},"b":{"0":[3],"1":[0,0,0,3]},"_coverageSchema":"1a1c01bbd47fc00a2c39e90264f33305004495a9","hash":"0cade7a374b083e8afeaf2a804c76add2399ce39"}
,"/home/nineleaps/medicine_adherence_frnt/src/redux/reducers/login/loginReducer.tsx": {"path":"/home/nineleaps/medicine_adherence_frnt/src/redux/reducers/login/loginReducer.tsx","statementMap":{"0":{"start":{"line":3,"column":21},"end":{"line":7,"column":1}},"1":{"start":{"line":8,"column":21},"end":{"line":19,"column":1}},"2":{"start":{"line":9,"column":2},"end":{"line":18,"column":3}},"3":{"start":{"line":11,"column":6},"end":{"line":11,"column":39}},"4":{"start":{"line":13,"column":6},"end":{"line":13,"column":62}},"5":{"start":{"line":15,"column":6},"end":{"line":15,"column":61}},"6":{"start":{"line":17,"column":6},"end":{"line":17,"column":26}}},"fnMap":{"0":{"name":"(anonymous_0)","decl":{"start":{"line":8,"column":21},"end":{"line":8,"column":22}},"loc":{"start":{"line":8,"column":55},"end":{"line":19,"column":1}},"line":8}},"branchMap":{"0":{"loc":{"start":{"line":8,"column":22},"end":{"line":8,"column":42}},"type":"default-arg","locations":[{"start":{"line":8,"column":30},"end":{"line":8,"column":42}}],"line":8},"1":{"loc":{"start":{"line":9,"column":2},"end":{"line":18,"column":3}},"type":"switch","locations":[{"start":{"line":10,"column":4},"end":{"line":11,"column":39}},{"start":{"line":12,"column":4},"end":{"line":13,"column":62}},{"start":{"line":14,"column":4},"end":{"line":15,"column":61}},{"start":{"line":16,"column":4},"end":{"line":17,"column":26}}],"line":9}},"s":{"0":1,"1":1,"2":4,"3":1,"4":1,"5":1,"6":1},"f":{"0":4},"b":{"0":[1],"1":[1,1,1,1]},"_coverageSchema":"1a1c01bbd47fc00a2c39e90264f33305004495a9","hash":"5ddabbbe415b270efc70e9c961f8d32f456179e1"}
,"/home/nineleaps/medicine_adherence_frnt/src/redux/reducers/patient/acceptRequestReducer.tsx": {"path":"/home/nineleaps/medicine_adherence_frnt/src/redux/reducers/patient/acceptRequestReducer.tsx","statementMap":{"0":{"start":{"line":3,"column":21},"end":{"line":7,"column":1}},"1":{"start":{"line":8,"column":29},"end":{"line":19,"column":1}},"2":{"start":{"line":9,"column":2},"end":{"line":18,"column":3}},"3":{"start":{"line":11,"column":6},"end":{"line":11,"column":39}},"4":{"start":{"line":13,"column":6},"end":{"line":13,"column":62}},"5":{"start":{"line":15,"column":6},"end":{"line":15,"column":61}},"6":{"start":{"line":17,"column":6},"end":{"line":17,"column":26}}},"fnMap":{"0":{"name":"(anonymous_0)","decl":{"start":{"line":8,"column":29},"end":{"line":8,"column":30}},"loc":{"start":{"line":8,"column":63},"end":{"line":19,"column":1}},"line":8}},"branchMap":{"0":{"loc":{"start":{"line":8,"column":30},"end":{"line":8,"column":50}},"type":"default-arg","locations":[{"start":{"line":8,"column":38},"end":{"line":8,"column":50}}],"line":8},"1":{"loc":{"start":{"line":9,"column":2},"end":{"line":18,"column":3}},"type":"switch","locations":[{"start":{"line":10,"column":4},"end":{"line":11,"column":39}},{"start":{"line":12,"column":4},"end":{"line":13,"column":62}},{"start":{"line":14,"column":4},"end":{"line":15,"column":61}},{"start":{"line":16,"column":4},"end":{"line":17,"column":26}}],"line":9}},"s":{"0":1,"1":1,"2":4,"3":1,"4":1,"5":1,"6":1},"f":{"0":4},"b":{"0":[1],"1":[1,1,1,1]},"_coverageSchema":"1a1c01bbd47fc00a2c39e90264f33305004495a9","hash":"42767c42d3bb9ed02e6a4401ceec4152255a4e65"}
,"/home/nineleaps/medicine_adherence_frnt/src/redux/reducers/patient/deleteRequestReducer.tsx": {"path":"/home/nineleaps/medicine_adherence_frnt/src/redux/reducers/patient/deleteRequestReducer.tsx","statementMap":{"0":{"start":{"line":3,"column":21},"end":{"line":7,"column":1}},"1":{"start":{"line":8,"column":29},"end":{"line":19,"column":1}},"2":{"start":{"line":9,"column":2},"end":{"line":18,"column":3}},"3":{"start":{"line":11,"column":6},"end":{"line":11,"column":39}},"4":{"start":{"line":13,"column":6},"end":{"line":13,"column":62}},"5":{"start":{"line":15,"column":6},"end":{"line":15,"column":61}},"6":{"start":{"line":17,"column":6},"end":{"line":17,"column":26}}},"fnMap":{"0":{"name":"(anonymous_0)","decl":{"start":{"line":8,"column":29},"end":{"line":8,"column":30}},"loc":{"start":{"line":8,"column":63},"end":{"line":19,"column":1}},"line":8}},"branchMap":{"0":{"loc":{"start":{"line":8,"column":30},"end":{"line":8,"column":50}},"type":"default-arg","locations":[{"start":{"line":8,"column":38},"end":{"line":8,"column":50}}],"line":8},"1":{"loc":{"start":{"line":9,"column":2},"end":{"line":18,"column":3}},"type":"switch","locations":[{"start":{"line":10,"column":4},"end":{"line":11,"column":39}},{"start":{"line":12,"column":4},"end":{"line":13,"column":62}},{"start":{"line":14,"column":4},"end":{"line":15,"column":61}},{"start":{"line":16,"column":4},"end":{"line":17,"column":26}}],"line":9}},"s":{"0":1,"1":1,"2":4,"3":1,"4":1,"5":1,"6":1},"f":{"0":4},"b":{"0":[1],"1":[1,1,1,1]},"_coverageSchema":"1a1c01bbd47fc00a2c39e90264f33305004495a9","hash":"9b62f45db06fb1f73059f5663f07ed64ded73244"}
,"/home/nineleaps/medicine_adherence_frnt/src/redux/reducers/patient/notifyPatientReducer.tsx": {"path":"/home/nineleaps/medicine_adherence_frnt/src/redux/reducers/patient/notifyPatientReducer.tsx","statementMap":{"0":{"start":{"line":2,"column":28},"end":{"line":6,"column":1}},"1":{"start":{"line":7,"column":29},"end":{"line":18,"column":1}},"2":{"start":{"line":8,"column":2},"end":{"line":17,"column":3}},"3":{"start":{"line":10,"column":6},"end":{"line":10,"column":54}},"4":{"start":{"line":12,"column":6},"end":{"line":12,"column":62}},"5":{"start":{"line":14,"column":6},"end":{"line":14,"column":61}},"6":{"start":{"line":16,"column":6},"end":{"line":16,"column":26}}},"fnMap":{"0":{"name":"(anonymous_0)","decl":{"start":{"line":7,"column":29},"end":{"line":7,"column":30}},"loc":{"start":{"line":7,"column":63},"end":{"line":18,"column":1}},"line":7}},"branchMap":{"0":{"loc":{"start":{"line":7,"column":30},"end":{"line":7,"column":50}},"type":"default-arg","locations":[{"start":{"line":7,"column":38},"end":{"line":7,"column":50}}],"line":7},"1":{"loc":{"start":{"line":8,"column":2},"end":{"line":17,"column":3}},"type":"switch","locations":[{"start":{"line":9,"column":4},"end":{"line":10,"column":54}},{"start":{"line":11,"column":4},"end":{"line":12,"column":62}},{"start":{"line":13,"column":4},"end":{"line":14,"column":61}},{"start":{"line":15,"column":4},"end":{"line":16,"column":26}}],"line":8}},"s":{"0":1,"1":1,"2":4,"3":1,"4":1,"5":1,"6":1},"f":{"0":4},"b":{"0":[1],"1":[1,1,1,1]},"_coverageSchema":"1a1c01bbd47fc00a2c39e90264f33305004495a9","hash":"6a36f09f574b1c067fd0292c9f8fffbf2223ab7d"}
,"/home/nineleaps/medicine_adherence_frnt/src/redux/reducers/patient/patientProfileReducer.tsx": {"path":"/home/nineleaps/medicine_adherence_frnt/src/redux/reducers/patient/patientProfileReducer.tsx","statementMap":{"0":{"start":{"line":2,"column":28},"end":{"line":6,"column":1}},"1":{"start":{"line":7,"column":30},"end":{"line":18,"column":1}},"2":{"start":{"line":8,"column":2},"end":{"line":17,"column":3}},"3":{"start":{"line":10,"column":6},"end":{"line":10,"column":54}},"4":{"start":{"line":12,"column":6},"end":{"line":12,"column":62}},"5":{"start":{"line":14,"column":6},"end":{"line":14,"column":61}},"6":{"start":{"line":16,"column":6},"end":{"line":16,"column":26}}},"fnMap":{"0":{"name":"(anonymous_0)","decl":{"start":{"line":7,"column":30},"end":{"line":7,"column":31}},"loc":{"start":{"line":7,"column":64},"end":{"line":18,"column":1}},"line":7}},"branchMap":{"0":{"loc":{"start":{"line":7,"column":31},"end":{"line":7,"column":51}},"type":"default-arg","locations":[{"start":{"line":7,"column":39},"end":{"line":7,"column":51}}],"line":7},"1":{"loc":{"start":{"line":8,"column":2},"end":{"line":17,"column":3}},"type":"switch","locations":[{"start":{"line":9,"column":4},"end":{"line":10,"column":54}},{"start":{"line":11,"column":4},"end":{"line":12,"column":62}},{"start":{"line":13,"column":4},"end":{"line":14,"column":61}},{"start":{"line":15,"column":4},"end":{"line":16,"column":26}}],"line":8}},"s":{"0":1,"1":1,"2":4,"3":1,"4":1,"5":1,"6":1},"f":{"0":4},"b":{"0":[1],"1":[1,1,1,1]},"_coverageSchema":"1a1c01bbd47fc00a2c39e90264f33305004495a9","hash":"12f933ce7107052d5ac0c6c93a628a517cc1f9bb"}
,"/home/nineleaps/medicine_adherence_frnt/src/redux/reducers/patient/patientReducer.tsx": {"path":"/home/nineleaps/medicine_adherence_frnt/src/redux/reducers/patient/patientReducer.tsx","statementMap":{"0":{"start":{"line":2,"column":28},"end":{"line":6,"column":1}},"1":{"start":{"line":7,"column":23},"end":{"line":18,"column":1}},"2":{"start":{"line":8,"column":2},"end":{"line":17,"column":3}},"3":{"start":{"line":10,"column":6},"end":{"line":10,"column":54}},"4":{"start":{"line":12,"column":6},"end":{"line":12,"column":62}},"5":{"start":{"line":14,"column":6},"end":{"line":14,"column":61}},"6":{"start":{"line":16,"column":6},"end":{"line":16,"column":26}}},"fnMap":{"0":{"name":"(anonymous_0)","decl":{"start":{"line":7,"column":23},"end":{"line":7,"column":24}},"loc":{"start":{"line":7,"column":57},"end":{"line":18,"column":1}},"line":7}},"branchMap":{"0":{"loc":{"start":{"line":7,"column":24},"end":{"line":7,"column":44}},"type":"default-arg","locations":[{"start":{"line":7,"column":32},"end":{"line":7,"column":44}}],"line":7},"1":{"loc":{"start":{"line":8,"column":2},"end":{"line":17,"column":3}},"type":"switch","locations":[{"start":{"line":9,"column":4},"end":{"line":10,"column":54}},{"start":{"line":11,"column":4},"end":{"line":12,"column":62}},{"start":{"line":13,"column":4},"end":{"line":14,"column":61}},{"start":{"line":15,"column":4},"end":{"line":16,"column":26}}],"line":8}},"s":{"0":1,"1":1,"2":4,"3":1,"4":1,"5":1,"6":1},"f":{"0":4},"b":{"0":[1],"1":[1,1,1,1]},"_coverageSchema":"1a1c01bbd47fc00a2c39e90264f33305004495a9","hash":"909baad8be7355fc195af01217569e147c2802cb"}
,"/home/nineleaps/medicine_adherence_frnt/src/redux/reducers/profile/patientProfileReducer.tsx": {"path":"/home/nineleaps/medicine_adherence_frnt/src/redux/reducers/profile/patientProfileReducer.tsx","statementMap":{"0":{"start":{"line":3,"column":17},"end":{"line":7,"column":1}},"1":{"start":{"line":9,"column":30},"end":{"line":20,"column":1}},"2":{"start":{"line":10,"column":2},"end":{"line":19,"column":3}},"3":{"start":{"line":12,"column":6},"end":{"line":12,"column":39}},"4":{"start":{"line":14,"column":6},"end":{"line":14,"column":62}},"5":{"start":{"line":16,"column":6},"end":{"line":16,"column":61}},"6":{"start":{"line":18,"column":6},"end":{"line":18,"column":26}}},"fnMap":{"0":{"name":"(anonymous_0)","decl":{"start":{"line":9,"column":30},"end":{"line":9,"column":31}},"loc":{"start":{"line":9,"column":68},"end":{"line":20,"column":1}},"line":9}},"branchMap":{"0":{"loc":{"start":{"line":9,"column":31},"end":{"line":9,"column":51}},"type":"default-arg","locations":[{"start":{"line":9,"column":39},"end":{"line":9,"column":51}}],"line":9},"1":{"loc":{"start":{"line":10,"column":2},"end":{"line":19,"column":3}},"type":"switch","locations":[{"start":{"line":11,"column":4},"end":{"line":12,"column":39}},{"start":{"line":13,"column":4},"end":{"line":14,"column":62}},{"start":{"line":15,"column":4},"end":{"line":16,"column":61}},{"start":{"line":17,"column":4},"end":{"line":18,"column":26}}],"line":10}},"s":{"0":1,"1":1,"2":4,"3":3,"4":0,"5":0,"6":1},"f":{"0":4},"b":{"0":[1],"1":[3,0,0,1]},"_coverageSchema":"1a1c01bbd47fc00a2c39e90264f33305004495a9","hash":"45176ac57565b76902ecfe9c495d6624cebc3bf0"}
[...]
,"/home/nineleaps/medicine_adherence_frnt/src/redux/sagas/patient/deleteRequestSaga.tsx": {"path":"/home/nineleaps/medicine_adherence_frnt/src/redux/sagas/patient/deleteRequestSaga.tsx","statementMap":{"0":{"start":{"line":5,"column":20},"end":{"line":5,"column":25}},"1":{"start":{"line":6,"column":2},"end":{"line":11,"column":3}},"2":{"start":{"line":7,"column":21},"end":{"line":7,"column":65}},"3":{"start":{"line":8,"column":4},"end":{"line":8,"column":80}},"4":{"start":{"line":10,"column":4},"end":{"line":10,"column":69}},"5":{"start":{"line":14,"column":2},"end":{"line":14,"column":77}}},"fnMap":{"0":{"name":"reqDeleteSaga","decl":{"start":{"line":4,"column":17},"end":{"line":4,"column":30}},"loc":{"start":{"line":4,"column":38},"end":{"line":12,"column":1}},"line":4},"1":{"name":"reqDeletewatcherSaga","decl":{"start":{"line":13,"column":17},"end":{"line":13,"column":37}},"loc":{"start":{"line":13,"column":40},"end":{"line":15,"column":1}},"line":13}},"branchMap":{},"s":{"0":2,"1":2,"2":2,"3":1,"4":1,"5":1},"f":{"0":2,"1":1},"b":{},"_coverageSchema":"1a1c01bbd47fc00a2c39e90264f33305004495a9","hash":"555d818850787e29dbfa3e8650f2cd7b388dd7c8"}
,"/home/nineleaps/medicine_adherence_frnt/src/redux/sagas/patient/notifyPatientSaga.tsx": {"path":"/home/nineleaps/medicine_adherence_frnt/src/redux/sagas/patient/notifyPatientSaga.tsx","statementMap":{"0":{"start":{"line":5,"column":20},"end":{"line":5,"column":25}},"1":{"start":{"line":6,"column":2},"end":{"line":11,"column":3}},"2":{"start":{"line":7,"column":21},"end":{"line":7,"column":63}},"3":{"start":{"line":8,"column":4},"end":{"line":8,"column":74}},"4":{"start":{"line":10,"column":4},"end":{"line":10,"column":61}},"5":{"start":{"line":14,"column":2},"end":{"line":14,"column":68}}},"fnMap":{"0":{"name":"notifySaga","decl":{"start":{"line":4,"column":17},"end":{"line":4,"column":27}},"loc":{"start":{"line":4,"column":35},"end":{"line":12,"column":1}},"line":4},"1":{"name":"notifywatcherSaga","decl":{"start":{"line":13,"column":17},"end":{"line":13,"column":34}},"loc":{"start":{"line":13,"column":37},"end":{"line":15,"column":1}},"line":13}},"branchMap":{},"s":{"0":2,"1":2,"2":2,"3":1,"4":1,"5":1},"f":{"0":2,"1":1},"b":{},"_coverageSchema":"1a1c01bbd47fc00a2c39e90264f33305004495a9","hash":"b29cb5171bb0fa59695f731ca2fc7daea41ec9c1"}
,"/home/nineleaps/medicine_adherence_frnt/src/redux/sagas/patient/patientProfileSaga.tsx": {"path":"/home/nineleaps/medicine_adherence_frnt/src/redux/sagas/patient/patientProfileSaga.tsx","statementMap":{"0":{"start":{"line":5,"column":20},"end":{"line":5,"column":25}},"1":{"start":{"line":6,"column":2},"end":{"line":11,"column":3}},"2":{"start":{"line":7,"column":21},"end":{"line":7,"column":64}},"3":{"start":{"line":8,"column":4},"end":{"line":8,"column":80}},"4":{"start":{"line":10,"column":4},"end":{"line":10,"column":67}},"5":{"start":{"line":14,"column":2},"end":{"line":14,"column":82}}},"fnMap":{"0":{"name":"patientProfileSaga","decl":{"start":{"line":4,"column":17},"end":{"line":4,"column":35}},"loc":{"start":{"line":4,"column":43},"end":{"line":12,"column":1}},"line":4},"1":{"name":"patientProfilewatcherSaga","decl":{"start":{"line":13,"column":17},"end":{"line":13,"column":42}},"loc":{"start":{"line":13,"column":45},"end":{"line":15,"column":1}},"line":13}},"branchMap":{},"s":{"0":2,"1":2,"2":2,"3":1,"4":1,"5":1},"f":{"0":2,"1":1},"b":{},"_coverageSchema":"1a1c01bbd47fc00a2c39e90264f33305004495a9","hash":"065ed2b3b58336b954bc86fd39cf3b4a4834f5a2"}
,"/home/nineleaps/medicine_adherence_frnt/src/redux/sagas/patient/patientSaga.tsx": {"path":"/home/nineleaps/medicine_adherence_frnt/src/redux/sagas/patient/patientSaga.tsx","statementMap":{"0":{"start":{"line":5,"column":20},"end":{"line":5,"column":25}},"1":{"start":{"line":6,"column":2},"end":{"line":11,"column":3}},"2":{"start":{"line":7,"column":21},"end":{"line":7,"column":62}},"3":{"start":{"line":8,"column":4},"end":{"line":8,"column":66}},"4":{"start":{"line":10,"column":4},"end":{"line":10,"column":53}},"5":{"start":{"line":14,"column":2},"end":{"line":14,"column":62}}},"fnMap":{"0":{"name":"patientSaga","decl":{"start":{"line":4,"column":17},"end":{"line":4,"column":28}},"loc":{"start":{"line":4,"column":36},"end":{"line":12,"column":1}},"line":4},"1":{"name":"patientwatcherSaga","decl":{"start":{"line":13,"column":17},"end":{"line":13,"column":35}},"loc":{"start":{"line":13,"column":38},"end":{"line":15,"column":1}},"line":13}},"branchMap":{},"s":{"0":2,"1":2,"2":2,"3":1,"4":1,"5":1},"f":{"0":2,"1":1},"b":{},"_coverageSchema":"1a1c01bbd47fc00a2c39e90264f33305004495a9","hash":"8c16fb4939b7af0bcc51c32e1f12c9fe6a079aed"}
,"/home/nineleaps/medicine_adherence_frnt/src/repositories/var.tsx": {"path":"/home/nineleaps/medicine_adherence_frnt/src/repositories/var.tsx","statementMap":{"0":{"start":{"line":1,"column":21},"end":{"line":1,"column":58}}},"fnMap":{},"branchMap":{},"s":{"0":16},"f":{},"b":{},"_coverageSchema":"1a1c01bbd47fc00a2c39e90264f33305004495a9","hash":"b067d7657d2dbeb30655aad0fae30da8ad4c5e60"}
,"/home/nineleaps/medicine_adherence_frnt/src/repositories/signup/signUp.ts": {"path":"/home/nineleaps/medicine_adherence_frnt/src/repositories/signup/signUp.ts","statementMap":{"0":{"start":{"line":6,"column":26},"end":{"line":40,"column":1}},"1":{"start":{"line":8,"column":30},"end":{"line":8,"column":36}},"2":{"start":{"line":9,"column":19},"end":{"line":9,"column":43}},"3":{"start":{"line":10,"column":4},"end":{"line":10,"column":47}},"4":{"start":{"line":11,"column":4},"end":{"line":11,"column":60}},"5":{"start":{"line":13,"column":21},"end":{"line":22,"column":6}},"6":{"start":{"line":23,"column":4},"end":{"line":23,"column":20}},"7":{"start":{"line":26,"column":30},"end":{"line":26,"column":36}},"8":{"start":{"line":27,"column":19},"end":{"line":27,"column":42}},"9":{"start":{"line":28,"column":21},"end":{"line":37,"column":6}},"10":{"start":{"line":38,"column":4},"end":{"line":38,"column":20}}},"fnMap":{"0":{"name":"(anonymous_0)","decl":{"start":{"line":7,"column":10},"end":{"line":7,"column":11}},"loc":{"start":{"line":7,"column":37},"end":{"line":24,"column":3}},"line":7},"1":{"name":"(anonymous_1)","decl":{"start":{"line":25,"column":13},"end":{"line":25,"column":14}},"loc":{"start":{"line":25,"column":40},"end":{"line":39,"column":3}},"line":25}},"branchMap":{},"s":{"0":1,"1":0,"2":0,"3":0,"4":0,"5":0,"6":0,"7":0,"8":0,"9":0,"10":0},"f":{"0":0,"1":0},"b":{},"_coverageSchema":"1a1c01bbd47fc00a2c39e90264f33305004495a9","hash":"54097e39a84f071262e42e723214db72c54bc71a"}
,"/home/nineleaps/medicine_adherence_frnt/src/screens/OnboardingScreen.tsx": {"path":"/home/nineleaps/medicine_adherence_frnt/src/screens/OnboardingScreen.tsx","statementMap":{"0":{"start":{"line":7,"column":25},"end":{"line":20,"column":1}},"1":{"start":{"line":8,"column":2},"end":{"line":10,"column":10}},"2":{"start":{"line":9,"column":4},"end":{"line":9,"column":34}},"3":{"start":{"line":11,"column":2},"end":{"line":19,"column":4}}},"fnMap":{"0":{"name":"(anonymous_0)","decl":{"start":{"line":7,"column":25},"end":{"line":7,"column":26}},"loc":{"start":{"line":7,"column":43},"end":{"line":20,"column":1}},"line":7},"1":{"name":"(anonymous_1)","decl":{"start":{"line":8,"column":13},"end":{"line":8,"column":14}},"loc":{"start":{"line":8,"column":19},"end":{"line":10,"column":3}},"line":8}},"branchMap":{},"s":{"0":1,"1":1,"2":0,"3":1},"f":{"0":1,"1":0},"b":{},"_coverageSchema":"1a1c01bbd47fc00a2c39e90264f33305004495a9","hash":"5625612dc75dc2983c24cfb9fc0de1afb11bce54"}
,"/home/nineleaps/medicine_adherence_frnt/src/screens/aboutApp.tsx": {"path":"/home/nineleaps/medicine_adherence_frnt/src/screens/aboutApp.tsx","statementMap":{"0":{"start":{"line":5,"column":14},"end":{"line":23,"column":1}},"1":{"start":{"line":6,"column":2},"end":{"line":22,"column":4}}},"fnMap":{"0":{"name":"(anonymous_0)","decl":{"start":{"line":5,"column":14},"end":{"line":5,"column":15}},"loc":{"start":{"line":5,"column":20},"end":{"line":23,"column":1}},"line":5}},"branchMap":{},"s":{"0":1,"1":2},"f":{"0":2},"b":{},"_coverageSchema":"1a1c01bbd47fc00a2c39e90264f33305004495a9","hash":"05a476b70c9f12810e50707d02d8383f38f5efef"}
,"/home/nineleaps/medicine_adherence_frnt/src/screens/settings.tsx": {"path":"/home/nineleaps/medicine_adherence_frnt/src/screens/settings.tsx","statementMap":{"0":{"start":{"line":11,"column":34},"end":{"line":55,"column":1}},"1":{"start":{"line":12,"column":2},"end":{"line":54,"column":4}},"2":{"start":{"line":23,"column":25},"end":{"line":23,"column":47}},"3":{"start":{"line":34,"column":25},"end":{"line":34,"column":53}},"4":{"start":{"line":41,"column":12},"end":{"line":49,"column":30}},"5":{"start":{"line":42,"column":14},"end":{"line":48,"column":17}}},"fnMap":{"0":{"name":"(anonymous_0)","decl":{"start":{"line":11,"column":34},"end":{"line":11,"column":35}},"loc":{"start":{"line":11,"column":59},"end":{"line":55,"column":1}},"line":11},"1":{"name":"(anonymous_1)","decl":{"start":{"line":23,"column":19},"end":{"line":23,"column":20}},"loc":{"start":{"line":23,"column":25},"end":{"line":23,"column":47}},"line":23},"2":{"name":"(anonymous_2)","decl":{"start":{"line":34,"column":19},"end":{"line":34,"column":20}},"loc":{"start":{"line":34,"column":25},"end":{"line":34,"column":53}},"line":34},"3":{"name":"(anonymous_3)","decl":{"start":{"line":40,"column":19},"end":{"line":40,"column":20}},"loc":{"start":{"line":40,"column":31},"end":{"line":50,"column":11}},"line":40}},"branchMap":{},"s":{"0":1,"1":1,"2":0,"3":0,"4":0,"5":0},"f":{"0":1,"1":0,"2":0,"3":0},"b":{},"_coverageSchema":"1a1c01bbd47fc00a2c39e90264f33305004495a9","hash":"12281356b94bcc8baf6c9c1060515414b64a3d74"}
,"/home/nineleaps/medicine_adherence_frnt/src/screens/adherence/adherenceStyles/todayPerformanceStyles.tsx": {"path":"/home/nineleaps/medicine_adherence_frnt/src/screens/adherence/adherenceStyles/todayPerformanceStyles.tsx","statementMap":{"0":{"start":{"line":3,"column":14},"end":{"line":21,"column":2}}},"fnMap":{},"branchMap":{},"s":{"0":1},"f":{},"b":{},"_coverageSchema":"1a1c01bbd47fc00a2c39e90264f33305004495a9","hash":"795a1fabfb95b2489f62404a40a4f1a079ac5059"}
,"/home/nineleaps/medicine_adherence_frnt/src/screens/adherence/components/todayPerformance.tsx": {"path":"/home/nineleaps/medicine_adherence_frnt/src/screens/adherence/components/todayPerformance.tsx","statementMap":{"0":{"start":{"line":4,"column":12},"end":{"line":4,"column":62}},"1":{"start":{"line":9,"column":9},"end":{"line":9,"column":10}},"2":{"start":{"line":11,"column":25},"end":{"line":152,"column":1}},"3":{"start":{"line":12,"column":13},"end":{"line":15,"column":4}},"4":{"start":{"line":17,"column":20},"end":{"line":17,"column":32}},"5":{"start":{"line":18,"column":29},"end":{"line":18,"column":41}},"6":{"start":{"line":20,"column":22},"end":{"line":59,"column":3}},"7":{"start":{"line":21,"column":18},"end":{"line":21,"column":39}},"8":{"start":{"line":23,"column":4},"end":{"line":25,"column":5}},"9":{"start":{"line":24,"column":6},"end":{"line":24,"column":31}},"10":{"start":{"line":26,"column":21},"end":{"line":26,"column":23}},"11":{"start":{"line":27,"column":14},"end":{"line":27,"column":28}},"12":{"start":{"line":28,"column":4},"end":{"line":34,"column":5}},"13":{"start":{"line":28,"column":17},"end":{"line":28,"column":18}},"14":{"start":{"line":29,"column":6},"end":{"line":33,"column":7}},"15":{"start":{"line":30,"column":8},"end":{"line":30,"column":33}},"16":{"start":{"line":32,"column":8},"end":{"line":32,"column":39}},"17":{"start":{"line":35,"column":20},"end":{"line":35,"column":30}},"18":{"start":{"line":37,"column":6},"end":{"line":41,"column":29}},"19":{"start":{"line":42,"column":4},"end":{"line":42,"column":12}},"20":{"start":{"line":43,"column":4},"end":{"line":58,"column":7}},"21":{"start":{"line":44,"column":6},"end":{"line":47,"column":8}},"22":{"start":{"line":49,"column":6},"end":{"line":52,"column":8}},"23":{"start":{"line":53,"column":6},"end":{"line":57,"column":9}},"24":{"start":{"line":61,"column":2},"end":{"line":125,"column":9}},"25":{"start":{"line":62,"column":4},"end":{"line":124,"column":7}},"26":{"start":{"line":63,"column":6},"end":{"line":66,"column":8}},"27":{"start":{"line":67,"column":6},"end":{"line":123,"column":8}},"28":{"start":{"line":71,"column":10},"end":{"line":71,"column":46}},"29":{"start":{"line":72,"column":20},"end":{"line":72,"column":52}},"30":{"start":{"line":73,"column":20},"end":{"line":73,"column":32}},"31":{"start":{"line":74,"column":22},"end":{"line":74,"column":57}},"32":{"start":{"line":75,"column":26},"end":{"line":75,"column":36}},"33":{"start":{"line":77,"column":12},"end":{"line":81,"column":35}},"34":{"start":{"line":82,"column":10},"end":{"line":121,"column":11}},"35":{"start":{"line":83,"column":12},"end":{"line":86,"column":14}},"36":{"start":{"line":87,"column":12},"end":{"line":118,"column":14}},"37":{"start":{"line":91,"column":16},"end":{"line":116,"column":17}},"38":{"start":{"line":92,"column":30},"end":{"line":92,"column":77}},"39":{"start":{"line":94,"column":18},"end":{"line":97,"column":20}},"40":{"start":{"line":99,"column":18},"end":{"line":99,"column":60}},"41":{"start":{"line":101,"column":18},"end":{"line":107,"column":20}},"42":{"start":{"line":105,"column":22},"end":{"line":105,"column":69}},"43":{"start":{"line":109,"column":18},"end":{"line":115,"column":20}},"44":{"start":{"line":113,"column":22},"end":{"line":113,"column":69}},"45":{"start":{"line":120,"column":12},"end":{"line":120,"column":26}},"46":{"start":{"line":127,"column":2},"end":{"line":151,"column":4}},"47":{"start":{"line":145,"column":14},"end":{"line":145,"column":67}}},"fnMap":{"0":{"name":"(anonymous_0)","decl":{"start":{"line":11,"column":25},"end":{"line":11,"column":26}},"loc":{"start":{"line":11,"column":38},"end":{"line":152,"column":1}},"line":11},"1":{"name":"(anonymous_1)","decl":{"start":{"line":20,"column":22},"end":{"line":20,"column":23}},"loc":{"start":{"line":20,"column":43},"end":{"line":59,"column":3}},"line":20},"2":{"name":"(anonymous_2)","decl":{"start":{"line":43,"column":25},"end":{"line":43,"column":26}},"loc":{"start":{"line":43,"column":47},"end":{"line":58,"column":5}},"line":43},"3":{"name":"(anonymous_3)","decl":{"start":{"line":61,"column":18},"end":{"line":61,"column":19}},"loc":{"start":{"line":61,"column":24},"end":{"line":125,"column":3}},"line":61},"4":{"name":"(anonymous_4)","decl":{"start":{"line":62,"column":19},"end":{"line":62,"column":20}},"loc":{"start":{"line":62,"column":40},"end":{"line":124,"column":5}},"line":62},"5":{"name":"(anonymous_5)","decl":{"start":{"line":70,"column":8},"end":{"line":70,"column":9}},"loc":{"start":{"line":70,"column":28},"end":{"line":122,"column":9}},"line":70},"6":{"name":"(anonymous_6)","decl":{"start":{"line":90,"column":14},"end":{"line":90,"column":15}},"loc":{"start":{"line":90,"column":30},"end":{"line":117,"column":15}},"line":90},"7":{"name":"(anonymous_7)","decl":{"start":{"line":104,"column":20},"end":{"line":104,"column":21}},"loc":{"start":{"line":104,"column":37},"end":{"line":106,"column":21}},"line":104},"8":{"name":"(anonymous_8)","decl":{"start":{"line":112,"column":20},"end":{"line":112,"column":21}},"loc":{"start":{"line":112,"column":37},"end":{"line":114,"column":21}},"line":112},"9":{"name":"(anonymous_9)","decl":{"start":{"line":144,"column":24},"end":{"line":144,"column":25}},"loc":{"start":{"line":144,"column":36},"end":{"line":146,"column":13}},"line":144}},"branchMap":{"0":{"loc":{"start":{"line":23,"column":4},"end":{"line":25,"column":5}},"type":"if","locations":[{"start":{"line":23,"column":4},"end":{"line":25,"column":5}},{"start":{},"end":{}}],"line":23},"1":{"loc":{"start":{"line":29,"column":6},"end":{"line":33,"column":7}},"type":"if","locations":[{"start":{"line":29,"column":6},"end":{"line":33,"column":7}},{"start":{"line":31,"column":13},"end":{"line":33,"column":7}}],"line":29},"2":{"loc":{"start":{"line":82,"column":10},"end":{"line":121,"column":11}},"type":"if","locations":[{"start":{"line":82,"column":10},"end":{"line":121,"column":11}},{"start":{"line":119,"column":17},"end":{"line":121,"column":11}}],"line":82},"3":{"loc":{"start":{"line":82,"column":14},"end":{"line":82,"column":70}},"type":"binary-expr","locations":[{"start":{"line":82,"column":14},"end":{"line":82,"column":48}},{"start":{"line":82,"column":52},"end":{"line":82,"column":70}}],"line":82},"4":{"loc":{"start":{"line":91,"column":16},"end":{"line":116,"column":17}},"type":"if","locations":[{"start":{"line":91,"column":16},"end":{"line":116,"column":17}},{"start":{"line":108,"column":23},"end":{"line":116,"column":17}}],"line":91},"5":{"loc":{"start":{"line":133,"column":7},"end":{"line":149,"column":7}},"type":"cond-expr","locations":[{"start":{"line":134,"column":8},"end":{"line":139,"column":15}},{"start":{"line":141,"column":8},"end":{"line":148,"column":15}}],"line":133},"6":{"loc":{"start":{"line":133,"column":7},"end":{"line":133,"column":54}},"type":"binary-expr","locations":[{"start":{"line":133,"column":7},"end":{"line":133,"column":27}},{"start":{"line":133,"column":31},"end":{"line":133,"column":54}}],"line":133}},"s":{"0":1,"1":1,"2":1,"3":0,"4":0,"5":0,"6":0,"7":0,"8":0,"9":0,"10":0,"11":0,"12":0,"13":0,"14":0,"15":0,"16":0,"17":0,"18":0,"19":0,"20":0,"21":0,"22":0,"23":0,"24":0,"25":0,"26":0,"27":0,"28":0,"29":0,"30":0,"31":0,"32":0,"33":0,"34":0,"35":0,"36":0,"37":0,"38":0,"39":0,"40":0,"41":0,"42":0,"43":0,"44":0,"45":0,"46":0,"47":0},"f":{"0":0,"1":0,"2":0,"3":0,"4":0,"5":0,"6":0,"7":0,"8":0,"9":0},"b":{"0":[0,0],"1":[0,0],"2":[0,0],"3":[0,0],"4":[0,0],"5":[0,0],"6":[0,0]},"_coverageSchema":"1a1c01bbd47fc00a2c39e90264f33305004495a9","hash":"c713b67339a4e4d30d7b497e2745ce2a28208f23"}
,"/home/nineleaps/medicine_adherence_frnt/src/screens/screenStyles/aboutAppStyles.tsx": {"path":"/home/nineleaps/medicine_adherence_frnt/src/screens/screenStyles/aboutAppStyles.tsx","statementMap":{"0":{"start":{"line":4,"column":17},"end":{"line":4,"column":41}},"1":{"start":{"line":5,"column":16},"end":{"line":5,"column":40}},"2":{"start":{"line":6,"column":20},"end":{"line":6,"column":33}},"3":{"start":{"line":7,"column":19},"end":{"line":7,"column":28}},"4":{"start":{"line":10,"column":15},"end":{"line":32,"column":4}}},"fnMap":{},"branchMap":{},"s":{"0":1,"1":1,"2":1,"3":1,"4":1},"f":{},"b":{},"_coverageSchema":"1a1c01bbd47fc00a2c39e90264f33305004495a9","hash":"0bc401929a4e82d4e78201a4c19358976fad2040"}
,"/home/nineleaps/medicine_adherence_frnt/src/screens/screenStyles/onBoardingStyes.tsx": {"path":"/home/nineleaps/medicine_adherence_frnt/src/screens/screenStyles/onBoardingStyes.tsx","statementMap":{"0":{"start":{"line":3,"column":14},"end":{"line":11,"column":2}}},"fnMap":{},"branchMap":{},"s":{"0":1},"f":{},"b":{},"_coverageSchema":"1a1c01bbd47fc00a2c39e90264f33305004495a9","hash":"39afd537c4b56ff977d928ad229b37bd3bc922b8"}
,"/home/nineleaps/medicine_adherence_frnt/src/screens/screenStyles/settingStyles.tsx": {"path":"/home/nineleaps/medicine_adherence_frnt/src/screens/screenStyles/settingStyles.tsx","statementMap":{"0":{"start":{"line":3,"column":15},"end":{"line":8,"column":2}}},"fnMap":{},"branchMap":{},"s":{"0":1},"f":{},"b":{},"_coverageSchema":"1a1c01bbd47fc00a2c39e90264f33305004495a9","hash":"8bb8ab39f8a3f03511faf98bab966b7bd4f0e00f"}
}
