TN:
SF:assests/Medstick_1.png
FNF:0
FNH:0
DA:1,2
LF:1
LH:1
BRF:0
BRH:0
end_of_record
TN:
SF:src/logger.tsx
FN:3,loggerInfo
FN:6,loggerDebug
FN:9,loggerError
FN:12,loggerWarn
FNF:4
FNH:2
FNDA:3,loggerInfo
FNDA:0,loggerDebug
FNDA:3,loggerError
FNDA:0,loggerWarn
DA:2,2
DA:4,3
DA:7,0
DA:10,3
DA:13,0
DA:15,2
LF:6
LH:4
BRF:0
BRH:0
end_of_record
TN:
SF:src/components/organisms/medicineTime.tsx
FN:6,(anonymous_0)
FN:24,(anonymous_1)
FNF:2
FNH:0
FNDA:0,(anonymous_0)
FNDA:0,(anonymous_1)
DA:6,1
DA:7,0
DA:8,0
DA:9,0
DA:11,0
DA:25,0
DA:26,0
DA:27,0
LF:8
LH:1
BRDA:12,0,0,0
BRDA:12,0,1,0
BRDA:30,1,0,0
BRDA:30,1,1,0
BRF:4
BRH:0
end_of_record
TN:
SF:src/constants/apiurl.ts
FNF:0
FNH:0
DA:3,16
LF:1
LH:1
BRF:0
BRH:0
end_of_record
TN:
SF:src/redux/actions/getImagesActions.tsx
FN:3,getImageRequest
FN:10,getImageSuccess
FN:16,getImageFailure
FNF:3
FNH:3
FNDA:1,getImageRequest
FNDA:1,getImageSuccess
FNDA:1,getImageFailure
DA:4,1
DA:11,1
DA:17,1
DA:22,1
LF:4
LH:4
BRF:0
BRH:0
end_of_record
TN:
SF:src/redux/actions/getUserbyIdActions.tsx
FN:3,getUserbyIdRequest
FN:10,getUserbyidSuccess
FN:16,getUserbyudFailure
FNF:3
FNH:3
FNDA:1,getUserbyIdRequest
FNDA:1,getUserbyidSuccess
FNDA:1,getUserbyudFailure
DA:4,1
DA:11,1
DA:17,1
DA:22,1
LF:4
LH:4
BRF:0
BRH:0
end_of_record
TN:
SF:src/redux/actions/myPatientsActions.tsx
FN:3,fetchPatients
FN:9,fetchPatientsuccess
FN:16,fetchPatienterror
FNF:3
FNH:3
FNDA:1,fetchPatients
FNDA:1,fetchPatientsuccess
FNDA:1,fetchPatienterror
DA:4,1
DA:10,1
DA:11,1
DA:17,1
DA:18,1
DA:23,1
LF:6
LH:6
BRF:0
BRH:0
end_of_record
TN:
SF:src/redux/actions/patientRequestActions.tsx
FN:3,fetchpatientrequests
FN:9,fetchpatientsuccess
FN:16,fetchpatienterror
FNF:3
FNH:3
FNDA:1,fetchpatientrequests
FNDA:1,fetchpatientsuccess
FNDA:1,fetchpatienterror
DA:4,1
DA:10,1
DA:11,1
DA:17,1
DA:18,1
DA:23,1
LF:6
LH:6
BRF:0
BRH:0
end_of_record
TN:
SF:src/redux/actions/postSaveUserActions.tsx
FN:21,postSaveUserDetails
FN:27,postSaveUserDetailssuccess
FN:34,postSaveUserDetailserror
FNF:3
FNH:3
FNDA:1,postSaveUserDetails
FNDA:1,postSaveUserDetailssuccess
FNDA:1,postSaveUserDetailserror
DA:4,1
DA:19,1
DA:22,1
DA:28,1
DA:29,1
DA:35,1
DA:36,1
DA:41,1
LF:8
LH:8
BRF:0
BRH:0
end_of_record
TN:
SF:src/redux/actions/adherence/allTypes.tsx
FNF:0
FNH:0
DA:1,59
LF:1
LH:1
BRF:0
BRH:0
end_of_record
TN:
SF:src/redux/actions/adherence/getMedicineHistoryActions.tsx
FN:21,getMedicineHistoryRequest
FN:27,getMedicineHistoryRequestSuccess
FN:34,getMedicineHistoryRequestFailure
FNF:3
FNH:3
FNDA:1,getMedicineHistoryRequest
FNDA:3,getMedicineHistoryRequestSuccess
FNDA:3,getMedicineHistoryRequestFailure
DA:4,2
DA:19,2
DA:22,1
DA:28,3
DA:29,3
DA:35,3
DA:36,3
DA:41,2
LF:8
LH:8
BRF:0
BRH:0
end_of_record
TN:
SF:src/redux/actions/adherence/getPdfActions.tsx
FN:3,getPdfRequest
FN:10,getPdfSuccess
FN:16,getPdfFailure
FNF:3
FNH:3
FNDA:1,getPdfRequest
FNDA:3,getPdfSuccess
FNDA:3,getPdfFailure
DA:4,1
DA:11,3
DA:17,3
DA:22,2
LF:4
LH:4
BRF:0
BRH:0
end_of_record
TN:
SF:src/redux/actions/adherence/medImagesActions.tsx
FN:23,fetchMedImages
FN:29,fetchMedImagesSuccess
FN:36,fetchMedImagesError
FNF:3
FNH:3
FNDA:1,fetchMedImages
FNDA:3,fetchMedImagesSuccess
FNDA:3,fetchMedImagesError
DA:4,2
DA:21,2
DA:24,1
DA:30,3
DA:31,3
DA:37,3
DA:38,3
DA:44,2
LF:8
LH:8
BRF:0
BRH:0
end_of_record
TN:
SF:src/redux/actions/adherence/syncDataActions.tsx
FN:21,postSyncData
FN:27,postSyncDatasuccess
FN:34,postSyncDataerror
FNF:3
FNH:3
FNDA:1,postSyncData
FNDA:3,postSyncDatasuccess
FNDA:3,postSyncDataerror
DA:4,2
DA:19,2
DA:22,1
DA:28,3
DA:29,3
DA:35,3
DA:36,3
DA:41,2
LF:8
LH:8
BRF:0
BRH:0
end_of_record
TN:
SF:src/redux/actions/adherence/syncHistoryActions.tsx
FN:20,putSyncHistory
FN:26,putSyncHistorysuccess
FN:33,putSyncHistoryerror
FNF:3
FNH:3
FNDA:1,putSyncHistory
FNDA:3,putSyncHistorysuccess
FNDA:3,putSyncHistoryerror
DA:4,2
DA:19,2
DA:21,1
DA:27,3
DA:28,3
DA:34,3
DA:35,3
DA:40,2
LF:8
LH:8
BRF:0
BRH:0
end_of_record
TN:
SF:src/redux/actions/caretaker/caretakerActions.tsx
FN:21,fetchCaretakers
FN:27,fetchCaretakerssuccess
FN:34,fetchCaretakerserror
FNF:3
FNH:3
FNDA:1,fetchCaretakers
FNDA:3,fetchCaretakerssuccess
FNDA:3,fetchCaretakerserror
DA:4,2
DA:19,2
DA:22,1
DA:28,3
DA:29,3
DA:35,3
DA:36,3
DA:41,2
LF:8
LH:8
BRF:0
BRH:0
end_of_record
TN:
SF:src/redux/actions/caretaker/emailCaretakerActions.tsx
FN:22,sendEmail
FN:28,sendEmailSuccess
FN:35,sendEmailFailed
FNF:3
FNH:3
FNDA:1,sendEmail
FNDA:3,sendEmailSuccess
FNDA:3,sendEmailFailed
DA:4,2
DA:21,2
DA:23,1
DA:30,3
DA:37,3
DA:43,2
LF:6
LH:6
BRF:0
BRH:0
end_of_record
TN:
SF:src/redux/actions/caretaker/reqCaretakerActions.tsx
FN:21,sendReqCaretaker
FN:27,sendReqCaretakerSuccess
FN:34,sendReqCaretakerFailed
FNF:3
FNH:3
FNDA:1,sendReqCaretaker
FNDA:3,sendReqCaretakerSuccess
FNDA:3,sendReqCaretakerFailed
DA:3,2
DA:20,2
DA:22,1
DA:28,3
DA:29,3
DA:35,3
DA:36,3
DA:42,2
LF:8
LH:8
BRF:0
BRH:0
end_of_record
TN:
SF:src/redux/actions/caretaker/sendImagesAction.tsx
FN:2,sendImageRequest
FN:9,sendImageSuccess
FN:16,sendImageFailure
FNF:3
FNH:3
FNDA:1,sendImageRequest
FNDA:3,sendImageSuccess
FNDA:3,sendImageFailure
DA:3,1
DA:11,3
DA:17,3
DA:18,3
DA:23,2
LF:5
LH:5
BRF:0
BRH:0
end_of_record
TN:
SF:src/redux/actions/login/loginActions.tsx
FN:6,sendLoginRequest
FN:12,LoginSuccess
FN:18,LoginFailure
FNF:3
FNH:3
FNDA:1,sendLoginRequest
FNDA:3,LoginSuccess
FNDA:3,LoginFailure
DA:7,1
DA:13,3
DA:19,3
DA:20,3
DA:25,2
LF:5
LH:5
BRF:0
BRH:0
end_of_record
TN:
SF:src/redux/actions/patient/acceptRequestActions.tsx
FN:4,fetchAcceptRequest
FN:10,fetchAcceptRequestSuccess
FN:17,fetchAcceptRequestError
FNF:3
FNH:3
FNDA:1,fetchAcceptRequest
FNDA:3,fetchAcceptRequestSuccess
FNDA:3,fetchAcceptRequestError
DA:5,1
DA:11,3
DA:12,3
DA:18,3
DA:19,3
DA:24,2
LF:6
LH:6
BRF:0
BRH:0
end_of_record
TN:
SF:src/redux/actions/patient/deletePatientRequestActions.tsx
FN:3,deletePatientRequest
FN:9,deletePatientRequestSuccess
FN:16,deletePatientRequestFailure
FNF:3
FNH:3
FNDA:1,deletePatientRequest
FNDA:3,deletePatientRequestSuccess
FNDA:3,deletePatientRequestFailure
DA:4,1
DA:10,3
DA:11,3
DA:17,3
DA:18,3
DA:23,2
LF:6
LH:6
BRF:0
BRH:0
end_of_record
TN:
SF:src/redux/actions/patient/getPatientRequestActions.tsx
FN:3,getPatientRequest
FN:9,getPatientRequestSuccess
FN:16,getPatientRequestFailure
FNF:3
FNH:3
FNDA:1,getPatientRequest
FNDA:3,getPatientRequestSuccess
FNDA:3,getPatientRequestFailure
DA:4,1
DA:10,3
DA:11,3
DA:17,3
DA:18,3
DA:23,2
LF:6
LH:6
BRF:0
BRH:0
end_of_record
TN:
SF:src/redux/actions/patient/notifyPatientActions.tsx
FN:3,notifyPatients
FN:9,notifyPatientsSuccess
FN:15,notifyPatientsError
FNF:3
FNH:3
FNDA:1,notifyPatients
FNDA:3,notifyPatientsSuccess
FNDA:3,notifyPatientsError
DA:4,1
DA:10,3
DA:16,3
DA:22,2
LF:4
LH:4
BRF:0
BRH:0
end_of_record
TN:
SF:src/redux/actions/patient/patientActions.tsx
FN:3,fetchPatients
FN:9,fetchPatientSuccess
FN:15,fetchPatientError
FNF:3
FNH:3
FNDA:1,fetchPatients
FNDA:3,fetchPatientSuccess
FNDA:3,fetchPatientError
DA:4,1
DA:10,3
DA:16,3
DA:22,2
LF:4
LH:4
BRF:0
BRH:0
end_of_record
TN:
SF:src/redux/actions/patient/patientProfileActions.tsx
FN:2,fetchPatientDetails
FN:8,fetchPatientDetailsSuccess
FN:14,fetchPatientDetailsError
FNF:3
FNH:3
FNDA:1,fetchPatientDetails
FNDA:3,fetchPatientDetailsSuccess
FNDA:3,fetchPatientDetailsError
DA:3,1
DA:9,3
DA:15,3
DA:21,2
LF:4
LH:4
BRF:0
BRH:0
end_of_record
TN:
SF:src/redux/actions/profile/patientProfileActions.tsx
FN:3,fetchpatientProfile
FN:9,fetchpatientProfilesuccess
FN:16,fetchpatientProfilerror
FNF:3
FNH:3
FNDA:1,fetchpatientProfile
FNDA:1,fetchpatientProfilesuccess
FNDA:1,fetchpatientProfilerror
DA:4,1
DA:10,1
DA:11,1
DA:17,1
DA:18,1
DA:23,1
LF:6
LH:6
BRF:0
BRH:0
end_of_record
TN:
SF:src/redux/actions/signup/signupActions.tsx
FN:24,sendSignupRequest
FN:30,SignupSuccess
FN:37,SignupFailure
FNF:3
FNH:3
FNDA:1,sendSignupRequest
FNDA:1,SignupSuccess
FNDA:1,SignupFailure
DA:7,1
DA:22,1
DA:25,1
DA:31,1
DA:32,1
DA:38,1
DA:39,1
DA:45,1
LF:8
LH:8
BRF:0
BRH:0
end_of_record
TN:
SF:src/redux/apis/acceptRequest.tsx
FN:4,fetchpatientreqaccept
FNF:1
FNH:0
FNDA:0,fetchpatientreqaccept
DA:3,1
DA:5,0
DA:6,0
LF:3
LH:1
BRF:0
BRH:0
end_of_record
TN:
SF:src/redux/apis/adherence.tsx
FN:11,(anonymous_0)
FN:22,fetchmedimages
FN:26,downloadPdf
FN:30,syncMeds
FN:34,getMedHistory
FNF:5
FNH:0
FNDA:0,(anonymous_0)
FNDA:0,fetchmedimages
FNDA:0,downloadPdf
FNDA:0,syncMeds
FNDA:0,getMedHistory
DA:10,1
DA:12,0
DA:13,0
DA:20,0
DA:23,0
DA:24,0
DA:27,0
DA:28,0
DA:31,0
DA:32,0
DA:35,0
DA:36,0
LF:12
LH:1
BRF:0
BRH:0
end_of_record
TN:
SF:src/redux/apis/axiosDeclaration.tsx
FNF:0
FNH:0
DA:4,14
LF:1
LH:1
BRF:0
BRH:0
end_of_record
TN:
SF:src/redux/apis/careTaker.tsx
FN:4,name
FN:10,reqcaretaker
FN:14,sendimages
FNF:3
FNH:0
FNDA:0,name
FNDA:0,reqcaretaker
FNDA:0,sendimages
DA:3,2
DA:5,0
DA:8,0
DA:11,0
DA:12,0
DA:15,0
DA:18,0
LF:7
LH:1
BRF:0
BRH:0
end_of_record
TN:
SF:src/redux/apis/deleteRequest.tsx
FN:5,fetchpatientreqdelete
FNF:1
FNH:0
FNDA:0,fetchpatientreqdelete
DA:3,1
DA:6,0
DA:7,0
LF:3
LH:1
BRF:0
BRH:0
end_of_record
TN:
SF:src/redux/apis/getCaretaker.tsx
FN:4,name
FN:10,fetchcaretaker
FN:16,reqcaretaker
FN:20,sendimages
FNF:4
FNH:0
FNDA:0,name
FNDA:0,fetchcaretaker
FNDA:0,reqcaretaker
FNDA:0,sendimages
DA:3,1
DA:5,0
DA:8,0
DA:11,0
DA:14,0
DA:17,0
DA:18,0
DA:21,0
DA:24,0
LF:9
LH:1
BRF:0
BRH:0
end_of_record
TN:
SF:src/redux/apis/getMediceneHistory.tsx
FN:11,getMedHistory
FNF:1
FNH:0
FNDA:0,getMedHistory
DA:10,1
DA:12,0
DA:13,0
LF:3
LH:1
BRF:0
BRH:0
end_of_record
TN:
SF:src/redux/apis/getPdfRequest.tsx
FN:11,(anonymous_0)
FN:22,downloadPdf
FNF:2
FNH:0
FNDA:0,(anonymous_0)
FNDA:0,downloadPdf
DA:10,1
DA:12,0
DA:13,0
DA:20,0
DA:23,0
DA:24,0
LF:6
LH:1
BRF:0
BRH:0
end_of_record
TN:
SF:src/redux/apis/patient.tsx
FN:4,fetchPatient
FN:8,fetchpatientdetail
FN:12,fetchpatientreq
FN:16,notifypatient
FNF:4
FNH:0
FNDA:0,fetchPatient
FNDA:0,fetchpatientdetail
FNDA:0,fetchpatientreq
FNDA:0,notifypatient
DA:3,3
DA:5,0
DA:6,0
DA:9,0
DA:10,0
DA:13,0
DA:14,0
DA:17,0
DA:18,0
LF:9
LH:1
BRF:0
BRH:0
end_of_record
TN:
SF:src/redux/apis/patientRequest.tsx
FN:4,fetchpatientreq
FNF:1
FNH:0
FNDA:0,fetchpatientreq
DA:3,1
DA:5,0
DA:6,0
LF:3
LH:1
BRF:0
BRH:0
end_of_record
TN:
SF:src/redux/apis/sendImages.tsx
FN:4,name
FN:10,fetchcaretaker
FN:16,reqcaretaker
FN:20,sendimages
FNF:4
FNH:0
FNDA:0,name
FNDA:0,fetchcaretaker
FNDA:0,reqcaretaker
FNDA:0,sendimages
DA:3,1
DA:5,0
DA:8,0
DA:11,0
DA:14,0
DA:17,0
DA:18,0
DA:21,0
DA:24,0
LF:9
LH:1
BRF:0
BRH:0
end_of_record
TN:
SF:src/redux/apis/syncData.tsx
FN:12,syncMeds
FNF:1
FNH:0
FNDA:0,syncMeds
DA:10,1
DA:13,0
DA:14,0
LF:3
LH:1
BRF:0
BRH:0
end_of_record
TN:
SF:src/redux/apis/syncHistory.tsx
FN:11,(anonymous_0)
FNF:1
FNH:0
FNDA:0,(anonymous_0)
DA:10,1
DA:12,0
DA:13,0
DA:20,0
LF:4
LH:1
BRF:0
BRH:0
end_of_record
TN:
SF:src/redux/reducers/getImagesReducer.tsx
FN:8,(anonymous_0)
FNF:1
FNH:1
FNDA:4,(anonymous_0)
DA:3,1
DA:8,1
DA:9,4
DA:11,1
DA:13,1
DA:15,1
DA:17,1
LF:7
LH:7
BRDA:8,0,0,1
BRDA:9,1,0,1
BRDA:9,1,1,1
BRDA:9,1,2,1
BRDA:9,1,3,1
BRF:5
BRH:5
end_of_record
TN:
SF:src/redux/reducers/myPatientsReducer.tsx
FN:8,(anonymous_0)
FNF:1
FNH:1
FNDA:4,(anonymous_0)
DA:3,1
DA:8,1
DA:9,4
DA:11,2
DA:13,0
DA:15,1
DA:17,1
LF:7
LH:6
BRDA:8,0,0,1
BRDA:9,1,0,2
BRDA:9,1,1,0
BRDA:9,1,2,1
BRDA:9,1,3,1
BRF:5
BRH:4
end_of_record
TN:
SF:src/redux/reducers/patientRequestReducer.tsx
FN:9,(anonymous_0)
FNF:1
FNH:1
FNDA:3,(anonymous_0)
DA:3,1
DA:9,1
DA:10,3
DA:12,0
DA:14,0
DA:16,0
DA:18,3
LF:7
LH:4
BRDA:9,0,0,3
BRDA:9,1,0,0
BRDA:10,2,0,0
BRDA:10,2,1,0
BRDA:10,2,2,0
BRDA:10,2,3,3
BRF:6
BRH:2
end_of_record
TN:
SF:src/redux/reducers/adherence/getMediceneHistoryReducer.tsx
FN:8,(anonymous_0)
FNF:1
FNH:1
FNDA:4,(anonymous_0)
DA:3,1
DA:8,1
DA:9,4
DA:11,1
DA:13,1
DA:15,1
DA:17,1
LF:7
LH:7
BRDA:8,0,0,1
BRDA:9,1,0,1
BRDA:9,1,1,1
BRDA:9,1,2,1
BRDA:9,1,3,1
BRF:5
BRH:5
end_of_record
TN:
SF:src/redux/reducers/adherence/getPdfReducer.tsx
FN:8,(anonymous_0)
FNF:1
FNH:1
FNDA:4,(anonymous_0)
DA:3,1
DA:8,1
DA:9,4
DA:11,1
DA:13,1
DA:15,1
DA:17,1
LF:7
LH:7
BRDA:8,0,0,1
BRDA:9,1,0,1
BRDA:9,1,1,1
BRDA:9,1,2,1
BRDA:9,1,3,1
BRF:5
BRH:5
end_of_record
TN:
SF:src/redux/reducers/adherence/medImagesReducer.tsx
FN:7,(anonymous_0)
FNF:1
FNH:1
FNDA:4,(anonymous_0)
DA:2,1
DA:7,1
DA:8,4
DA:10,1
DA:12,1
DA:14,1
DA:16,1
LF:7
LH:7
BRDA:7,0,0,1
BRDA:8,1,0,1
BRDA:8,1,1,1
BRDA:8,1,2,1
BRDA:8,1,3,1
BRF:5
BRH:5
end_of_record
TN:
SF:src/redux/reducers/adherence/syncDataReducer.tsx
FN:8,(anonymous_0)
FNF:1
FNH:1
FNDA:4,(anonymous_0)
DA:3,1
DA:8,1
DA:9,4
DA:11,1
DA:13,1
DA:15,1
DA:17,1
LF:7
LH:7
BRDA:8,0,0,1
BRDA:9,1,0,1
BRDA:9,1,1,1
BRDA:9,1,2,1
BRDA:9,1,3,1
BRF:5
BRH:5
end_of_record
TN:
SF:src/redux/reducers/adherence/syncHistoryReducer.tsx
FN:9,(anonymous_0)
FNF:1
FNH:1
FNDA:4,(anonymous_0)
DA:3,1
DA:9,1
DA:10,4
DA:12,1
DA:14,1
DA:16,1
DA:18,1
LF:7
LH:7
BRDA:9,0,0,1
BRDA:10,1,0,1
BRDA:10,1,1,1
BRDA:10,1,2,1
BRDA:10,1,3,1
BRF:5
BRH:5
end_of_record
TN:
SF:src/redux/reducers/caretaker/careTakerReducer.tsx
FN:8,(anonymous_0)
FNF:1
FNH:1
FNDA:4,(anonymous_0)
DA:3,1
DA:8,1
DA:9,4
DA:11,1
DA:13,1
DA:15,1
DA:17,1
LF:7
LH:7
BRDA:8,0,0,1
BRDA:9,1,0,1
BRDA:9,1,1,1
BRDA:9,1,2,1
BRDA:9,1,3,1
BRF:5
BRH:5
end_of_record
TN:
SF:src/redux/reducers/caretaker/emailCaretakerReducer.tsx
FN:7,(anonymous_0)
FNF:1
FNH:1
FNDA:8,(anonymous_0)
DA:2,2
DA:7,2
DA:8,8
DA:10,2
DA:12,2
DA:14,2
DA:16,2
LF:7
LH:7
BRDA:7,0,0,2
BRDA:8,1,0,2
BRDA:8,1,1,2
BRDA:8,1,2,2
BRDA:8,1,3,2
BRF:5
BRH:5
end_of_record
TN:
SF:src/redux/reducers/caretaker/sendImageReducer.tsx
FN:9,(anonymous_0)
FNF:1
FNH:1
FNDA:3,(anonymous_0)
DA:3,1
DA:9,1
DA:10,3
DA:12,0
DA:14,0
DA:16,0
DA:18,3
LF:7
LH:4
BRDA:9,0,0,3
BRDA:10,1,0,0
BRDA:10,1,1,0
BRDA:10,1,2,0
BRDA:10,1,3,3
BRF:5
BRH:2
end_of_record
TN:
SF:src/redux/reducers/login/loginReducer.tsx
FN:8,(anonymous_0)
FNF:1
FNH:1
FNDA:4,(anonymous_0)
DA:3,1
DA:8,1
DA:9,4
DA:11,1
DA:13,1
DA:15,1
DA:17,1
LF:7
LH:7
BRDA:8,0,0,1
BRDA:9,1,0,1
BRDA:9,1,1,1
BRDA:9,1,2,1
BRDA:9,1,3,1
BRF:5
BRH:5
end_of_record
TN:
SF:src/redux/reducers/patient/acceptRequestReducer.tsx
FN:8,(anonymous_0)
FNF:1
FNH:1
FNDA:4,(anonymous_0)
DA:3,1
DA:8,1
DA:9,4
DA:11,1
DA:13,1
DA:15,1
DA:17,1
LF:7
LH:7
BRDA:8,0,0,1
BRDA:9,1,0,1
BRDA:9,1,1,1
BRDA:9,1,2,1
BRDA:9,1,3,1
BRF:5
BRH:5
end_of_record
TN:
SF:src/redux/reducers/patient/deleteRequestReducer.tsx
FN:8,(anonymous_0)
FNF:1
FNH:1
FNDA:4,(anonymous_0)
DA:3,1
DA:8,1
DA:9,4
DA:11,1
DA:13,1
DA:15,1
DA:17,1
LF:7
LH:7
BRDA:8,0,0,1
BRDA:9,1,0,1
BRDA:9,1,1,1
BRDA:9,1,2,1
BRDA:9,1,3,1
BRF:5
BRH:5
end_of_record
TN:
SF:src/redux/reducers/patient/notifyPatientReducer.tsx
FN:7,(anonymous_0)
FNF:1
FNH:1
FNDA:4,(anonymous_0)
DA:2,1
DA:7,1
DA:8,4
DA:10,1
DA:12,1
DA:14,1
DA:16,1
LF:7
LH:7
BRDA:7,0,0,1
BRDA:8,1,0,1
BRDA:8,1,1,1
BRDA:8,1,2,1
BRDA:8,1,3,1
BRF:5
BRH:5
end_of_record
TN:
SF:src/redux/reducers/patient/patientProfileReducer.tsx
FN:7,(anonymous_0)
FNF:1
FNH:1
FNDA:4,(anonymous_0)
DA:2,1
DA:7,1
DA:8,4
DA:10,1
DA:12,1
DA:14,1
DA:16,1
LF:7
LH:7
BRDA:7,0,0,1
BRDA:8,1,0,1
BRDA:8,1,1,1
BRDA:8,1,2,1
BRDA:8,1,3,1
BRF:5
BRH:5
end_of_record
TN:
SF:src/redux/reducers/patient/patientReducer.tsx
FN:7,(anonymous_0)
FNF:1
FNH:1
FNDA:4,(anonymous_0)
DA:2,1
DA:7,1
DA:8,4
DA:10,1
DA:12,1
DA:14,1
DA:16,1
LF:7
LH:7
BRDA:7,0,0,1
BRDA:8,1,0,1
BRDA:8,1,1,1
BRDA:8,1,2,1
BRDA:8,1,3,1
BRF:5
BRH:5
end_of_record
TN:
SF:src/redux/reducers/profile/patientProfileReducer.tsx
FN:9,(anonymous_0)
FNF:1
FNH:1
FNDA:4,(anonymous_0)
DA:3,1
DA:9,1
DA:10,4
DA:12,3
DA:14,0
DA:16,0
DA:18,1
LF:7
LH:5
BRDA:9,0,0,1
BRDA:10,1,0,3
BRDA:10,1,1,0
BRDA:10,1,2,0
BRDA:10,1,3,1
BRF:5
BRH:3
end_of_record
TN:
SF:src/redux/reducers/signup/singupReducer.tsx
FN:7,(anonymous_0)
FNF:1
FNH:1
FNDA:4,(anonymous_0)
DA:2,1
DA:7,1
DA:8,4
DA:10,1
DA:12,1
DA:14,1
DA:16,1
LF:7
LH:7
BRDA:7,0,0,1
BRDA:8,1,0,1
BRDA:8,1,1,1
BRDA:8,1,2,1
BRDA:8,1,3,1
BRF:5
BRH:5
end_of_record
TN:
SF:src/redux/sagas/patientRequestSaga.tsx
FN:4,patientReqSaga
FN:13,patientreqwatcherSaga
FNF:2
FNH:2
FNDA:2,patientReqSaga
FNDA:1,patientreqwatcherSaga
DA:5,2
DA:6,2
DA:7,2
DA:8,1
DA:10,1
DA:14,1
LF:6
LH:6
BRF:0
BRH:0
end_of_record
TN:
SF:src/redux/sagas/adherence/getPdfSaga.tsx
FN:4,downloadPdfSaga
FN:13,downloadPdfwatcherSaga
FNF:2
FNH:2
FNDA:2,downloadPdfSaga
FNDA:1,downloadPdfwatcherSaga
DA:5,2
DA:6,2
DA:7,2
DA:8,1
DA:10,1
DA:14,1
LF:6
LH:6
BRF:0
BRH:0
end_of_record
TN:
SF:src/redux/sagas/adherence/medImagesSaga.tsx
FN:4,medImagesSaga
FN:13,medImageswatcherSaga
FNF:2
FNH:2
FNDA:2,medImagesSaga
FNDA:1,medImageswatcherSaga
DA:5,2
DA:6,2
DA:7,2
DA:8,1
DA:10,1
DA:14,1
LF:6
LH:6
BRF:0
BRH:0
end_of_record
TN:
SF:src/redux/sagas/adherence/mediceneHistorySaga.tsx
FN:4,getMedHistorySaga
FN:13,getMedHistorywatcherSaga
FNF:2
FNH:2
FNDA:2,getMedHistorySaga
FNDA:1,getMedHistorywatcherSaga
DA:5,2
DA:6,2
DA:7,2
DA:8,1
DA:10,1
DA:14,1
LF:6
LH:6
BRF:0
BRH:0
end_of_record
TN:
SF:src/redux/sagas/adherence/syncDataSaga.tsx
FN:4,syncMedSaga
FN:13,syncMedwatcherSaga
FNF:2
FNH:2
FNDA:2,syncMedSaga
FNDA:1,syncMedwatcherSaga
DA:5,2
DA:6,2
DA:7,2
DA:8,1
DA:10,1
DA:14,1
LF:6
LH:6
BRF:0
BRH:0
end_of_record
TN:
SF:src/redux/sagas/adherence/syncHistorySaga.tsx
FN:4,syncHistorySaga
FN:13,syncHistorywatcherSaga
FNF:2
FNH:2
FNDA:2,syncHistorySaga
FNDA:1,syncHistorywatcherSaga
DA:5,2
DA:6,2
DA:7,2
DA:8,1
DA:10,1
DA:14,1
LF:6
LH:6
BRF:0
BRH:0
end_of_record
TN:
SF:src/redux/sagas/caretaker/caretakerSaga.tsx
FN:4,caretakerSaga
FN:13,caretakerwatcherSaga
FNF:2
FNH:2
FNDA:2,caretakerSaga
FNDA:1,caretakerwatcherSaga
DA:5,2
DA:6,2
DA:7,2
DA:8,1
DA:10,1
DA:14,1
LF:6
LH:6
BRF:0
BRH:0
end_of_record
TN:
SF:src/redux/sagas/caretaker/emailCaretakerSaga.tsx
FN:5,emailCaretakerSaga
FN:14,emailCaretakerwatcherSaga
FNF:2
FNH:2
FNDA:2,emailCaretakerSaga
FNDA:1,emailCaretakerwatcherSaga
DA:6,2
DA:7,2
DA:8,2
DA:9,1
DA:11,1
DA:15,1
LF:6
LH:6
BRF:0
BRH:0
end_of_record
TN:
SF:src/redux/sagas/caretaker/reqCaretakerSaga.tsx
FN:4,reqCaretakerSaga
FN:13,reqCaretakerwatcherSaga
FNF:2
FNH:2
FNDA:2,reqCaretakerSaga
FNDA:1,reqCaretakerwatcherSaga
DA:5,2
DA:6,2
DA:7,2
DA:8,1
DA:10,1
DA:14,1
LF:6
LH:6
BRF:0
BRH:0
end_of_record
TN:
SF:src/redux/sagas/caretaker/sendImageSaga.tsx
FN:4,sendImageSaga
FN:13,sendImagewatcherSaga
FNF:2
FNH:2
FNDA:2,sendImageSaga
FNDA:1,sendImagewatcherSaga
DA:5,2
DA:6,2
DA:7,2
DA:8,1
DA:10,1
DA:14,1
LF:6
LH:6
BRF:0
BRH:0
end_of_record
TN:
SF:src/redux/sagas/login/loginSaga.tsx
FN:4,loginSaga
FN:13,loginWatcherSaga
FNF:2
FNH:2
FNDA:2,loginSaga
FNDA:1,loginWatcherSaga
DA:5,2
DA:6,2
DA:7,2
DA:8,1
DA:10,1
DA:14,1
LF:6
LH:6
BRF:0
BRH:0
end_of_record
TN:
SF:src/redux/sagas/patient/acceptRequestSaga.tsx
FN:4,reqAcceptSaga
FN:13,reqAcceptwatcherSaga
FNF:2
FNH:2
FNDA:2,reqAcceptSaga
FNDA:1,reqAcceptwatcherSaga
DA:5,2
DA:6,2
DA:7,2
DA:8,1
DA:10,1
DA:14,1
LF:6
LH:6
BRF:0
BRH:0
end_of_record
TN:
SF:src/redux/sagas/patient/deleteRequestSaga.tsx
FN:4,reqDeleteSaga
FN:13,reqDeletewatcherSaga
FNF:2
FNH:2
FNDA:2,reqDeleteSaga
FNDA:1,reqDeletewatcherSaga
DA:5,2
DA:6,2
DA:7,2
DA:8,1
DA:10,1
DA:14,1
LF:6
LH:6
BRF:0
BRH:0
end_of_record
TN:
SF:src/redux/sagas/patient/notifyPatientSaga.tsx
FN:4,notifySaga
FN:13,notifywatcherSaga
FNF:2
FNH:2
FNDA:2,notifySaga
FNDA:1,notifywatcherSaga
DA:5,2
DA:6,2
DA:7,2
DA:8,1
DA:10,1
DA:14,1
LF:6
LH:6
BRF:0
BRH:0
end_of_record
TN:
SF:src/redux/sagas/patient/patientProfileSaga.tsx
FN:4,patientProfileSaga
FN:13,patientProfilewatcherSaga
FNF:2
FNH:2
FNDA:2,patientProfileSaga
FNDA:1,patientProfilewatcherSaga
DA:5,2
DA:6,2
DA:7,2
DA:8,1
DA:10,1
DA:14,1
LF:6
LH:6
BRF:0
BRH:0
end_of_record
TN:
SF:src/redux/sagas/patient/patientSaga.tsx
FN:4,patientSaga
FN:13,patientwatcherSaga
FNF:2
FNH:2
FNDA:2,patientSaga
FNDA:1,patientwatcherSaga
DA:5,2
DA:6,2
DA:7,2
DA:8,1
DA:10,1
DA:14,1
LF:6
LH:6
BRF:0
BRH:0
end_of_record
TN:
SF:src/repositories/var.tsx
FNF:0
FNH:0
DA:1,16
LF:1
LH:1
BRF:0
BRH:0
end_of_record
TN:
SF:src/repositories/signup/signUp.ts
FN:7,(anonymous_0)
FN:25,(anonymous_1)
FNF:2
FNH:0
FNDA:0,(anonymous_0)
FNDA:0,(anonymous_1)
DA:6,1
DA:8,0
DA:9,0
DA:10,0
DA:11,0
DA:13,0
DA:23,0
DA:26,0
DA:27,0
DA:28,0
DA:38,0
LF:11
LH:1
BRF:0
BRH:0
end_of_record
TN:
SF:src/screens/OnboardingScreen.tsx
FN:7,(anonymous_0)
FN:8,(anonymous_1)
FNF:2
FNH:1
FNDA:1,(anonymous_0)
FNDA:0,(anonymous_1)
DA:7,1
DA:8,1
DA:9,0
DA:11,1
LF:4
LH:3
BRF:0
BRH:0
end_of_record
TN:
SF:src/screens/aboutApp.tsx
FN:5,(anonymous_0)
FNF:1
FNH:1
FNDA:2,(anonymous_0)
DA:5,1
DA:6,2
LF:2
LH:2
BRF:0
BRH:0
end_of_record
TN:
SF:src/screens/settings.tsx
FN:11,(anonymous_0)
FN:23,(anonymous_1)
FN:34,(anonymous_2)
FN:40,(anonymous_3)
FNF:4
FNH:1
FNDA:1,(anonymous_0)
FNDA:0,(anonymous_1)
FNDA:0,(anonymous_2)
FNDA:0,(anonymous_3)
DA:11,1
DA:12,1
DA:23,0
DA:34,0
DA:41,0
DA:42,0
LF:6
LH:2
BRF:0
BRH:0
end_of_record
TN:
SF:src/screens/adherence/adherenceStyles/todayPerformanceStyles.tsx
FNF:0
FNH:0
DA:3,1
LF:1
LH:1
BRF:0
BRH:0
end_of_record
TN:
SF:src/screens/adherence/components/todayPerformance.tsx
FN:11,(anonymous_0)
FN:20,(anonymous_1)
FN:43,(anonymous_2)
FN:61,(anonymous_3)
FN:62,(anonymous_4)
FN:70,(anonymous_5)
FN:90,(anonymous_6)
FN:104,(anonymous_7)
FN:112,(anonymous_8)
FN:144,(anonymous_9)
FNF:10
FNH:0
FNDA:0,(anonymous_0)
FNDA:0,(anonymous_1)
FNDA:0,(anonymous_2)
FNDA:0,(anonymous_3)
FNDA:0,(anonymous_4)
FNDA:0,(anonymous_5)
FNDA:0,(anonymous_6)
FNDA:0,(anonymous_7)
FNDA:0,(anonymous_8)
FNDA:0,(anonymous_9)
DA:4,1
DA:9,1
DA:11,1
DA:12,0
DA:17,0
DA:18,0
DA:20,0
DA:21,0
DA:23,0
DA:24,0
DA:26,0
DA:27,0
DA:28,0
DA:29,0
DA:30,0
DA:32,0
DA:35,0
DA:37,0
DA:42,0
DA:43,0
DA:44,0
DA:49,0
DA:53,0
DA:61,0
DA:62,0
DA:63,0
DA:67,0
DA:71,0
DA:72,0
DA:73,0
DA:74,0
DA:75,0
DA:77,0
DA:82,0
DA:83,0
DA:87,0
DA:91,0
DA:92,0
DA:94,0
DA:99,0
DA:101,0
DA:105,0
DA:109,0
DA:113,0
DA:120,0
DA:127,0
DA:145,0
LF:47
LH:3
BRDA:23,0,0,0
BRDA:23,0,1,0
BRDA:29,1,0,0
BRDA:29,1,1,0
BRDA:82,2,0,0
BRDA:82,2,1,0
BRDA:82,3,0,0
BRDA:82,3,1,0
BRDA:91,4,0,0
BRDA:91,4,1,0
BRDA:133,5,0,0
BRDA:133,5,1,0
BRDA:133,6,0,0
BRDA:133,6,1,0
BRF:14
BRH:0
end_of_record
TN:
SF:src/screens/screenStyles/aboutAppStyles.tsx
FNF:0
FNH:0
DA:4,1
DA:5,1
DA:6,1
DA:7,1
DA:10,1
LF:5
LH:5
BRF:0
BRH:0
end_of_record
TN:
SF:src/screens/screenStyles/onBoardingStyes.tsx
FNF:0
FNH:0
DA:3,1
LF:1
LH:1
BRF:0
BRH:0
end_of_record
TN:
SF:src/screens/screenStyles/settingStyles.tsx
FNF:0
FNH:0
DA:3,1
LF:1
LH:1
BRF:0
BRH:0
end_of_record
