TN:
SF:src/redux/actions/allTypes.tsx
FNF:0
FNH:0
DA:1,24
LF:1
LH:1
BRF:0
BRH:0
end_of_record
TN:
SF:src/redux/actions/caretakerActions.tsx
FN:3,fetchCaretakers
FN:9,fetchCaretakerssuccess
FN:16,fetchCaretakerserror
FNF:3
FNH:3
FNDA:1,fetchCaretakers
FNDA:1,fetchCaretakerssuccess
FNDA:1,fetchCaretakerserror
DA:4,1
DA:10,1
DA:11,1
DA:17,1
DA:18,1
DA:23,1
LF:6
LH:6
BRF:0
BRH:0
end_of_record
TN:
SF:src/redux/actions/deletePatientRequestActions.tsx
FN:3,deletePatientRequest
FN:9,deletePatientRequestSuccess
FN:16,deletePatientRequestFailure
FNF:3
FNH:3
FNDA:1,deletePatientRequest
FNDA:1,deletePatientRequestSuccess
FNDA:1,deletePatientRequestFailure
DA:4,1
DA:10,1
DA:11,1
DA:17,1
DA:18,1
DA:23,1
LF:6
LH:6
BRF:0
BRH:0
end_of_record
TN:
SF:src/redux/actions/getImagesActions.tsx
FN:3,getImageRequest
FN:10,getImageSuccess
FN:16,getImageFailure
FNF:3
FNH:3
FNDA:1,getImageRequest
FNDA:1,getImageSuccess
FNDA:1,getImageFailure
DA:4,1
DA:11,1
DA:17,1
DA:22,1
LF:4
LH:4
BRF:0
BRH:0
end_of_record
TN:
SF:src/redux/actions/getMedicineHistoryActions.tsx
FN:3,getMedicineHistoryRequest
FN:9,getMedicineHistoryRequestSuccess
FN:16,getMedicineHistoryRequestFailure
FNF:3
FNH:3
FNDA:1,getMedicineHistoryRequest
FNDA:1,getMedicineHistoryRequestSuccess
FNDA:1,getMedicineHistoryRequestFailure
DA:4,1
DA:10,1
DA:11,1
DA:17,1
DA:18,1
DA:23,1
LF:6
LH:6
BRF:0
BRH:0
end_of_record
TN:
SF:src/redux/actions/getPatientRequestActions.tsx
FN:3,getPatientRequest
FN:9,getPatientRequestSuccess
FN:16,getPatientRequestFailure
FNF:3
FNH:3
FNDA:1,getPatientRequest
FNDA:1,getPatientRequestSuccess
FNDA:1,getPatientRequestFailure
DA:4,1
DA:10,1
DA:11,1
DA:17,1
DA:18,1
DA:23,1
LF:6
LH:6
BRF:0
BRH:0
end_of_record
TN:
SF:src/redux/actions/getPdfActions.tsx
FN:3,getPdfRequest
FN:10,getPdfSuccess
FN:16,getPdfFailure
FNF:3
FNH:3
FNDA:1,getPdfRequest
FNDA:1,getPdfSuccess
FNDA:1,getPdfFailure
DA:4,1
DA:11,1
DA:17,1
DA:22,1
LF:4
LH:4
BRF:0
BRH:0
end_of_record
TN:
SF:src/redux/actions/getUserbyIdActions.tsx
FN:3,getUserbyIdRequest
FN:10,getUserbyidSuccess
FN:16,getUserbyudFailure
FNF:3
FNH:3
FNDA:1,getUserbyIdRequest
FNDA:1,getUserbyidSuccess
FNDA:1,getUserbyudFailure
DA:4,1
DA:11,1
DA:17,1
DA:22,1
LF:4
LH:4
BRF:0
BRH:0
end_of_record
TN:
SF:src/redux/actions/loginActions.tsx
FN:6,sendLoginRequest
FN:12,LoginSuccess
FN:18,LoginFailure
FNF:3
FNH:3
FNDA:1,sendLoginRequest
FNDA:1,LoginSuccess
FNDA:1,LoginFailure
DA:7,1
DA:13,1
DA:19,1
DA:20,1
DA:25,1
LF:5
LH:5
BRF:0
BRH:0
end_of_record
TN:
SF:src/redux/actions/myPatientsActions.tsx
FN:3,fetchPatients
FN:9,fetchPatientsuccess
FN:16,fetchPatienterror
FNF:3
FNH:3
FNDA:1,fetchPatients
FNDA:1,fetchPatientsuccess
FNDA:1,fetchPatienterror
DA:4,1
DA:10,1
DA:11,1
DA:17,1
DA:18,1
DA:23,1
LF:6
LH:6
BRF:0
BRH:0
end_of_record
TN:
SF:src/redux/actions/patientProfileActions.tsx
FN:3,fetchpatientProfile
FN:9,fetchpatientProfilesuccess
FN:16,fetchpatientProfilerror
FNF:3
FNH:3
FNDA:1,fetchpatientProfile
FNDA:1,fetchpatientProfilesuccess
FNDA:1,fetchpatientProfilerror
DA:4,1
DA:10,1
DA:11,1
DA:17,1
DA:18,1
DA:23,1
LF:6
LH:6
BRF:0
BRH:0
end_of_record
TN:
SF:src/redux/actions/patientRequestActions.tsx
FN:3,fetchpatientrequests
FN:9,fetchpatientsuccess
FN:16,fetchpatienterror
FNF:3
FNH:3
FNDA:1,fetchpatientrequests
FNDA:1,fetchpatientsuccess
FNDA:1,fetchpatienterror
DA:4,1
DA:10,1
DA:11,1
DA:17,1
DA:18,1
DA:23,1
LF:6
LH:6
BRF:0
BRH:0
end_of_record
TN:
SF:src/redux/actions/postSaveUserActions.tsx
FN:3,postSaveUserDetails
FN:9,postSaveUserDetailssuccess
FN:16,postSaveUserDetailserror
FNF:3
FNH:3
FNDA:1,postSaveUserDetails
FNDA:1,postSaveUserDetailssuccess
FNDA:1,postSaveUserDetailserror
DA:4,1
DA:10,1
DA:11,1
DA:17,1
DA:18,1
DA:23,1
LF:6
LH:6
BRF:0
BRH:0
end_of_record
TN:
SF:src/redux/actions/sendImagesAction.tsx
FN:2,sendImageRequest
FN:9,sendImageSuccess
FN:16,sendImageFailure
FNF:3
FNH:2
FNDA:0,sendImageRequest
FNDA:1,sendImageSuccess
FNDA:1,sendImageFailure
DA:3,0
DA:11,1
DA:17,1
DA:18,1
DA:23,1
LF:5
LH:4
BRF:0
BRH:0
end_of_record
TN:
SF:src/redux/actions/syncDataActions.tsx
FN:3,postSyncData
FN:9,postSyncDatasuccess
FN:16,postSyncDataerror
FNF:3
FNH:3
FNDA:1,postSyncData
FNDA:1,postSyncDatasuccess
FNDA:1,postSyncDataerror
DA:4,1
DA:10,1
DA:11,1
DA:17,1
DA:18,1
DA:23,1
LF:6
LH:6
BRF:0
BRH:0
end_of_record
TN:
SF:src/redux/actions/syncHistoryActions.tsx
FN:3,putSyncHistory
FN:9,putSyncHistorysuccess
FN:16,putSyncHistoryerror
FNF:3
FNH:3
FNDA:1,putSyncHistory
FNDA:1,putSyncHistorysuccess
FNDA:1,putSyncHistoryerror
DA:4,1
DA:10,1
DA:11,1
DA:17,1
DA:18,1
DA:23,1
LF:6
LH:6
BRF:0
BRH:0
end_of_record
TN:
SF:src/redux/reducers/acceptRequestReducer.tsx
FN:9,(anonymous_0)
FNF:1
FNH:1
FNDA:6,(anonymous_0)
DA:4,2
DA:9,2
DA:10,6
DA:12,1
DA:14,0
DA:16,0
DA:18,5
LF:7
LH:5
BRDA:9,0,0,6
BRDA:10,1,0,1
BRDA:10,1,1,0
BRDA:10,1,2,0
BRDA:10,1,3,5
BRF:5
BRH:3
end_of_record
TN:
SF:src/redux/reducers/getImagesReducer.tsx
FN:9,(anonymous_0)
FNF:1
FNH:1
FNDA:3,(anonymous_0)
DA:4,1
DA:9,1
DA:10,3
DA:12,0
DA:14,0
DA:16,0
DA:18,3
LF:7
LH:4
BRDA:9,0,0,3
BRDA:10,1,0,0
BRDA:10,1,1,0
BRDA:10,1,2,0
BRDA:10,1,3,3
BRF:5
BRH:2
end_of_record
TN:
SF:src/redux/reducers/getPdfReducer.tsx
FN:9,(anonymous_0)
FNF:1
FNH:1
FNDA:3,(anonymous_0)
DA:4,1
DA:9,1
DA:10,3
DA:12,0
DA:14,0
DA:16,0
DA:18,3
LF:7
LH:4
BRDA:9,0,0,3
BRDA:10,1,0,0
BRDA:10,1,1,0
BRDA:10,1,2,0
BRDA:10,1,3,3
BRF:5
BRH:2
end_of_record
TN:
SF:src/redux/reducers/loginReducer.tsx
FN:9,(anonymous_0)
FNF:1
FNH:1
FNDA:3,(anonymous_0)
DA:4,1
DA:9,1
DA:10,3
DA:12,0
DA:14,0
DA:16,0
DA:18,3
LF:7
LH:4
BRDA:9,0,0,3
BRDA:10,1,0,0
BRDA:10,1,1,0
BRDA:10,1,2,0
BRDA:10,1,3,3
BRF:5
BRH:2
end_of_record
TN:
SF:src/redux/reducers/patientProfileReducer.tsx
FN:10,(anonymous_0)
FNF:1
FNH:1
FNDA:3,(anonymous_0)
DA:4,1
DA:10,1
DA:11,3
DA:13,0
DA:15,0
DA:17,0
DA:19,3
LF:7
LH:4
BRDA:10,0,0,3
BRDA:11,1,0,0
BRDA:11,1,1,0
BRDA:11,1,2,0
BRDA:11,1,3,3
BRF:5
BRH:2
end_of_record
TN:
SF:src/redux/reducers/patientRequestReducer.tsx
FN:10,(anonymous_0)
FNF:1
FNH:1
FNDA:3,(anonymous_0)
DA:4,1
DA:10,1
DA:11,3
DA:13,0
DA:15,0
DA:17,0
DA:19,3
LF:7
LH:4
BRDA:10,0,0,3
BRDA:11,1,0,0
BRDA:11,1,1,0
BRDA:11,1,2,0
BRDA:11,1,3,3
BRF:5
BRH:2
end_of_record
TN:
SF:src/redux/reducers/saveUserReducer.tsx
FN:10,(anonymous_0)
FNF:1
FNH:1
FNDA:3,(anonymous_0)
DA:4,1
DA:10,1
DA:11,3
DA:13,0
DA:15,0
DA:17,0
DA:19,3
LF:7
LH:4
BRDA:10,0,0,3
BRDA:11,1,0,0
BRDA:11,1,1,0
BRDA:11,1,2,0
BRDA:11,1,3,3
BRF:5
BRH:2
end_of_record
TN:
SF:src/redux/reducers/sendImageReducer.tsx
FN:11,(anonymous_0)
FNF:1
FNH:1
FNDA:3,(anonymous_0)
DA:5,1
DA:11,1
DA:12,3
DA:14,0
DA:16,0
DA:18,0
DA:20,3
LF:7
LH:4
BRDA:11,0,0,3
BRDA:12,1,0,0
BRDA:12,1,1,0
BRDA:12,1,2,0
BRDA:12,1,3,3
BRF:5
BRH:2
end_of_record
